[2016-02-12 20:14:18][debug] begin notify
[2016-02-12 20:14:18][debug] call back:{"appid":"wx2ce0c9bdcd49a117","openid":"ooNmFxDt1ujUAwTQKPnavGAlJD80","mch_id":"1293014701","is_subscribe":"N","nonce_str":"mviqs2eoEI2FT8Oy","product_id":"123456789","sign":"2D4634CF45408333B07F7DFAD69DC57C"}
[2016-02-12 20:14:23][debug] begin notify
[2016-02-12 20:14:23][debug] call back:{"appid":"wx2ce0c9bdcd49a117","openid":"ooNmFxDt1ujUAwTQKPnavGAlJD80","mch_id":"1293014701","is_subscribe":"N","nonce_str":"yGmaEyuONdypUYWG","product_id":"123456789","sign":"923A8ECD33B93181DACBC71EFF574023"}
[2016-02-12 20:15:24][debug] begin notify
[2016-02-12 20:15:24][debug] call back:{"appid":"wx2ce0c9bdcd49a117","openid":"ooNmFxDt1ujUAwTQKPnavGAlJD80","mch_id":"1293014701","is_subscribe":"N","nonce_str":"yaCMHtSmMefp6jEo","product_id":"123456789","sign":"1285F6B1FF8D4FC2C822D2EFF7C71900"}
[2016-02-12 20:40:35][debug] begin notify
[2016-02-12 20:40:35][debug] call back:{"appid":"wx2ce0c9bdcd49a117","openid":"ooNmFxDt1ujUAwTQKPnavGAlJD80","mch_id":"1293014701","is_subscribe":"N","nonce_str":"y4cw34H6fFOEu4Q5","product_id":"123456789","sign":"CB8DE5B9715B912D609A6738CD303EB1"}
[2016-02-12 21:03:13][debug] begin notify
[2016-02-12 21:03:13][debug] call back:{"appid":"wx2ce0c9bdcd49a117","attach":"test","bank_type":"CFT","cash_fee":"1","fee_type":"CNY","is_subscribe":"N","mch_id":"1293014701","nonce_str":"o25v65lpyc56rz9rn2g69za6m23o17w6","openid":"ooNmFxDt1ujUAwTQKPnavGAlJD80","out_trade_no":"129301470120160212210258","result_code":"SUCCESS","return_code":"SUCCESS","sign":"F874D4DCB22787DF5D92D4932660F064","time_end":"20160212210312","total_fee":"1","trade_type":"NATIVE","transaction_id":"1008960321201602123233543827"}
[2016-02-12 21:03:14][debug] query:{"appid":"wx2ce0c9bdcd49a117","attach":"test","bank_type":"CFT","cash_fee":"1","fee_type":"CNY","is_subscribe":"N","mch_id":"1293014701","nonce_str":"dRR5IKi8Exz5u4PE","openid":"ooNmFxDt1ujUAwTQKPnavGAlJD80","out_trade_no":"129301470120160212210258","result_code":"SUCCESS","return_code":"SUCCESS","return_msg":"OK","sign":"012B71768E6AB43F46ED460FF444C230","time_end":"20160212210312","total_fee":"1","trade_state":"SUCCESS","trade_type":"NATIVE","transaction_id":"1008960321201602123233543827"}
[2016-02-12 21:07:42][debug] begin notify
[2016-02-12 21:07:42][debug] call back:{"appid":"wx2ce0c9bdcd49a117","openid":"ooNmFxDt1ujUAwTQKPnavGAlJD80","mch_id":"1293014701","is_subscribe":"N","nonce_str":"QIHEa1yVFYiIj1zI","product_id":"123456789","sign":"07E19FC57C0BD72DF0E85F7C51EFAFC5"}
[2016-02-12 21:08:02][debug] begin notify
[2016-02-12 21:08:02][debug] call back:{"appid":"wx2ce0c9bdcd49a117","openid":"ooNmFxDt1ujUAwTQKPnavGAlJD80","mch_id":"1293014701","is_subscribe":"N","nonce_str":"agMh4lB7XXqcHkE1","product_id":"123456789","sign":"0CF81076FB5B9C4BDD20D3DEAB8453F0"}
[2016-02-12 21:08:29][debug] begin notify
[2016-02-12 21:08:29][debug] call back:{"appid":"wx2ce0c9bdcd49a117","openid":"ooNmFxDt1ujUAwTQKPnavGAlJD80","mch_id":"1293014701","is_subscribe":"N","nonce_str":"D9FfTqiE1VPbyVYN","product_id":"123456789","sign":"ED6562F6DB81086332E621AE6384E538"}
[2016-02-12 21:11:05][debug] begin notify
[2016-02-12 21:11:05][debug] call back:{"appid":"wx2ce0c9bdcd49a117","attach":"test2","bank_type":"CFT","cash_fee":"1","fee_type":"CNY","is_subscribe":"N","mch_id":"1293014701","nonce_str":"coo05rzpfsdpjimwgbbtfuamnr48s8ce","openid":"ooNmFxDt1ujUAwTQKPnavGAlJD80","out_trade_no":"129301470120160212211049","result_code":"SUCCESS","return_code":"SUCCESS","sign":"E05A1302B1F258CE35E1DBB06C6AD81A","time_end":"20160212211104","total_fee":"1","trade_type":"NATIVE","transaction_id":"1008960321201602123233623319"}
[2016-02-12 21:11:05][debug] query:{"appid":"wx2ce0c9bdcd49a117","attach":"test2","bank_type":"CFT","cash_fee":"1","fee_type":"CNY","is_subscribe":"N","mch_id":"1293014701","nonce_str":"NcGLX8k43Z6cGfBq","openid":"ooNmFxDt1ujUAwTQKPnavGAlJD80","out_trade_no":"129301470120160212211049","result_code":"SUCCESS","return_code":"SUCCESS","return_msg":"OK","sign":"5EAD6FE6CF34473F8CAD8C586CA4E833","time_end":"20160212211104","total_fee":"1","trade_state":"SUCCESS","trade_type":"NATIVE","transaction_id":"1008960321201602123233623319"}
[2016-02-12 21:12:38][debug] begin notify
[2016-02-12 21:12:38][debug] call back:{"appid":"wx2ce0c9bdcd49a117","attach":"test2","bank_type":"CFT","cash_fee":"1","fee_type":"CNY","is_subscribe":"N","mch_id":"1293014701","nonce_str":"kc9t8ieoocz7qb5bhytna5254nla4m2v","openid":"ooNmFxDt1ujUAwTQKPnavGAlJD80","out_trade_no":"129301470120160212211226","result_code":"SUCCESS","return_code":"SUCCESS","sign":"BEAD67E2DB3795DBB5F4B54D8BF3554E","time_end":"20160212211238","total_fee":"1","trade_type":"NATIVE","transaction_id":"1008960321201602123231785181"}
[2016-02-12 21:12:39][debug] query:{"appid":"wx2ce0c9bdcd49a117","attach":"test2","bank_type":"CFT","cash_fee":"1","fee_type":"CNY","is_subscribe":"N","mch_id":"1293014701","nonce_str":"1berbxwY47Kz380Y","openid":"ooNmFxDt1ujUAwTQKPnavGAlJD80","out_trade_no":"129301470120160212211226","result_code":"SUCCESS","return_code":"SUCCESS","return_msg":"OK","sign":"0F452CEAE16E98464116D9AF5D140381","time_end":"20160212211238","total_fee":"1","trade_state":"SUCCESS","trade_type":"NATIVE","transaction_id":"1008960321201602123231785181"}
