[2018-06-05 14:41:54][debug] begin notify
[2018-06-05 14:42:10][debug] begin notify
[2018-06-05 14:42:26][debug] begin notify
[2018-06-05 14:42:42][debug] begin notify
[2018-06-05 14:42:57][debug] begin notify
[2018-06-05 14:42:57][debug] call back:{"appid":"wx3fb5082a3ada506b","attach":"M431T1528180888RN641","bank_type":"CFT","cash_fee":"100","fee_type":"CNY","is_subscribe":"Y","mch_id":"1502081641","nonce_str":"w6ouh74twu8c976n5f5fsav45rn99aqy","openid":"o_Lfh07ENkvqOW8Qq2PVuR6cyW0Y","out_trade_no":"150208164120180605144134","result_code":"SUCCESS","return_code":"SUCCESS","sign":"5F19F6151CA1F956EF4FB91B4434DBB9","time_end":"20180605144212","total_fee":"100","trade_type":"MWEB","transaction_id":"4200000146201806059890765907"}
[2018-06-05 14:42:58][debug] begin notify
[2018-06-05 14:42:58][debug] query:{"appid":"wx3fb5082a3ada506b","attach":"M431T1528180888RN641","bank_type":"CFT","cash_fee":"100","fee_type":"CNY","is_subscribe":"Y","mch_id":"1502081641","nonce_str":"hd89AAaPthvBn43S","openid":"o_Lfh07ENkvqOW8Qq2PVuR6cyW0Y","out_trade_no":"150208164120180605144134","result_code":"SUCCESS","return_code":"SUCCESS","return_msg":"OK","sign":"D0AEAF5C444653E1AA99629E82012B3B","time_end":"20180605144212","total_fee":"100","trade_state":"SUCCESS","trade_state_desc":"\u652f\u4ed8\u6210\u529f","trade_type":"MWEB","transaction_id":"4200000146201806059890765907"}
[2018-06-05 14:43:13][debug] begin notify
[2018-06-05 14:43:43][debug] begin notify
[2018-06-05 14:46:43][debug] begin notify
[2018-06-05 14:46:43][debug] call back:{"appid":"wx3fb5082a3ada506b","attach":"M431T1528180948RN876","bank_type":"CFT","cash_fee":"200","fee_type":"CNY","is_subscribe":"Y","mch_id":"1502081641","nonce_str":"d4uyvn1fb4hig6l4ja8l1coqx3ye9zrl","openid":"o_Lfh07ENkvqOW8Qq2PVuR6cyW0Y","out_trade_no":"150208164120180605144233","result_code":"SUCCESS","return_code":"SUCCESS","sign":"B07E28119F35A1837B15BC4B835C0E04","time_end":"20180605144300","total_fee":"200","trade_type":"MWEB","transaction_id":"4200000153201806054697033000"}
[2018-06-05 14:46:44][debug] query:{"appid":"wx3fb5082a3ada506b","attach":"M431T1528180948RN876","bank_type":"CFT","cash_fee":"200","fee_type":"CNY","is_subscribe":"Y","mch_id":"1502081641","nonce_str":"FVWmfdIFZZelJ0m4","openid":"o_Lfh07ENkvqOW8Qq2PVuR6cyW0Y","out_trade_no":"150208164120180605144233","result_code":"SUCCESS","return_code":"SUCCESS","return_msg":"OK","sign":"2D5F63EBB6A8E45A0433F39DC51CCE09","time_end":"20180605144300","total_fee":"200","trade_state":"SUCCESS","trade_state_desc":"\u652f\u4ed8\u6210\u529f","trade_type":"MWEB","transaction_id":"4200000153201806054697033000"}
[2018-06-05 14:47:29][debug] begin notify
[2018-06-05 14:47:44][debug] begin notify
[2018-06-05 14:48:00][debug] begin notify
[2018-06-05 14:48:00][debug] call back:{"appid":"wx3fb5082a3ada506b","attach":"M431T1528181227RN664","bank_type":"CFT","cash_fee":"300","fee_type":"CNY","is_subscribe":"Y","mch_id":"1502081641","nonce_str":"2zyzl81c8d8fzela3i9bfpqf7jy9fw2f","openid":"o_Lfh07ENkvqOW8Qq2PVuR6cyW0Y","out_trade_no":"150208164120180605144713","result_code":"SUCCESS","return_code":"SUCCESS","sign":"884969D699BF63CED0C9BA32CE456547","time_end":"20180605144748","total_fee":"300","trade_type":"NATIVE","transaction_id":"4200000144201806051523378423"}
[2018-06-05 14:48:00][debug] query:{"appid":"wx3fb5082a3ada506b","attach":"M431T1528181227RN664","bank_type":"CFT","cash_fee":"300","fee_type":"CNY","is_subscribe":"Y","mch_id":"1502081641","nonce_str":"hpzrwnPjKSE7RIFo","openid":"o_Lfh07ENkvqOW8Qq2PVuR6cyW0Y","out_trade_no":"150208164120180605144713","result_code":"SUCCESS","return_code":"SUCCESS","return_msg":"OK","sign":"98E31A56DC27515BC26722DEF2366CB8","time_end":"20180605144748","total_fee":"300","trade_state":"SUCCESS","trade_state_desc":"\u652f\u4ed8\u6210\u529f","trade_type":"NATIVE","transaction_id":"4200000144201806051523378423"}
[2018-06-05 14:51:35][debug] begin notify
[2018-06-05 14:51:51][debug] begin notify
[2018-06-05 14:51:51][debug] call back:{"appid":"wx3fb5082a3ada506b","attach":"M431T1528181476RN916","bank_type":"CCB_DEBIT","cash_fee":"3500","fee_type":"CNY","is_subscribe":"Y","mch_id":"1502081641","nonce_str":"z1dftc4ld7h70y2xfmhijbhph0a75cfq","openid":"o_Lfh07ENkvqOW8Qq2PVuR6cyW0Y","out_trade_no":"150208164120180605145120","result_code":"SUCCESS","return_code":"SUCCESS","sign":"D38824C4418699DE32B4B15FFB6B2B0B","time_end":"20180605145154","total_fee":"3500","trade_type":"NATIVE","transaction_id":"4200000146201806052892025022"}
[2018-06-05 14:51:52][debug] query:{"appid":"wx3fb5082a3ada506b","attach":"M431T1528181476RN916","bank_type":"CCB_DEBIT","cash_fee":"3500","fee_type":"CNY","is_subscribe":"Y","mch_id":"1502081641","nonce_str":"wLXmTAlgLfXzsUEj","openid":"o_Lfh07ENkvqOW8Qq2PVuR6cyW0Y","out_trade_no":"150208164120180605145120","result_code":"SUCCESS","return_code":"SUCCESS","return_msg":"OK","sign":"E62658558F0826BB189D19C39F084A09","time_end":"20180605145154","total_fee":"3500","trade_state":"SUCCESS","trade_state_desc":"\u652f\u4ed8\u6210\u529f","trade_type":"NATIVE","transaction_id":"4200000146201806052892025022"}
[2018-06-05 15:01:25][debug] begin notify
[2018-06-05 15:01:41][debug] begin notify
[2018-06-05 15:01:41][debug] call back:{"appid":"wx3fb5082a3ada506b","attach":"M1T1528182058RN605","bank_type":"CFT","cash_fee":"200","fee_type":"CNY","is_subscribe":"N","mch_id":"1502081641","nonce_str":"72qdb9mbvxwroehro638p5ntoz4k15gv","openid":"o_Lfh0zkxGAq_vGmhSLwyN7lfRNc","out_trade_no":"150208164120180605150105","result_code":"SUCCESS","return_code":"SUCCESS","sign":"A0B1BD6A3320D5C99F6D5F962CF1425F","time_end":"20180605150143","total_fee":"200","trade_type":"NATIVE","transaction_id":"4200000156201806052931482465"}
[2018-06-05 15:01:41][debug] query:{"appid":"wx3fb5082a3ada506b","attach":"M1T1528182058RN605","bank_type":"CFT","cash_fee":"200","fee_type":"CNY","is_subscribe":"N","mch_id":"1502081641","nonce_str":"yknH1rORmoyDZwEC","openid":"o_Lfh0zkxGAq_vGmhSLwyN7lfRNc","out_trade_no":"150208164120180605150105","result_code":"SUCCESS","return_code":"SUCCESS","return_msg":"OK","sign":"3C4A6094569744340771128898C838C0","time_end":"20180605150143","total_fee":"200","trade_state":"SUCCESS","trade_state_desc":"\u652f\u4ed8\u6210\u529f","trade_type":"NATIVE","transaction_id":"4200000156201806052931482465"}
[2018-06-05 15:13:45][debug] begin notify
[2018-06-05 15:14:01][debug] begin notify
[2018-06-05 15:14:01][debug] call back:{"appid":"wx3fb5082a3ada506b","attach":"M431T1528182803RN852","bank_type":"CFT","cash_fee":"500","fee_type":"CNY","is_subscribe":"Y","mch_id":"1502081641","nonce_str":"te6aulf5lbxlur6omhrqkd4aekryk6my","openid":"o_Lfh07ENkvqOW8Qq2PVuR6cyW0Y","out_trade_no":"150208164120180605151328","result_code":"SUCCESS","return_code":"SUCCESS","sign":"9DE437A1E9A918777E8367580630B22B","time_end":"20180605151403","total_fee":"500","trade_type":"MWEB","transaction_id":"4200000151201806054778393225"}
[2018-06-05 15:14:01][debug] query:{"appid":"wx3fb5082a3ada506b","attach":"M431T1528182803RN852","bank_type":"CFT","cash_fee":"500","fee_type":"CNY","is_subscribe":"Y","mch_id":"1502081641","nonce_str":"vSTzVHrYk97V0wJL","openid":"o_Lfh07ENkvqOW8Qq2PVuR6cyW0Y","out_trade_no":"150208164120180605151328","result_code":"SUCCESS","return_code":"SUCCESS","return_msg":"OK","sign":"A44AB8D11237AD354A35B4A830EF692E","time_end":"20180605151403","total_fee":"500","trade_state":"SUCCESS","trade_state_desc":"\u652f\u4ed8\u6210\u529f","trade_type":"MWEB","transaction_id":"4200000151201806054778393225"}
[2018-06-05 15:16:38][debug] begin notify
[2018-06-05 15:16:53][debug] begin notify
[2018-06-05 15:16:53][debug] call back:{"appid":"wx3fb5082a3ada506b","attach":"M431T1528182984RN679","bank_type":"CFT","cash_fee":"100","fee_type":"CNY","is_subscribe":"Y","mch_id":"1502081641","nonce_str":"0fgwqbz9qb7a3tsp32y2i9dylfa6m0lw","openid":"o_Lfh07ENkvqOW8Qq2PVuR6cyW0Y","out_trade_no":"150208164120180605151627","result_code":"SUCCESS","return_code":"SUCCESS","sign":"6B5C22F418B4B6A15E32B83FD759F52D","time_end":"20180605151656","total_fee":"100","trade_type":"MWEB","transaction_id":"4200000142201806059010626341"}
[2018-06-05 15:16:54][debug] query:{"appid":"wx3fb5082a3ada506b","attach":"M431T1528182984RN679","bank_type":"CFT","cash_fee":"100","fee_type":"CNY","is_subscribe":"Y","mch_id":"1502081641","nonce_str":"ACIGjglwhPfqx6U4","openid":"o_Lfh07ENkvqOW8Qq2PVuR6cyW0Y","out_trade_no":"150208164120180605151627","result_code":"SUCCESS","return_code":"SUCCESS","return_msg":"OK","sign":"04615E833C269CA7DFAC85C4959B6DA9","time_end":"20180605151656","total_fee":"100","trade_state":"SUCCESS","trade_state_desc":"\u652f\u4ed8\u6210\u529f","trade_type":"MWEB","transaction_id":"4200000142201806059010626341"}
[2018-06-05 20:49:19][debug] begin notify
[2018-06-05 20:49:35][debug] begin notify
[2018-06-05 20:49:35][debug] call back:{"appid":"wx3fb5082a3ada506b","attach":"M431T1528202940RN987","bank_type":"CFT","cash_fee":"200","fee_type":"CNY","is_subscribe":"Y","mch_id":"1502081641","nonce_str":"21yfb4v2wd4u5z31e353kywhddc6478s","openid":"o_Lfh07ENkvqOW8Qq2PVuR6cyW0Y","out_trade_no":"150208164120180605204904","result_code":"SUCCESS","return_code":"SUCCESS","sign":"06D7309DA3FEE55CA5F091B4692C591F","time_end":"20180605204938","total_fee":"200","trade_type":"MWEB","transaction_id":"4200000151201806056472322041"}
[2018-06-05 20:49:35][debug] query:{"appid":"wx3fb5082a3ada506b","attach":"M431T1528202940RN987","bank_type":"CFT","cash_fee":"200","fee_type":"CNY","is_subscribe":"Y","mch_id":"1502081641","nonce_str":"zMy3GlHqMLUOKTKb","openid":"o_Lfh07ENkvqOW8Qq2PVuR6cyW0Y","out_trade_no":"150208164120180605204904","result_code":"SUCCESS","return_code":"SUCCESS","return_msg":"OK","sign":"C12DB691B8F812943FBB9DAD4F04F19F","time_end":"20180605204938","total_fee":"200","trade_state":"SUCCESS","trade_state_desc":"\u652f\u4ed8\u6210\u529f","trade_type":"MWEB","transaction_id":"4200000151201806056472322041"}
[2018-06-05 20:49:56][debug] begin notify
[2018-06-05 20:50:12][debug] begin notify
[2018-06-05 20:50:12][debug] call back:{"appid":"wx3fb5082a3ada506b","attach":"M431T1528202983RN501","bank_type":"CFT","cash_fee":"100","fee_type":"CNY","is_subscribe":"Y","mch_id":"1502081641","nonce_str":"3xopm40k7ilts9gk2xn9tvujczx6hrbj","openid":"o_Lfh07ENkvqOW8Qq2PVuR6cyW0Y","out_trade_no":"150208164120180605204947","result_code":"SUCCESS","return_code":"SUCCESS","sign":"9DD4FBA2F94AC0AC837E5EBBB4B09F59","time_end":"20180605205015","total_fee":"100","trade_type":"MWEB","transaction_id":"4200000142201806058940045817"}
[2018-06-05 20:50:12][debug] query:{"appid":"wx3fb5082a3ada506b","attach":"M431T1528202983RN501","bank_type":"CFT","cash_fee":"100","fee_type":"CNY","is_subscribe":"Y","mch_id":"1502081641","nonce_str":"eJOEvxNV1sy715E1","openid":"o_Lfh07ENkvqOW8Qq2PVuR6cyW0Y","out_trade_no":"150208164120180605204947","result_code":"SUCCESS","return_code":"SUCCESS","return_msg":"OK","sign":"C8E1E29DA10C1594A2900978482D9AC6","time_end":"20180605205015","total_fee":"100","trade_state":"SUCCESS","trade_state_desc":"\u652f\u4ed8\u6210\u529f","trade_type":"MWEB","transaction_id":"4200000142201806058940045817"}
