[2018-06-04 15:31:26][debug] begin notify
[2018-06-04 15:50:46][debug] begin notify
[2018-06-04 16:04:34][debug] begin notify
[2018-06-04 16:18:41][debug] begin notify
[2018-06-04 16:18:57][debug] begin notify
[2018-06-04 16:19:12][debug] begin notify
[2018-06-04 16:19:42][debug] begin notify
[2018-06-04 16:21:38][debug] begin notify
[2018-06-04 16:21:53][debug] begin notify
[2018-06-04 16:22:08][debug] begin notify
[2018-06-04 16:22:38][debug] begin notify
[2018-06-04 16:22:43][debug] begin notify
[2018-06-04 16:22:43][debug] call back:{"appid":"wx3fb5082a3ada506b","attach":"M534T1528100307RN563","bank_type":"CFT","cash_fee":"1","fee_type":"CNY","is_subscribe":"N","mch_id":"1502081641","nonce_str":"dufvxjsb3oapdsezlvxydmw0umlzf0zn","openid":"o_Lfh0zkxGAq_vGmhSLwyN7lfRNc","out_trade_no":"150208164120180604161830","result_code":"SUCCESS","return_code":"SUCCESS","sign":"23D7CF19496EB5018ED92871738710D1","time_end":"20180604161859","total_fee":"1","trade_type":"MWEB","transaction_id":"4200000157201806046442783030"}
[2018-06-04 16:22:43][debug] query:{"appid":"wx3fb5082a3ada506b","attach":"M534T1528100307RN563","bank_type":"CFT","cash_fee":"1","fee_type":"CNY","is_subscribe":"N","mch_id":"1502081641","nonce_str":"50kQDHstTihhDNVx","openid":"o_Lfh0zkxGAq_vGmhSLwyN7lfRNc","out_trade_no":"150208164120180604161830","result_code":"SUCCESS","return_code":"SUCCESS","return_msg":"OK","sign":"7193349B6782A1F2B477B8757F40EAD2","time_end":"20180604161859","total_fee":"1","trade_state":"SUCCESS","trade_state_desc":"\u652f\u4ed8\u6210\u529f","trade_type":"MWEB","transaction_id":"4200000157201806046442783030"}
[2018-06-04 16:22:51][debug] begin notify
[2018-06-04 16:23:07][debug] begin notify
[2018-06-04 16:23:21][debug] begin notify
[2018-06-04 16:23:52][debug] begin notify
[2018-06-04 16:25:39][debug] begin notify
[2018-06-04 16:25:39][debug] call back:{"appid":"wx3fb5082a3ada506b","attach":"M534T1528100488RN655","bank_type":"CFT","cash_fee":"1","fee_type":"CNY","is_subscribe":"N","mch_id":"1502081641","nonce_str":"m8fa00issvillby1doppsv9ndswxz460","openid":"o_Lfh0zkxGAq_vGmhSLwyN7lfRNc","out_trade_no":"150208164120180604162132","result_code":"SUCCESS","return_code":"SUCCESS","sign":"8692CDCA5114815449E6376D1E0B8332","time_end":"20180604162155","total_fee":"1","trade_type":"MWEB","transaction_id":"4200000152201806044949095669"}
[2018-06-04 16:25:40][debug] query:{"appid":"wx3fb5082a3ada506b","attach":"M534T1528100488RN655","bank_type":"CFT","cash_fee":"1","fee_type":"CNY","is_subscribe":"N","mch_id":"1502081641","nonce_str":"v2rjvIgitSDsGXGd","openid":"o_Lfh0zkxGAq_vGmhSLwyN7lfRNc","out_trade_no":"150208164120180604162132","result_code":"SUCCESS","return_code":"SUCCESS","return_msg":"OK","sign":"AF69A4537C21A2B46C8AF07F0A9F6A38","time_end":"20180604162155","total_fee":"1","trade_state":"SUCCESS","trade_state_desc":"\u652f\u4ed8\u6210\u529f","trade_type":"MWEB","transaction_id":"4200000152201806044949095669"}
[2018-06-04 16:26:50][debug] begin notify
[2018-06-04 16:26:52][debug] begin notify
[2018-06-04 16:26:52][debug] call back:{"appid":"wx3fb5082a3ada506b","attach":"M534T1528100561RN807","bank_type":"CFT","cash_fee":"1","fee_type":"CNY","is_subscribe":"N","mch_id":"1502081641","nonce_str":"q2ex9mzfnukiajrzgiixjuyxrk20cg6i","openid":"o_Lfh0zkxGAq_vGmhSLwyN7lfRNc","out_trade_no":"150208164120180604162245","result_code":"SUCCESS","return_code":"SUCCESS","sign":"2102C6D7AD82A5E0F0B19E3E7C30F24E","time_end":"20180604162308","total_fee":"1","trade_type":"MWEB","transaction_id":"4200000157201806047811501549"}
[2018-06-04 16:26:53][debug] query:{"appid":"wx3fb5082a3ada506b","attach":"M534T1528100561RN807","bank_type":"CFT","cash_fee":"1","fee_type":"CNY","is_subscribe":"N","mch_id":"1502081641","nonce_str":"d2qjjewPAaWp5L4w","openid":"o_Lfh0zkxGAq_vGmhSLwyN7lfRNc","out_trade_no":"150208164120180604162245","result_code":"SUCCESS","return_code":"SUCCESS","return_msg":"OK","sign":"67CD022E2CE6BC710C9E50F6A794F54C","time_end":"20180604162308","total_fee":"1","trade_state":"SUCCESS","trade_state_desc":"\u652f\u4ed8\u6210\u529f","trade_type":"MWEB","transaction_id":"4200000157201806047811501549"}
[2018-06-04 16:27:07][debug] begin notify
[2018-06-04 16:27:23][debug] begin notify
[2018-06-04 16:27:53][debug] begin notify
[2018-06-04 16:30:54][debug] begin notify
[2018-06-04 16:30:54][debug] call back:{"appid":"wx3fb5082a3ada506b","attach":"M534T1528100745RN116","bank_type":"CFT","cash_fee":"1","fee_type":"CNY","is_subscribe":"N","mch_id":"1502081641","nonce_str":"zjzyrg4we2b1vuzh3oin4id25wk46s5y","openid":"o_Lfh0zkxGAq_vGmhSLwyN7lfRNc","out_trade_no":"150208164120180604162550","result_code":"SUCCESS","return_code":"SUCCESS","sign":"CD0ABC0F6EF0FE02154316C869943468","time_end":"20180604162708","total_fee":"1","trade_type":"MWEB","transaction_id":"4200000157201806042258330614"}
[2018-06-04 16:30:54][debug] query:{"appid":"wx3fb5082a3ada506b","attach":"M534T1528100745RN116","bank_type":"CFT","cash_fee":"1","fee_type":"CNY","is_subscribe":"N","mch_id":"1502081641","nonce_str":"fQLqHnVqoHx6l8K8","openid":"o_Lfh0zkxGAq_vGmhSLwyN7lfRNc","out_trade_no":"150208164120180604162550","result_code":"SUCCESS","return_code":"SUCCESS","return_msg":"OK","sign":"8FCA167DDEF582C322A998710AE743EB","time_end":"20180604162708","total_fee":"1","trade_state":"SUCCESS","trade_state_desc":"\u652f\u4ed8\u6210\u529f","trade_type":"MWEB","transaction_id":"4200000157201806042258330614"}
[2018-06-04 16:30:55][debug] begin notify
[2018-06-04 16:31:11][debug] begin notify
[2018-06-04 16:31:11][debug] call back:{"appid":"wx3fb5082a3ada506b","attach":"M534T1528101046RN494","bank_type":"CFT","cash_fee":"1","fee_type":"CNY","is_subscribe":"N","mch_id":"1502081641","nonce_str":"zxibrzmxkwispddr3h8qyoykmvm3t14f","openid":"o_Lfh0zkxGAq_vGmhSLwyN7lfRNc","out_trade_no":"150208164120180604163049","result_code":"SUCCESS","return_code":"SUCCESS","sign":"6BFA2CAB7069EC8261EEAF05B92B1303","time_end":"20180604163112","total_fee":"1","trade_type":"MWEB","transaction_id":"4200000158201806047501281109"}
[2018-06-04 16:31:11][debug] query:{"appid":"wx3fb5082a3ada506b","attach":"M534T1528101046RN494","bank_type":"CFT","cash_fee":"1","fee_type":"CNY","is_subscribe":"N","mch_id":"1502081641","nonce_str":"QM3Ev1aGpK95G4Ei","openid":"o_Lfh0zkxGAq_vGmhSLwyN7lfRNc","out_trade_no":"150208164120180604163049","result_code":"SUCCESS","return_code":"SUCCESS","return_msg":"OK","sign":"6E1D6E7C119B6B51ABF90A6A3EBB1A10","time_end":"20180604163112","total_fee":"1","trade_state":"SUCCESS","trade_state_desc":"\u652f\u4ed8\u6210\u529f","trade_type":"MWEB","transaction_id":"4200000158201806047501281109"}
[2018-06-04 19:10:06][debug] begin notify
[2018-06-04 19:10:22][debug] begin notify
[2018-06-04 19:10:22][debug] call back:{"appid":"wx3fb5082a3ada506b","attach":"M534T1528110554RN530","bank_type":"CFT","cash_fee":"1","fee_type":"CNY","is_subscribe":"N","mch_id":"1502081641","nonce_str":"9fh7g9o5i12nvrzseb9l293kscqtyjyq","openid":"o_Lfh0zkxGAq_vGmhSLwyN7lfRNc","out_trade_no":"150208164120180604190948","result_code":"SUCCESS","return_code":"SUCCESS","sign":"DB5261D5923F1708B979C3D6F95F1B62","time_end":"20180604191024","total_fee":"1","trade_type":"NATIVE","transaction_id":"4200000155201806040708120555"}
[2018-06-04 19:10:22][debug] query:{"appid":"wx3fb5082a3ada506b","attach":"M534T1528110554RN530","bank_type":"CFT","cash_fee":"1","fee_type":"CNY","is_subscribe":"N","mch_id":"1502081641","nonce_str":"DnA3H7ZRO9NqAich","openid":"o_Lfh0zkxGAq_vGmhSLwyN7lfRNc","out_trade_no":"150208164120180604190948","result_code":"SUCCESS","return_code":"SUCCESS","return_msg":"OK","sign":"2578F2F6A536C294227885CF1AE60D31","time_end":"20180604191024","total_fee":"1","trade_state":"SUCCESS","trade_state_desc":"\u652f\u4ed8\u6210\u529f","trade_type":"NATIVE","transaction_id":"4200000155201806040708120555"}
[2018-06-04 19:12:10][debug] begin notify
[2018-06-04 19:12:27][debug] begin notify
[2018-06-04 19:12:27][debug] call back:{"appid":"wx3fb5082a3ada506b","attach":"M534T1528110697RN961","bank_type":"CFT","cash_fee":"1","fee_type":"CNY","is_subscribe":"N","mch_id":"1502081641","nonce_str":"58hgttfovufoxrj50t73jorl3eko16da","openid":"o_Lfh0zkxGAq_vGmhSLwyN7lfRNc","out_trade_no":"150208164120180604191152","result_code":"SUCCESS","return_code":"SUCCESS","sign":"70F8D26390F72B605A5BDAE87C7155E6","time_end":"20180604191227","total_fee":"1","trade_type":"NATIVE","transaction_id":"4200000146201806047888527303"}
[2018-06-04 19:12:27][debug] query:{"appid":"wx3fb5082a3ada506b","attach":"M534T1528110697RN961","bank_type":"CFT","cash_fee":"1","fee_type":"CNY","is_subscribe":"N","mch_id":"1502081641","nonce_str":"V19kTT0UlBisQLU9","openid":"o_Lfh0zkxGAq_vGmhSLwyN7lfRNc","out_trade_no":"150208164120180604191152","result_code":"SUCCESS","return_code":"SUCCESS","return_msg":"OK","sign":"0BC73A7B85DC880155C1556F902F72F8","time_end":"20180604191227","total_fee":"1","trade_state":"SUCCESS","trade_state_desc":"\u652f\u4ed8\u6210\u529f","trade_type":"NATIVE","transaction_id":"4200000146201806047888527303"}
[2018-06-04 19:15:27][debug] begin notify
[2018-06-04 19:15:43][debug] begin notify
[2018-06-04 19:15:43][debug] call back:{"appid":"wx3fb5082a3ada506b","attach":"M534T1528110912RN600","bank_type":"CFT","cash_fee":"1","fee_type":"CNY","is_subscribe":"N","mch_id":"1502081641","nonce_str":"zxe6ilrg4yts9hktm5xcguvx626r7zxe","openid":"o_Lfh0zkxGAq_vGmhSLwyN7lfRNc","out_trade_no":"150208164120180604191518","result_code":"SUCCESS","return_code":"SUCCESS","sign":"4F07E43990186A5A71AA20A82E8CB637","time_end":"20180604191545","total_fee":"1","trade_type":"NATIVE","transaction_id":"4200000141201806048142995598"}
[2018-06-04 19:15:43][debug] query:{"appid":"wx3fb5082a3ada506b","attach":"M534T1528110912RN600","bank_type":"CFT","cash_fee":"1","fee_type":"CNY","is_subscribe":"N","mch_id":"1502081641","nonce_str":"oSpUqRaKf7iSVIAK","openid":"o_Lfh0zkxGAq_vGmhSLwyN7lfRNc","out_trade_no":"150208164120180604191518","result_code":"SUCCESS","return_code":"SUCCESS","return_msg":"OK","sign":"743831A8F5F55E2CD98F262694B83F42","time_end":"20180604191545","total_fee":"1","trade_state":"SUCCESS","trade_state_desc":"\u652f\u4ed8\u6210\u529f","trade_type":"NATIVE","transaction_id":"4200000141201806048142995598"}
[2018-06-04 19:17:34][debug] begin notify
[2018-06-04 19:17:50][debug] begin notify
[2018-06-04 19:17:50][debug] call back:{"appid":"wx3fb5082a3ada506b","attach":"M534T1528110991RN426","bank_type":"CFT","cash_fee":"1","fee_type":"CNY","is_subscribe":"N","mch_id":"1502081641","nonce_str":"nordhgv9cx4nge8ljq29bapuy994z1ge","openid":"o_Lfh0zkxGAq_vGmhSLwyN7lfRNc","out_trade_no":"150208164120180604191635","result_code":"SUCCESS","return_code":"SUCCESS","sign":"84837FB4A0133C0F241CC9E523F214F3","time_end":"20180604191752","total_fee":"1","trade_type":"NATIVE","transaction_id":"4200000144201806043084144746"}
[2018-06-04 19:17:50][debug] query:{"appid":"wx3fb5082a3ada506b","attach":"M534T1528110991RN426","bank_type":"CFT","cash_fee":"1","fee_type":"CNY","is_subscribe":"N","mch_id":"1502081641","nonce_str":"P3cfNQGyeKISrhVK","openid":"o_Lfh0zkxGAq_vGmhSLwyN7lfRNc","out_trade_no":"150208164120180604191635","result_code":"SUCCESS","return_code":"SUCCESS","return_msg":"OK","sign":"3E3F801F2FDD012F9EA527BB56D2F902","time_end":"20180604191752","total_fee":"1","trade_state":"SUCCESS","trade_state_desc":"\u652f\u4ed8\u6210\u529f","trade_type":"NATIVE","transaction_id":"4200000144201806043084144746"}
