[2018-08-28 19:05:53][debug] begin notify
[2018-08-28 19:06:13][debug] begin notify
[2018-08-28 19:08:06][debug] begin notify
[2018-08-28 19:08:06][debug] call back:{"appid":"wx8844d28dd6e8802a","attach":"M2T1535453539RN671","bank_type":"CFT","cash_fee":"1","fee_type":"CNY","is_subscribe":"N","mch_id":"1513157221","nonce_str":"sv3d2dv2snqscgamw83xfz6mo6u5wd0o","openid":"ox0OI1ITWK1auUECiB_61wHicEpE","out_trade_no":"151315722120180828190357","result_code":"SUCCESS","return_code":"SUCCESS","sign":"C6A65B9276ED7396A9EC40A9C2840F2F","time_end":"20180828190404","total_fee":"1","trade_type":"MWEB","transaction_id":"4200000174201808285017645905"}
[2018-08-28 19:08:06][debug] query:{"appid":"wx8844d28dd6e8802a","attach":"M2T1535453539RN671","bank_type":"CFT","cash_fee":"1","fee_type":"CNY","is_subscribe":"N","mch_id":"1513157221","nonce_str":"lzRZTnQDSPCsxkgo","openid":"ox0OI1ITWK1auUECiB_61wHicEpE","out_trade_no":"151315722120180828190357","result_code":"SUCCESS","return_code":"SUCCESS","return_msg":"OK","sign":"E1347A72FA9DE725DA1990FCA7617331","time_end":"20180828190404","total_fee":"1","trade_state":"SUCCESS","trade_state_desc":"\u652f\u4ed8\u6210\u529f","trade_type":"MWEB","transaction_id":"4200000174201808285017645905"}
[2018-08-28 19:16:04][debug] begin notify
[2018-08-28 19:20:13][debug] begin notify
[2018-08-28 19:40:51][debug] begin notify
[2018-08-28 19:49:27][debug] begin notify
[2018-08-28 19:50:18][debug] begin notify
[2018-08-28 20:11:47][debug] begin notify
[2018-08-28 21:09:05][debug] begin notify
[2018-08-28 21:19:51][debug] begin notify
[2018-08-28 21:20:38][debug] begin notify
[2018-08-28 21:20:38][debug] call back:{"appid":"wx8844d28dd6e8802a","attach":"M2T1535462380RN348","bank_type":"CFT","cash_fee":"100","fee_type":"CNY","is_subscribe":"Y","mch_id":"1513157221","nonce_str":"g9tpgcosfydede5wx17g8d07fym8lkuj","openid":"ox0OI1LEKyatsibKy1sBE56t4wf4","out_trade_no":"151315722120180828212029","result_code":"SUCCESS","return_code":"SUCCESS","sign":"52C50E07E2648019D6F3A0A1CB103952","time_end":"20180828212036","total_fee":"100","trade_type":"MWEB","transaction_id":"4200000179201808288827348296"}
[2018-08-28 21:20:38][debug] query:{"appid":"wx8844d28dd6e8802a","attach":"M2T1535462380RN348","bank_type":"CFT","cash_fee":"100","fee_type":"CNY","is_subscribe":"Y","mch_id":"1513157221","nonce_str":"ufJzw93YK1sXsLpL","openid":"ox0OI1LEKyatsibKy1sBE56t4wf4","out_trade_no":"151315722120180828212029","result_code":"SUCCESS","return_code":"SUCCESS","return_msg":"OK","sign":"8CC00B6CD30C30D658F88997E5B25BB4","time_end":"20180828212036","total_fee":"100","trade_state":"SUCCESS","trade_state_desc":"\u652f\u4ed8\u6210\u529f","trade_type":"MWEB","transaction_id":"4200000179201808288827348296"}
[2018-08-28 21:22:04][debug] begin notify
[2018-08-28 21:33:37][debug] begin notify
[2018-08-28 22:02:32][debug] begin notify
[2018-08-28 22:07:43][debug] begin notify
[2018-08-28 22:08:33][debug] begin notify
[2018-08-28 22:09:40][debug] begin notify
[2018-08-28 22:11:32][debug] begin notify
[2018-08-28 22:15:26][debug] begin notify
[2018-08-28 22:17:05][debug] begin notify
[2018-08-28 22:19:00][debug] begin notify
[2018-08-28 22:20:03][debug] begin notify
[2018-08-28 22:33:55][debug] begin notify
[2018-08-28 23:03:22][debug] begin notify
