[ 2019-10-14T15:24:27+08:00 ] 154.91.3.46 113.96.219.249 HEAD /zhibo.apk
[ log ] yoopay.xiangxin.me/zhibo.apk [运行时间：0.140625s][吞吐率：7.11req/s] [内存消耗：1,994.59kb] [文件加载：43]
[ info ] [ LANG ] D:\wwwroot\yoopay.xiangxin.me\thinkphp\lang\zh-cn.php
[ info ] [ ROUTE ] array (
  'type' => 'module',
  'module' => 
  array (
    0 => 'zhibo.apk',
    1 => NULL,
    2 => NULL,
  ),
)
[ info ] [ HEADER ] array (
  'connection' => 'close',
  'accept' => '*/*',
  'user-agent' => 'Mozilla/5.0 (Linux; Android 4.4.4; Nexus 5 Build/KTU84Q) AppleWebKit/537.36 (KHTML, like Gecko) Version/4.0 Chrome/33.0.0.0 Mobile Safari/537.36 MApi 1.0 (com.dianping.v1 7.0.0 om_sd_360sz Nexus_5; Android 4.4.4) MApi 1.0 (com.dianping.v1 7.0.0 om_sd_360sz Nexus_5; Android 4.4.4) efte/1.0 (efte-for-android)',
  'host' => 'yoopay.xiangxin.me',
)
[ info ] [ PARAM ] array (
)
[ info ] [ LOG ] INIT File

---------------------------------------------------------------
[ 2019-10-14T15:24:28+08:00 ] 154.91.3.46 104.233.225.159 GET /zhibo.apk
[ log ] yoopay.xiangxin.me/zhibo.apk [运行时间：0.062500s][吞吐率：16.00req/s] [内存消耗：1,996.61kb] [文件加载：43]
[ info ] [ LANG ] D:\wwwroot\yoopay.xiangxin.me\thinkphp\lang\zh-cn.php
[ info ] [ ROUTE ] array (
  'type' => 'module',
  'module' => 
  array (
    0 => 'zhibo.apk',
    1 => NULL,
    2 => NULL,
  ),
)
[ info ] [ HEADER ] array (
  'x-requested-with' => 'com.tencent.mm',
  'accept-language' => 'zh-CN,en-US;q=0.8',
  'accept-encoding' => 'gzip, deflate',
  'accept' => 'text/html,application/xhtml+xml,application/xml;q=0.9,image/webp,*/*;q=0.8',
  'user-agent' => 'Mozilla/5.0 (Linux; Android 6.0.1; MI NOTE LTE Build/MMB29M; wv) AppleWebKit/537.36 (KHTML, like Gecko) Version/4.0 Chrome/57.0.2987.132 Mobile Safari/537.36 MMWEBID/4912 MicroMessenger/7.0.7.1521(0x27000735) Process/tools NetType/WIFI Language/zh_CN',
  'upgrade-insecure-requests' => '1',
  'connection' => 'close',
  'host' => 'yoopay.xiangxin.me',
)
[ info ] [ PARAM ] array (
)
[ info ] [ LOG ] INIT File

---------------------------------------------------------------
[ 2019-10-14T15:24:37+08:00 ] 154.91.3.46 104.233.225.159 GET /zhibo.apk
[ log ] yoopay.xiangxin.me/zhibo.apk [运行时间：0.062500s][吞吐率：16.00req/s] [内存消耗：1,995.95kb] [文件加载：43]
[ info ] [ LANG ] D:\wwwroot\yoopay.xiangxin.me\thinkphp\lang\zh-cn.php
[ info ] [ ROUTE ] array (
  'type' => 'module',
  'module' => 
  array (
    0 => 'zhibo.apk',
    1 => NULL,
    2 => NULL,
  ),
)
[ info ] [ HEADER ] array (
  'accept-language' => 'zh-CN,en-US;q=0.9',
  'accept-encoding' => 'gzip, deflate',
  'x-miorigin' => 'un',
  'accept' => 'text/html,application/xhtml+xml,application/xml;q=0.9,image/webp,image/apng,*/*;q=0.8',
  'user-agent' => 'Mozilla/5.0 (Linux; U; Android 6.0.1; zh-cn; MI NOTE LTE Build/MMB29M) AppleWebKit/537.36 (KHTML, like Gecko) Version/4.0 Chrome/71.0.3578.141 Mobile Safari/537.36 XiaoMi/MiuiBrowser/10.9.2',
  'upgrade-insecure-requests' => '1',
  'connection' => 'close',
  'host' => 'yoopay.xiangxin.me',
)
[ info ] [ PARAM ] array (
)
[ info ] [ LOG ] INIT File

---------------------------------------------------------------
[ 2019-10-14T15:25:29+08:00 ] 154.91.3.46 61.151.207.205 GET /zhibo.apk
[ log ] yoopay.xiangxin.me/zhibo.apk [运行时间：0.078125s][吞吐率：12.80req/s] [内存消耗：1,995.00kb] [文件加载：43]
[ info ] [ LANG ] D:\wwwroot\yoopay.xiangxin.me\thinkphp\lang\zh-cn.php
[ info ] [ ROUTE ] array (
  'type' => 'module',
  'module' => 
  array (
    0 => 'zhibo.apk',
    1 => NULL,
    2 => NULL,
  ),
)
[ info ] [ HEADER ] array (
  'connection' => 'close',
  'host' => 'yoopay.xiangxin.me',
  'accept-language' => 'zh-CN,zh;q=0.8,en-US;q=0.6,en;q=0.4',
  'accept' => '*/*',
  'user-agent' => 'Mozilla/5.0 (Windows NT 6.1; WOW64) AppleWebKit/537.36 (KHTML, like Gecko) Chrome/39.0.2171.95 Safari/537.36 MicroMessenger/6.5.2.501 NetType/WIFI WindowsWechat QBCore/3.43.27.400 QQBrowser/9.0.2524.400',
)
[ info ] [ PARAM ] array (
)
[ info ] [ LOG ] INIT File

---------------------------------------------------------------
[ 2019-10-14T15:25:30+08:00 ] 154.91.3.46 14.116.137.166 HEAD /zhibo.apk
[ log ] yoopay.xiangxin.me/zhibo.apk [运行时间：0.062500s][吞吐率：16.00req/s] [内存消耗：1,994.13kb] [文件加载：43]
[ info ] [ LANG ] D:\wwwroot\yoopay.xiangxin.me\thinkphp\lang\zh-cn.php
[ info ] [ ROUTE ] array (
  'type' => 'module',
  'module' => 
  array (
    0 => 'zhibo.apk',
    1 => NULL,
    2 => NULL,
  ),
)
[ info ] [ HEADER ] array (
  'connection' => 'close',
  'accept' => '*/*',
  'user-agent' => 'Mozilla/5.0 (Linux; Android 4.4.2; ZTE G718C Build/KVT49L) AppleWebKit/537.36 (KHTML, like Gecko) Version/4.0 Chrome/30.0.0.0 Mobile Safari/537.36 SogouMSESDK hot_sdk_1.5.0',
  'host' => 'yoopay.xiangxin.me',
)
[ info ] [ PARAM ] array (
)
[ info ] [ LOG ] INIT File

---------------------------------------------------------------
[ 2019-10-14T15:25:31+08:00 ] 154.91.3.46 101.89.239.232 GET /zhibo.apk
[ log ] yoopay.xiangxin.me/zhibo.apk [运行时间：0.049805s][吞吐率：20.08req/s] [内存消耗：1,995.57kb] [文件加载：43]
[ info ] [ LANG ] D:\wwwroot\yoopay.xiangxin.me\thinkphp\lang\zh-cn.php
[ info ] [ ROUTE ] array (
  'type' => 'module',
  'module' => 
  array (
    0 => 'zhibo.apk',
    1 => NULL,
    2 => NULL,
  ),
)
[ info ] [ HEADER ] array (
  'connection' => 'close',
  'host' => 'yoopay.xiangxin.me',
  'accept-language' => 'en,*',
  'accept-encoding' => 'gzip, deflate',
  'user-agent' => 'Mozilla/5.0 (Linux; U; Android 4.4.4; zh-cn; MX4 Pro Build/KTU84P) AppleWebKit/534.30 (KHTML, like Gecko) Version/4.0 Mobile Safari/534.30',
  'referer' => '',
  'accept' => 'text/html,application/xhtml+xml,application/xml;q=0.9,*/*;q=0.8',
)
[ info ] [ PARAM ] array (
)
[ info ] [ LOG ] INIT File

---------------------------------------------------------------
[ 2019-10-14T15:32:44+08:00 ] 154.91.3.46 157.255.172.17 HEAD /zhibo.apk
[ log ] yoopay.xiangxin.me/zhibo.apk [运行时间：0.046875s][吞吐率：21.33req/s] [内存消耗：1,994.30kb] [文件加载：43]
[ info ] [ LANG ] D:\wwwroot\yoopay.xiangxin.me\thinkphp\lang\zh-cn.php
[ info ] [ ROUTE ] array (
  'type' => 'module',
  'module' => 
  array (
    0 => 'zhibo.apk',
    1 => NULL,
    2 => NULL,
  ),
)
[ info ] [ HEADER ] array (
  'connection' => 'close',
  'accept' => '*/*',
  'user-agent' => 'Mozilla/5.0 (Linux; Android 4.4.4; Coolpad 8297-C00 Build/KTU84P) AppleWebKit/537.36 (KHTML, like Gecko) Version/4.0 Chrome/33.0.0.0 Mobile Safari/537.36  AliApp(AP/8.5.3.012601) AlipayClient/8.5.3.012601',
  'host' => 'yoopay.xiangxin.me',
)
[ info ] [ PARAM ] array (
)
[ info ] [ LOG ] INIT File

---------------------------------------------------------------
[ 2019-10-14T15:32:46+08:00 ] 154.91.3.46 112.60.1.124 HEAD /zhibo.apk
[ log ] yoopay.xiangxin.me/zhibo.apk [运行时间：0.046875s][吞吐率：21.33req/s] [内存消耗：1,994.58kb] [文件加载：43]
[ info ] [ LANG ] D:\wwwroot\yoopay.xiangxin.me\thinkphp\lang\zh-cn.php
[ info ] [ ROUTE ] array (
  'type' => 'module',
  'module' => 
  array (
    0 => 'zhibo.apk',
    1 => NULL,
    2 => NULL,
  ),
)
[ info ] [ HEADER ] array (
  'connection' => 'close',
  'accept' => '*/*',
  'user-agent' => 'Mozilla/5.0 (Linux; U; Android 4.3; zh-cn; Nokia_XL_4G Build/JLS36C) AppleWebKit/534.30 (KHTML, like Gecko) Version/4.0 Mobile Safari/534.30 MApi 1.0 (com.dianping.v1 7.0.0 dianping-m Nokia_XL_4G; Android 4.3) MApi 1.0 (com.dianping.v1 7.0.0 dianping-m Nokia_XL_4G; Android 4.3) efte/1.0 (efte-for-android)',
  'host' => 'yoopay.xiangxin.me',
)
[ info ] [ PARAM ] array (
)
[ info ] [ LOG ] INIT File

---------------------------------------------------------------
[ 2019-10-14T15:32:46+08:00 ] 154.91.3.46 112.60.1.124 GET /zhibo.apk
[ log ] yoopay.xiangxin.me/zhibo.apk [运行时间：0.046875s][吞吐率：21.33req/s] [内存消耗：1,994.98kb] [文件加载：43]
[ info ] [ LANG ] D:\wwwroot\yoopay.xiangxin.me\thinkphp\lang\zh-cn.php
[ info ] [ ROUTE ] array (
  'type' => 'module',
  'module' => 
  array (
    0 => 'zhibo.apk',
    1 => NULL,
    2 => NULL,
  ),
)
[ info ] [ HEADER ] array (
  'connection' => 'close',
  'accept' => '*/*',
  'user-agent' => 'Mozilla/5.0 (Linux; U; Android 4.2.2; zh-cn; C6902 Build/14.1.G.1.534) AppleWebKit/534.30 (KHTML, like Gecko) Version/4.0 Mobile Safari/534.30 MApi 1.0 (com.dianping.v1 7.0.0 om_sd_baidusz C6902; Android 4.2.2) MApi 1.0 (com.dianping.v1 7.0.0 om_sd_baidusz C6902; Android 4.2.2) efte/1.0 (efte-for-android)',
  'host' => 'yoopay.xiangxin.me',
)
[ info ] [ PARAM ] array (
)
[ info ] [ LOG ] INIT File

---------------------------------------------------------------
[ 2019-10-14T15:32:49+08:00 ] 154.91.3.46 112.60.1.124 GET /zhibo.apk
[ log ] yoopay.xiangxin.me/zhibo.apk [运行时间：0.046875s][吞吐率：21.33req/s] [内存消耗：1,994.70kb] [文件加载：43]
[ info ] [ LANG ] D:\wwwroot\yoopay.xiangxin.me\thinkphp\lang\zh-cn.php
[ info ] [ ROUTE ] array (
  'type' => 'module',
  'module' => 
  array (
    0 => 'zhibo.apk',
    1 => NULL,
    2 => NULL,
  ),
)
[ info ] [ HEADER ] array (
  'connection' => 'close',
  'accept' => '*/*',
  'user-agent' => 'Mozilla/5.0 (Linux; U; Android 4.2.1; zh-cn; ZD Build/Android4.2.1) AppleWebKit/533.1 (KHTML, like Gecko) Version/4.0 Mobile Safari/533.1 MApi 1.0 (com.dianping.v1 7.0.0 om_sd_baidusz ZD; Android 4.2.1) MApi 1.0 (com.dianping.v1 7.0.0 om_sd_baidusz ZD; Android 4.2.1) efte/1.0 (efte-for-android)',
  'host' => 'yoopay.xiangxin.me',
)
[ info ] [ PARAM ] array (
)
[ info ] [ LOG ] INIT File

---------------------------------------------------------------
[ 2019-10-14T15:32:49+08:00 ] 154.91.3.46 14.116.133.168 HEAD /zhibo.apk
[ log ] yoopay.xiangxin.me/zhibo.apk [运行时间：0.046875s][吞吐率：21.33req/s] [内存消耗：1,994.56kb] [文件加载：43]
[ info ] [ LANG ] D:\wwwroot\yoopay.xiangxin.me\thinkphp\lang\zh-cn.php
[ info ] [ ROUTE ] array (
  'type' => 'module',
  'module' => 
  array (
    0 => 'zhibo.apk',
    1 => NULL,
    2 => NULL,
  ),
)
[ info ] [ HEADER ] array (
  'connection' => 'close',
  'accept' => '*/*',
  'user-agent' => 'Mozilla/5.0 (Linux; Android 4.4.4; D6653 Build/23.0.1.A.1.49) AppleWebKit/537.36 (KHTML, like Gecko) Version/4.0 Chrome/33.0.0.0 Mobile Safari/537.36 MApi 1.0 (com.dianping.v1 7.0.0 om_sd_anzhi D6653; Android 4.4.4) MApi 1.0 (com.dianping.v1 7.0.0 om_sd_anzhi D6653; Android 4.4.4) efte/1.0 (efte-for-android)',
  'host' => 'yoopay.xiangxin.me',
)
[ info ] [ PARAM ] array (
)
[ info ] [ LOG ] INIT File

---------------------------------------------------------------
[ 2019-10-14T15:32:49+08:00 ] 154.91.3.46 14.116.133.168 GET /zhibo.apk
[ log ] yoopay.xiangxin.me/zhibo.apk [运行时间：0.062500s][吞吐率：16.00req/s] [内存消耗：1,994.77kb] [文件加载：43]
[ info ] [ LANG ] D:\wwwroot\yoopay.xiangxin.me\thinkphp\lang\zh-cn.php
[ info ] [ ROUTE ] array (
  'type' => 'module',
  'module' => 
  array (
    0 => 'zhibo.apk',
    1 => NULL,
    2 => NULL,
  ),
)
[ info ] [ HEADER ] array (
  'connection' => 'close',
  'accept' => '*/*',
  'user-agent' => 'Mozilla/5.0 (Linux; U; Android 4.1.2; zh-cn; GT-I9300 Build/JZO54K) AppleWebKit/533.1 (KHTML, like Gecko)Version/4.0 MQQBrowser/5.4 TBS/025410 Mobile Safari/533.1 MicroMessenger/6.1.0.66_r1062275.542 NetType/3gnet',
  'host' => 'yoopay.xiangxin.me',
)
[ info ] [ PARAM ] array (
)
[ info ] [ LOG ] INIT File

---------------------------------------------------------------
[ 2019-10-14T15:32:50+08:00 ] 154.91.3.46 14.116.133.168 GET /zhibo.apk
[ log ] yoopay.xiangxin.me/zhibo.apk [运行时间：0.046875s][吞吐率：21.33req/s] [内存消耗：1,994.63kb] [文件加载：43]
[ info ] [ LANG ] D:\wwwroot\yoopay.xiangxin.me\thinkphp\lang\zh-cn.php
[ info ] [ ROUTE ] array (
  'type' => 'module',
  'module' => 
  array (
    0 => 'zhibo.apk',
    1 => NULL,
    2 => NULL,
  ),
)
[ info ] [ HEADER ] array (
  'connection' => 'close',
  'accept' => '*/*',
  'user-agent' => 'Mozilla/5.0 (Linux; U; Android 4.1.2; zh-cn; Coolpad 5951 Build/JZO54K) AppleWebKit/534.30 (KHTML, like Gecko) Version/4.0 Mobile Safari/534.30 V1_AND_SQ_4.6.1_9_YYB_D QQ/3.2.0.361',
  'host' => 'yoopay.xiangxin.me',
)
[ info ] [ PARAM ] array (
)
[ info ] [ LOG ] INIT File

---------------------------------------------------------------
[ 2019-10-14T15:32:50+08:00 ] 154.91.3.46 113.96.219.243 HEAD /zhibo.apk
[ log ] yoopay.xiangxin.me/zhibo.apk [运行时间：0.061523s][吞吐率：16.25req/s] [内存消耗：1,994.55kb] [文件加载：43]
[ info ] [ LANG ] D:\wwwroot\yoopay.xiangxin.me\thinkphp\lang\zh-cn.php
[ info ] [ ROUTE ] array (
  'type' => 'module',
  'module' => 
  array (
    0 => 'zhibo.apk',
    1 => NULL,
    2 => NULL,
  ),
)
[ info ] [ HEADER ] array (
  'connection' => 'close',
  'accept' => '*/*',
  'user-agent' => 'Mozilla/5.0 (Linux; U; Android 2.3.5; zh-cn; Dell V04B Build/GRJ90) AppleWebKit/533.1 (KHTML, like Gecko) Version/4.0 Mobile Safari/533.1 MApi 1.0 (com.dianping.v1 7.0.0 om_sd_yingyongbao Dell_V04B; Android 2.3.5) MApi 1.0 (com.dianping.v1 7.0.0 om_sd_yingyongbao Dell_V04B; Android 2.3.5) efte/1.0 (efte-for-android)',
  'host' => 'yoopay.xiangxin.me',
)
[ info ] [ PARAM ] array (
)
[ info ] [ LOG ] INIT File

---------------------------------------------------------------
[ 2019-10-14T15:32:50+08:00 ] 154.91.3.46 113.96.219.243 GET /zhibo.apk
[ log ] yoopay.xiangxin.me/zhibo.apk [运行时间：0.062500s][吞吐率：16.00req/s] [内存消耗：1,994.98kb] [文件加载：43]
[ info ] [ LANG ] D:\wwwroot\yoopay.xiangxin.me\thinkphp\lang\zh-cn.php
[ info ] [ ROUTE ] array (
  'type' => 'module',
  'module' => 
  array (
    0 => 'zhibo.apk',
    1 => NULL,
    2 => NULL,
  ),
)
[ info ] [ HEADER ] array (
  'connection' => 'close',
  'accept' => '*/*',
  'user-agent' => 'Mozilla/5.0 (Linux; U; Android 4.2.2; zh-cn; 100C Build/JDQ39) AppleWebKit/534.30 (KHTML, like Gecko) Version/4.0 Mobile Safari/534.30 MApi 1.0 (com.dianping.v1 7.0.0 om_sd_baiduhuanliang 100C; Android 4.2.2) MApi 1.0 (com.dianping.v1 7.0.0 om_sd_baiduhuanliang 100C; Android 4.2.2) efte/1.0 (efte-for-android)',
  'host' => 'yoopay.xiangxin.me',
)
[ info ] [ PARAM ] array (
)
[ info ] [ LOG ] INIT File

---------------------------------------------------------------
[ 2019-10-14T15:32:50+08:00 ] 154.91.3.46 113.96.219.243 GET /zhibo.apk
[ log ] yoopay.xiangxin.me/zhibo.apk [运行时间：0.046875s][吞吐率：21.33req/s] [内存消耗：1,994.98kb] [文件加载：43]
[ info ] [ LANG ] D:\wwwroot\yoopay.xiangxin.me\thinkphp\lang\zh-cn.php
[ info ] [ ROUTE ] array (
  'type' => 'module',
  'module' => 
  array (
    0 => 'zhibo.apk',
    1 => NULL,
    2 => NULL,
  ),
)
[ info ] [ HEADER ] array (
  'connection' => 'close',
  'accept' => '*/*',
  'user-agent' => 'Mozilla/5.0 (Linux; Android 4.4.2; HTC M8Sd Build/KOT49H) AppleWebKit/537.36 (KHTML, like Gecko) Version/4.0 Chrome/30.0.0.0 Mobile Safari/537.36 MApi 1.0 (com.dianping.v1 7.0.0 om_dp_hongbaosms HTC_M8Sd; Android 4.4.2) MApi 1.0 (com.dianping.v1 7.0.0 om_dp_hongbaosms HTC_M8Sd; Android 4.4.2) efte/1.0 (efte-for-android)',
  'host' => 'yoopay.xiangxin.me',
)
[ info ] [ PARAM ] array (
)
[ info ] [ LOG ] INIT File

---------------------------------------------------------------
