[ 2019-10-18T12:40:44+08:00 ] 154.91.3.46 58.59.158.94 GET /
[ log ] yoopay.xiangxin.me/ [运行时间：0.468750s][吞吐率：2.13req/s] [内存消耗：4,135.45kb] [文件加载：67]
[ info ] [ LANG ] D:\wwwroot\yoopay.xiangxin.me\thinkphp\lang\zh-cn.php
[ info ] [ ROUTE ] array (
  'type' => 'module',
  'module' => 
  array (
    0 => '',
    1 => NULL,
    2 => NULL,
  ),
)
[ info ] [ HEADER ] array (
  'cookie' => 'UM_distinctid=16dbba1607f2bb-0bad97309c3a8c-366b4108-144000-16dbba160825d1',
  'accept-language' => 'zh-CN,zh;q=0.9',
  'accept-encoding' => 'gzip, deflate',
  'accept' => 'text/html,application/xhtml+xml,application/xml;q=0.9,image/webp,image/apng,*/*;q=0.8',
  'user-agent' => 'Mozilla/5.0 (Windows NT 10.0; WOW64) AppleWebKit/537.36 (KHTML, like Gecko) Chrome/69.0.3947.100 Safari/537.36',
  'upgrade-insecure-requests' => '1',
  'connection' => 'close',
  'host' => 'yoopay.xiangxin.me',
)
[ info ] [ PARAM ] array (
)
[ info ] [ SESSION ] INIT array (
  'id' => '',
  'var_session_id' => '',
  'prefix' => 'think',
  'type' => '',
  'auto_start' => true,
)
[ info ] [ CACHE ] INIT File
[ info ] [ DB ] INIT mysql
[ info ] [ LOG ] INIT File
[ sql ] [ DB ] CONNECT:[ UseTime:0.015625s ] mysql:dbname=yoopay_xiangxin_;host=127.0.0.1;charset=utf8
[ sql ] [ SQL ] SHOW COLUMNS FROM `cmm_setting` [ RunTime:0.015625s ]
[ sql ] [ SQL ] SELECT * FROM `cmm_setting` WHERE  `id` > 0 ORDER BY id desc [ RunTime:0.000000s ]
[ sql ] [ SQL ] SHOW COLUMNS FROM `cmm_usersetting` [ RunTime:0.015625s ]
[ sql ] [ SQL ] SELECT * FROM `cmm_usersetting` WHERE  `id` > 0 LIMIT 1 [ RunTime:0.000000s ]

---------------------------------------------------------------
[ 2019-10-18T12:40:44+08:00 ] 154.91.3.46 58.59.158.94 GET /login
[ log ] yoopay.xiangxin.me/login [运行时间：0.125000s][吞吐率：8.00req/s] [内存消耗：2,431.18kb] [文件加载：51]
[ info ] [ LANG ] D:\wwwroot\yoopay.xiangxin.me\thinkphp\lang\zh-cn.php
[ info ] [ ROUTE ] array (
  'type' => 'module',
  'module' => 
  array (
    0 => 'index',
    1 => 'login',
    2 => 'login',
  ),
  'convert' => false,
)
[ info ] [ HEADER ] array (
  'cookie' => 'UM_distinctid=16dbba1607f2bb-0bad97309c3a8c-366b4108-144000-16dbba160825d1; PHPSESSID=c6tk8g4p0hgdqnratm8083otq4',
  'accept-language' => 'zh-CN,zh;q=0.9',
  'accept-encoding' => 'gzip, deflate',
  'accept' => 'text/html,application/xhtml+xml,application/xml;q=0.9,image/webp,image/apng,*/*;q=0.8',
  'user-agent' => 'Mozilla/5.0 (Windows NT 10.0; WOW64) AppleWebKit/537.36 (KHTML, like Gecko) Chrome/69.0.3947.100 Safari/537.36',
  'upgrade-insecure-requests' => '1',
  'connection' => 'close',
  'host' => 'yoopay.xiangxin.me',
)
[ info ] [ PARAM ] array (
)
[ info ] [ RUN ] app\index\controller\Login->login[ D:\wwwroot\yoopay.xiangxin.me\application\index\controller\Login.php ]
[ info ] [ CACHE ] INIT File
[ info ] [ VIEW ] D:\wwwroot\yoopay.xiangxin.me\public/../application/index\view\login\login.html [ array (
) ]
[ info ] [ LOG ] INIT File

---------------------------------------------------------------
[ 2019-10-18T15:24:10+08:00 ] 154.91.3.46 116.252.232.174 GET /
[ log ] yoopay.xiangxin.me/ [运行时间：0.218750s][吞吐率：4.57req/s] [内存消耗：4,135.54kb] [文件加载：67]
[ info ] [ LANG ] D:\wwwroot\yoopay.xiangxin.me\thinkphp\lang\zh-cn.php
[ info ] [ ROUTE ] array (
  'type' => 'module',
  'module' => 
  array (
    0 => '',
    1 => NULL,
    2 => NULL,
  ),
)
[ info ] [ HEADER ] array (
  'cookie' => 'UM_distinctid=16d5e18daa415-003d07874a3f1c-2d604637-3d10d-16d5e18daa621a',
  'accept-language' => 'zh-CN,zh;q=0.9',
  'accept-encoding' => 'gzip, deflate',
  'accept' => 'text/html,application/xhtml+xml,application/xml;q=0.9,image/webp,image/apng,*/*;q=0.8,application/signed-exchange;v=b3',
  'user-agent' => 'Mozilla/5.0 (Windows NT 10.0; Win64; x64) AppleWebKit/537.36 (KHTML, like Gecko) Chrome/75.0.3770.100 Safari/537.36',
  'upgrade-insecure-requests' => '1',
  'connection' => 'close',
  'host' => 'yoopay.xiangxin.me',
)
[ info ] [ PARAM ] array (
)
[ info ] [ SESSION ] INIT array (
  'id' => '',
  'var_session_id' => '',
  'prefix' => 'think',
  'type' => '',
  'auto_start' => true,
)
[ info ] [ CACHE ] INIT File
[ info ] [ DB ] INIT mysql
[ info ] [ LOG ] INIT File
[ sql ] [ DB ] CONNECT:[ UseTime:0.015625s ] mysql:dbname=yoopay_xiangxin_;host=127.0.0.1;charset=utf8
[ sql ] [ SQL ] SHOW COLUMNS FROM `cmm_setting` [ RunTime:0.000000s ]
[ sql ] [ SQL ] SELECT * FROM `cmm_setting` WHERE  `id` > 0 ORDER BY id desc [ RunTime:0.000000s ]
[ sql ] [ SQL ] SHOW COLUMNS FROM `cmm_usersetting` [ RunTime:0.015625s ]
[ sql ] [ SQL ] SELECT * FROM `cmm_usersetting` WHERE  `id` > 0 LIMIT 1 [ RunTime:0.000000s ]

---------------------------------------------------------------
[ 2019-10-18T15:24:10+08:00 ] 154.91.3.46 116.252.232.174 GET /login
[ log ] yoopay.xiangxin.me/login [运行时间：0.093750s][吞吐率：10.67req/s] [内存消耗：2,431.37kb] [文件加载：51]
[ info ] [ LANG ] D:\wwwroot\yoopay.xiangxin.me\thinkphp\lang\zh-cn.php
[ info ] [ ROUTE ] array (
  'type' => 'module',
  'module' => 
  array (
    0 => 'index',
    1 => 'login',
    2 => 'login',
  ),
  'convert' => false,
)
[ info ] [ HEADER ] array (
  'cookie' => 'UM_distinctid=16d5e18daa415-003d07874a3f1c-2d604637-3d10d-16d5e18daa621a; PHPSESSID=98n5np3tkdeo5f2e4987hjk7p4',
  'accept-language' => 'zh-CN,zh;q=0.9',
  'accept-encoding' => 'gzip, deflate',
  'accept' => 'text/html,application/xhtml+xml,application/xml;q=0.9,image/webp,image/apng,*/*;q=0.8,application/signed-exchange;v=b3',
  'user-agent' => 'Mozilla/5.0 (Windows NT 10.0; Win64; x64) AppleWebKit/537.36 (KHTML, like Gecko) Chrome/75.0.3770.100 Safari/537.36',
  'upgrade-insecure-requests' => '1',
  'connection' => 'close',
  'host' => 'yoopay.xiangxin.me',
)
[ info ] [ PARAM ] array (
)
[ info ] [ RUN ] app\index\controller\Login->login[ D:\wwwroot\yoopay.xiangxin.me\application\index\controller\Login.php ]
[ info ] [ CACHE ] INIT File
[ info ] [ VIEW ] D:\wwwroot\yoopay.xiangxin.me\public/../application/index\view\login\login.html [ array (
) ]
[ info ] [ LOG ] INIT File

---------------------------------------------------------------
[ 2019-10-18T15:55:35+08:00 ] 154.91.3.46 58.59.158.94 GET /admin
[ log ] yoopay.xiangxin.me/admin [运行时间：0.078125s][吞吐率：12.80req/s] [内存消耗：1,996.27kb] [文件加载：43]
[ info ] [ LANG ] D:\wwwroot\yoopay.xiangxin.me\thinkphp\lang\zh-cn.php
[ info ] [ ROUTE ] array (
  'type' => 'module',
  'module' => 
  array (
    0 => 'admin',
    1 => NULL,
    2 => NULL,
  ),
)
[ info ] [ HEADER ] array (
  'cookie' => 'UM_distinctid=16dbba1607f2bb-0bad97309c3a8c-366b4108-144000-16dbba160825d1; PHPSESSID=c6tk8g4p0hgdqnratm8083otq4',
  'accept-language' => 'zh-CN,zh;q=0.9',
  'accept-encoding' => 'gzip, deflate',
  'accept' => 'text/html,application/xhtml+xml,application/xml;q=0.9,image/webp,image/apng,*/*;q=0.8',
  'user-agent' => 'Mozilla/5.0 (Windows NT 10.0; WOW64) AppleWebKit/537.36 (KHTML, like Gecko) Chrome/69.0.3947.100 Safari/537.36',
  'upgrade-insecure-requests' => '1',
  'connection' => 'close',
  'host' => 'yoopay.xiangxin.me',
)
[ info ] [ PARAM ] array (
)
[ info ] [ LOG ] INIT File

---------------------------------------------------------------
[ 2019-10-18T15:55:42+08:00 ] 154.91.3.46 58.59.158.94 GET /
[ log ] yoopay.xiangxin.me/ [运行时间：0.125000s][吞吐率：8.00req/s] [内存消耗：4,135.34kb] [文件加载：67]
[ info ] [ LANG ] D:\wwwroot\yoopay.xiangxin.me\thinkphp\lang\zh-cn.php
[ info ] [ ROUTE ] array (
  'type' => 'module',
  'module' => 
  array (
    0 => '',
    1 => NULL,
    2 => NULL,
  ),
)
[ info ] [ HEADER ] array (
  'cookie' => 'UM_distinctid=16dbba1607f2bb-0bad97309c3a8c-366b4108-144000-16dbba160825d1; PHPSESSID=c6tk8g4p0hgdqnratm8083otq4',
  'accept-language' => 'zh-CN,zh;q=0.9',
  'accept-encoding' => 'gzip, deflate',
  'accept' => 'text/html,application/xhtml+xml,application/xml;q=0.9,image/webp,image/apng,*/*;q=0.8',
  'user-agent' => 'Mozilla/5.0 (Windows NT 10.0; WOW64) AppleWebKit/537.36 (KHTML, like Gecko) Chrome/69.0.3947.100 Safari/537.36',
  'upgrade-insecure-requests' => '1',
  'connection' => 'close',
  'host' => 'yoopay.xiangxin.me',
)
[ info ] [ PARAM ] array (
)
[ info ] [ SESSION ] INIT array (
  'id' => '',
  'var_session_id' => '',
  'prefix' => 'think',
  'type' => '',
  'auto_start' => true,
)
[ info ] [ CACHE ] INIT File
[ info ] [ DB ] INIT mysql
[ info ] [ LOG ] INIT File
[ sql ] [ DB ] CONNECT:[ UseTime:0.000000s ] mysql:dbname=yoopay_xiangxin_;host=127.0.0.1;charset=utf8
[ sql ] [ SQL ] SHOW COLUMNS FROM `cmm_setting` [ RunTime:0.015625s ]
[ sql ] [ SQL ] SELECT * FROM `cmm_setting` WHERE  `id` > 0 ORDER BY id desc [ RunTime:0.000000s ]
[ sql ] [ SQL ] SHOW COLUMNS FROM `cmm_usersetting` [ RunTime:0.000000s ]
[ sql ] [ SQL ] SELECT * FROM `cmm_usersetting` WHERE  `id` > 0 LIMIT 1 [ RunTime:0.000000s ]

---------------------------------------------------------------
[ 2019-10-18T15:55:42+08:00 ] 154.91.3.46 58.59.158.94 GET /login
[ log ] yoopay.xiangxin.me/login [运行时间：0.046875s][吞吐率：21.33req/s] [内存消耗：2,431.18kb] [文件加载：51]
[ info ] [ LANG ] D:\wwwroot\yoopay.xiangxin.me\thinkphp\lang\zh-cn.php
[ info ] [ ROUTE ] array (
  'type' => 'module',
  'module' => 
  array (
    0 => 'index',
    1 => 'login',
    2 => 'login',
  ),
  'convert' => false,
)
[ info ] [ HEADER ] array (
  'cookie' => 'UM_distinctid=16dbba1607f2bb-0bad97309c3a8c-366b4108-144000-16dbba160825d1; PHPSESSID=c6tk8g4p0hgdqnratm8083otq4',
  'accept-language' => 'zh-CN,zh;q=0.9',
  'accept-encoding' => 'gzip, deflate',
  'accept' => 'text/html,application/xhtml+xml,application/xml;q=0.9,image/webp,image/apng,*/*;q=0.8',
  'user-agent' => 'Mozilla/5.0 (Windows NT 10.0; WOW64) AppleWebKit/537.36 (KHTML, like Gecko) Chrome/69.0.3947.100 Safari/537.36',
  'upgrade-insecure-requests' => '1',
  'connection' => 'close',
  'host' => 'yoopay.xiangxin.me',
)
[ info ] [ PARAM ] array (
)
[ info ] [ RUN ] app\index\controller\Login->login[ D:\wwwroot\yoopay.xiangxin.me\application\index\controller\Login.php ]
[ info ] [ CACHE ] INIT File
[ info ] [ VIEW ] D:\wwwroot\yoopay.xiangxin.me\public/../application/index\view\login\login.html [ array (
) ]
[ info ] [ LOG ] INIT File

---------------------------------------------------------------
[ 2019-10-18T15:57:13+08:00 ] 154.91.3.46 58.59.158.94 GET /admincmsby
[ log ] yoopay.xiangxin.me/admincmsby [运行时间：0.125000s][吞吐率：8.00req/s] [内存消耗：2,394.01kb] [文件加载：49]
[ info ] [ LANG ] D:\wwwroot\yoopay.xiangxin.me\thinkphp\lang\zh-cn.php
[ info ] [ ROUTE ] array (
  'type' => 'module',
  'module' => 
  array (
    0 => 'admincmsby',
    1 => NULL,
    2 => NULL,
  ),
)
[ info ] [ HEADER ] array (
  'cookie' => 'UM_distinctid=16dbba1607f2bb-0bad97309c3a8c-366b4108-144000-16dbba160825d1; PHPSESSID=c6tk8g4p0hgdqnratm8083otq4',
  'accept-language' => 'zh-CN,zh;q=0.9',
  'accept-encoding' => 'gzip, deflate',
  'accept' => 'text/html,application/xhtml+xml,application/xml;q=0.9,image/webp,image/apng,*/*;q=0.8',
  'user-agent' => 'Mozilla/5.0 (Windows NT 10.0; WOW64) AppleWebKit/537.36 (KHTML, like Gecko) Chrome/69.0.3947.100 Safari/537.36',
  'upgrade-insecure-requests' => '1',
  'connection' => 'close',
  'host' => 'yoopay.xiangxin.me',
)
[ info ] [ PARAM ] array (
)
[ info ] [ RUN ] app\admincmsby\controller\Index->index[ D:\wwwroot\yoopay.xiangxin.me\application\admincmsby\controller\Index.php ]
[ info ] [ VIEW ] D:\wwwroot\yoopay.xiangxin.me\public/../application/admincmsby\view\index\index.html [ array (
) ]
[ info ] [ LOG ] INIT File

---------------------------------------------------------------
[ 2019-10-18T15:57:13+08:00 ] 154.91.3.46 58.59.158.94 GET /captcha.html
[ log ] yoopay.xiangxin.me/captcha.html [运行时间：0.109375s][吞吐率：9.14req/s] [内存消耗：2,019.28kb] [文件加载：42]
[ info ] [ LANG ] D:\wwwroot\yoopay.xiangxin.me\thinkphp\lang\zh-cn.php
[ info ] [ ROUTE ] array (
  'type' => 'method',
  'method' => 
  array (
    0 => '\\think\\captcha\\CaptchaController',
    1 => 'index',
  ),
  'var' => 
  array (
  ),
)
[ info ] [ HEADER ] array (
  'cookie' => 'UM_distinctid=16dbba1607f2bb-0bad97309c3a8c-366b4108-144000-16dbba160825d1; PHPSESSID=c6tk8g4p0hgdqnratm8083otq4',
  'accept-language' => 'zh-CN,zh;q=0.9',
  'accept-encoding' => 'gzip, deflate',
  'referer' => 'http://yoopay.xiangxin.me/admincmsby',
  'accept' => 'image/webp,image/apng,image/*,*/*;q=0.8',
  'user-agent' => 'Mozilla/5.0 (Windows NT 10.0; WOW64) AppleWebKit/537.36 (KHTML, like Gecko) Chrome/69.0.3947.100 Safari/537.36',
  'connection' => 'close',
  'host' => 'yoopay.xiangxin.me',
)
[ info ] [ PARAM ] array (
  'id' => NULL,
)
[ info ] [ RUN ] think\captcha\CaptchaController->index[ D:\wwwroot\yoopay.xiangxin.me\vendor\topthink\think-captcha\src\CaptchaController.php ]
[ info ] [ SESSION ] INIT array (
  'id' => '',
  'var_session_id' => '',
  'prefix' => 'think',
  'type' => '',
  'auto_start' => true,
)
[ info ] [ LOG ] INIT File

---------------------------------------------------------------
[ 2019-10-18T15:57:33+08:00 ] 154.91.3.46 58.59.158.94 POST /admincmsby/index/login.html
[ log ] yoopay.xiangxin.me/admincmsby/index/login.html [运行时间：0.218750s][吞吐率：4.57req/s] [内存消耗：4,039.63kb] [文件加载：67]
[ info ] [ LANG ] D:\wwwroot\yoopay.xiangxin.me\thinkphp\lang\zh-cn.php
[ info ] [ ROUTE ] array (
  'type' => 'module',
  'module' => 
  array (
    0 => 'admincmsby',
    1 => 'index',
    2 => 'login',
  ),
)
[ info ] [ HEADER ] array (
  'cookie' => 'UM_distinctid=16dbba1607f2bb-0bad97309c3a8c-366b4108-144000-16dbba160825d1; PHPSESSID=c6tk8g4p0hgdqnratm8083otq4',
  'accept-language' => 'zh-CN,zh;q=0.9',
  'accept-encoding' => 'gzip, deflate',
  'referer' => 'http://yoopay.xiangxin.me/admincmsby',
  'content-type' => 'application/x-www-form-urlencoded; charset=UTF-8',
  'user-agent' => 'Mozilla/5.0 (Windows NT 10.0; WOW64) AppleWebKit/537.36 (KHTML, like Gecko) Chrome/69.0.3947.100 Safari/537.36',
  'x-requested-with' => 'XMLHttpRequest',
  'origin' => 'http://yoopay.xiangxin.me',
  'accept' => 'application/json, text/javascript, */*; q=0.01',
  'content-length' => '40',
  'connection' => 'close',
  'host' => 'yoopay.xiangxin.me',
)
[ info ] [ PARAM ] array (
  'username' => 'admin',
  'password' => '123456',
  'code' => 'vpht',
)
[ info ] [ RUN ] app\admincmsby\controller\Index->login[ D:\wwwroot\yoopay.xiangxin.me\application\admincmsby\controller\Index.php ]
[ info ] [ SESSION ] INIT array (
  'id' => '',
  'var_session_id' => '',
  'prefix' => 'think',
  'type' => '',
  'auto_start' => true,
)
[ info ] [ DB ] INIT mysql
[ info ] [ CACHE ] INIT File
[ info ] [ LOG ] INIT File
[ sql ] [ DB ] CONNECT:[ UseTime:0.000000s ] mysql:dbname=yoopay_xiangxin_;host=127.0.0.1;charset=utf8
[ sql ] [ SQL ] SHOW COLUMNS FROM `cmm_admin` [ RunTime:0.015625s ]
[ sql ] [ SQL ] SELECT `id`,`account`,`loginarea`,`loginip`,`logintime`,`email`,`status`,`power`,`lastip`,`group`,`addtime`,`logincount` FROM `cmm_admin` WHERE  `account` = 'admin'  AND `password` = '10470c3b4b1fed12c3baac014be15fac67c6e815' LIMIT 1 [ RunTime:0.000000s ]
[ sql ] [ SQL ] SHOW COLUMNS FROM `cmm_loginlog` [ RunTime:0.000000s ]
[ sql ] [ SQL ] INSERT INTO `cmm_loginlog` (`uid` , `user` , `description` , `area` , `loginip` , `addtime`) VALUES (0 , 'admin' , '<div style=\"color:red;\">用户不存在或者登录密码错误</div>' , '广西南宁市武鸣县.电信' , '58.59.158.94' , 1571385453) [ RunTime:0.000000s ]

---------------------------------------------------------------
[ 2019-10-18T15:57:33+08:00 ] 154.91.3.46 58.59.158.94 GET /captcha.html?0.4960908137667426
[ log ] yoopay.xiangxin.me/captcha.html?0.4960908137667426 [运行时间：0.062500s][吞吐率：16.00req/s] [内存消耗：2,019.70kb] [文件加载：42]
[ info ] [ LANG ] D:\wwwroot\yoopay.xiangxin.me\thinkphp\lang\zh-cn.php
[ info ] [ ROUTE ] array (
  'type' => 'method',
  'method' => 
  array (
    0 => '\\think\\captcha\\CaptchaController',
    1 => 'index',
  ),
  'var' => 
  array (
  ),
)
[ info ] [ HEADER ] array (
  'cookie' => 'UM_distinctid=16dbba1607f2bb-0bad97309c3a8c-366b4108-144000-16dbba160825d1; PHPSESSID=c6tk8g4p0hgdqnratm8083otq4',
  'accept-language' => 'zh-CN,zh;q=0.9',
  'accept-encoding' => 'gzip, deflate',
  'referer' => 'http://yoopay.xiangxin.me/admincmsby',
  'accept' => 'image/webp,image/apng,image/*,*/*;q=0.8',
  'user-agent' => 'Mozilla/5.0 (Windows NT 10.0; WOW64) AppleWebKit/537.36 (KHTML, like Gecko) Chrome/69.0.3947.100 Safari/537.36',
  'connection' => 'close',
  'host' => 'yoopay.xiangxin.me',
)
[ info ] [ PARAM ] array (
  '0_4960908137667426' => '',
  'id' => NULL,
)
[ info ] [ RUN ] think\captcha\CaptchaController->index[ D:\wwwroot\yoopay.xiangxin.me\vendor\topthink\think-captcha\src\CaptchaController.php ]
[ info ] [ SESSION ] INIT array (
  'id' => '',
  'var_session_id' => '',
  'prefix' => 'think',
  'type' => '',
  'auto_start' => true,
)
[ info ] [ LOG ] INIT File

---------------------------------------------------------------
[ 2019-10-18T15:57:44+08:00 ] 154.91.3.46 58.59.158.94 POST /admincmsby/index/login.html
[ log ] yoopay.xiangxin.me/admincmsby/index/login.html [运行时间：0.078125s][吞吐率：12.80req/s] [内存消耗：2,402.32kb] [文件加载：49]
[ info ] [ LANG ] D:\wwwroot\yoopay.xiangxin.me\thinkphp\lang\zh-cn.php
[ info ] [ ROUTE ] array (
  'type' => 'module',
  'module' => 
  array (
    0 => 'admincmsby',
    1 => 'index',
    2 => 'login',
  ),
)
[ info ] [ HEADER ] array (
  'cookie' => 'UM_distinctid=16dbba1607f2bb-0bad97309c3a8c-366b4108-144000-16dbba160825d1; PHPSESSID=c6tk8g4p0hgdqnratm8083otq4',
  'accept-language' => 'zh-CN,zh;q=0.9',
  'accept-encoding' => 'gzip, deflate',
  'referer' => 'http://yoopay.xiangxin.me/admincmsby',
  'content-type' => 'application/x-www-form-urlencoded; charset=UTF-8',
  'user-agent' => 'Mozilla/5.0 (Windows NT 10.0; WOW64) AppleWebKit/537.36 (KHTML, like Gecko) Chrome/69.0.3947.100 Safari/537.36',
  'x-requested-with' => 'XMLHttpRequest',
  'origin' => 'http://yoopay.xiangxin.me',
  'accept' => 'application/json, text/javascript, */*; q=0.01',
  'content-length' => '40',
  'connection' => 'close',
  'host' => 'yoopay.xiangxin.me',
)
[ info ] [ PARAM ] array (
  'username' => 'admin',
  'password' => '888888',
  'code' => 'vpht',
)
[ info ] [ RUN ] app\admincmsby\controller\Index->login[ D:\wwwroot\yoopay.xiangxin.me\application\admincmsby\controller\Index.php ]
[ info ] [ SESSION ] INIT array (
  'id' => '',
  'var_session_id' => '',
  'prefix' => 'think',
  'type' => '',
  'auto_start' => true,
)
[ info ] [ LOG ] INIT File

---------------------------------------------------------------
[ 2019-10-18T15:57:44+08:00 ] 154.91.3.46 58.59.158.94 GET /captcha.html?0.546211306503747
[ log ] yoopay.xiangxin.me/captcha.html?0.546211306503747 [运行时间：0.062500s][吞吐率：16.00req/s] [内存消耗：2,019.70kb] [文件加载：42]
[ info ] [ LANG ] D:\wwwroot\yoopay.xiangxin.me\thinkphp\lang\zh-cn.php
[ info ] [ ROUTE ] array (
  'type' => 'method',
  'method' => 
  array (
    0 => '\\think\\captcha\\CaptchaController',
    1 => 'index',
  ),
  'var' => 
  array (
  ),
)
[ info ] [ HEADER ] array (
  'cookie' => 'UM_distinctid=16dbba1607f2bb-0bad97309c3a8c-366b4108-144000-16dbba160825d1; PHPSESSID=c6tk8g4p0hgdqnratm8083otq4',
  'accept-language' => 'zh-CN,zh;q=0.9',
  'accept-encoding' => 'gzip, deflate',
  'referer' => 'http://yoopay.xiangxin.me/admincmsby',
  'accept' => 'image/webp,image/apng,image/*,*/*;q=0.8',
  'user-agent' => 'Mozilla/5.0 (Windows NT 10.0; WOW64) AppleWebKit/537.36 (KHTML, like Gecko) Chrome/69.0.3947.100 Safari/537.36',
  'connection' => 'close',
  'host' => 'yoopay.xiangxin.me',
)
[ info ] [ PARAM ] array (
  '0_546211306503747' => '',
  'id' => NULL,
)
[ info ] [ RUN ] think\captcha\CaptchaController->index[ D:\wwwroot\yoopay.xiangxin.me\vendor\topthink\think-captcha\src\CaptchaController.php ]
[ info ] [ SESSION ] INIT array (
  'id' => '',
  'var_session_id' => '',
  'prefix' => 'think',
  'type' => '',
  'auto_start' => true,
)
[ info ] [ LOG ] INIT File

---------------------------------------------------------------
[ 2019-10-18T15:57:51+08:00 ] 154.91.3.46 58.59.158.94 POST /admincmsby/index/login.html
[ log ] yoopay.xiangxin.me/admincmsby/index/login.html [运行时间：0.188477s][吞吐率：5.31req/s] [内存消耗：4,039.63kb] [文件加载：67]
[ info ] [ LANG ] D:\wwwroot\yoopay.xiangxin.me\thinkphp\lang\zh-cn.php
[ info ] [ ROUTE ] array (
  'type' => 'module',
  'module' => 
  array (
    0 => 'admincmsby',
    1 => 'index',
    2 => 'login',
  ),
)
[ info ] [ HEADER ] array (
  'cookie' => 'UM_distinctid=16dbba1607f2bb-0bad97309c3a8c-366b4108-144000-16dbba160825d1; PHPSESSID=c6tk8g4p0hgdqnratm8083otq4',
  'accept-language' => 'zh-CN,zh;q=0.9',
  'accept-encoding' => 'gzip, deflate',
  'referer' => 'http://yoopay.xiangxin.me/admincmsby',
  'content-type' => 'application/x-www-form-urlencoded; charset=UTF-8',
  'user-agent' => 'Mozilla/5.0 (Windows NT 10.0; WOW64) AppleWebKit/537.36 (KHTML, like Gecko) Chrome/69.0.3947.100 Safari/537.36',
  'x-requested-with' => 'XMLHttpRequest',
  'origin' => 'http://yoopay.xiangxin.me',
  'accept' => 'application/json, text/javascript, */*; q=0.01',
  'content-length' => '40',
  'connection' => 'close',
  'host' => 'yoopay.xiangxin.me',
)
[ info ] [ PARAM ] array (
  'username' => 'admin',
  'password' => '888888',
  'code' => 'ARHU',
)
[ info ] [ RUN ] app\admincmsby\controller\Index->login[ D:\wwwroot\yoopay.xiangxin.me\application\admincmsby\controller\Index.php ]
[ info ] [ SESSION ] INIT array (
  'id' => '',
  'var_session_id' => '',
  'prefix' => 'think',
  'type' => '',
  'auto_start' => true,
)
[ info ] [ DB ] INIT mysql
[ info ] [ CACHE ] INIT File
[ info ] [ LOG ] INIT File
[ sql ] [ DB ] CONNECT:[ UseTime:0.031250s ] mysql:dbname=yoopay_xiangxin_;host=127.0.0.1;charset=utf8
[ sql ] [ SQL ] SHOW COLUMNS FROM `cmm_admin` [ RunTime:0.000000s ]
[ sql ] [ SQL ] SELECT `id`,`account`,`loginarea`,`loginip`,`logintime`,`email`,`status`,`power`,`lastip`,`group`,`addtime`,`logincount` FROM `cmm_admin` WHERE  `account` = 'admin'  AND `password` = 'aecd82d7f8f28062c94e9682781155dc1f1f818f' LIMIT 1 [ RunTime:0.000000s ]
[ sql ] [ SQL ] SHOW COLUMNS FROM `cmm_loginlog` [ RunTime:0.015625s ]
[ sql ] [ SQL ] INSERT INTO `cmm_loginlog` (`uid` , `user` , `description` , `area` , `loginip` , `addtime`) VALUES (0 , 'admin' , '<div style=\"color:red;\">用户不存在或者登录密码错误</div>' , '广西南宁市武鸣县.电信' , '58.59.158.94' , 1571385471) [ RunTime:0.000000s ]

---------------------------------------------------------------
[ 2019-10-18T15:57:51+08:00 ] 154.91.3.46 58.59.158.94 GET /captcha.html?0.6536132635715031
[ log ] yoopay.xiangxin.me/captcha.html?0.6536132635715031 [运行时间：0.046875s][吞吐率：21.33req/s] [内存消耗：2,019.70kb] [文件加载：42]
[ info ] [ LANG ] D:\wwwroot\yoopay.xiangxin.me\thinkphp\lang\zh-cn.php
[ info ] [ ROUTE ] array (
  'type' => 'method',
  'method' => 
  array (
    0 => '\\think\\captcha\\CaptchaController',
    1 => 'index',
  ),
  'var' => 
  array (
  ),
)
[ info ] [ HEADER ] array (
  'cookie' => 'UM_distinctid=16dbba1607f2bb-0bad97309c3a8c-366b4108-144000-16dbba160825d1; PHPSESSID=c6tk8g4p0hgdqnratm8083otq4',
  'accept-language' => 'zh-CN,zh;q=0.9',
  'accept-encoding' => 'gzip, deflate',
  'referer' => 'http://yoopay.xiangxin.me/admincmsby',
  'accept' => 'image/webp,image/apng,image/*,*/*;q=0.8',
  'user-agent' => 'Mozilla/5.0 (Windows NT 10.0; WOW64) AppleWebKit/537.36 (KHTML, like Gecko) Chrome/69.0.3947.100 Safari/537.36',
  'connection' => 'close',
  'host' => 'yoopay.xiangxin.me',
)
[ info ] [ PARAM ] array (
  '0_6536132635715031' => '',
  'id' => NULL,
)
[ info ] [ RUN ] think\captcha\CaptchaController->index[ D:\wwwroot\yoopay.xiangxin.me\vendor\topthink\think-captcha\src\CaptchaController.php ]
[ info ] [ SESSION ] INIT array (
  'id' => '',
  'var_session_id' => '',
  'prefix' => 'think',
  'type' => '',
  'auto_start' => true,
)
[ info ] [ LOG ] INIT File

---------------------------------------------------------------
[ 2019-10-18T16:04:42+08:00 ] 154.91.3.46 58.59.158.94 POST /admincmsby/index/login.html
[ log ] yoopay.xiangxin.me/admincmsby/index/login.html [运行时间：0.187500s][吞吐率：5.33req/s] [内存消耗：4,040.00kb] [文件加载：67]
[ info ] [ LANG ] D:\wwwroot\yoopay.xiangxin.me\thinkphp\lang\zh-cn.php
[ info ] [ ROUTE ] array (
  'type' => 'module',
  'module' => 
  array (
    0 => 'admincmsby',
    1 => 'index',
    2 => 'login',
  ),
)
[ info ] [ HEADER ] array (
  'cookie' => 'UM_distinctid=16dbba1607f2bb-0bad97309c3a8c-366b4108-144000-16dbba160825d1; PHPSESSID=c6tk8g4p0hgdqnratm8083otq4',
  'accept-language' => 'zh-CN,zh;q=0.9',
  'accept-encoding' => 'gzip, deflate',
  'referer' => 'http://yoopay.xiangxin.me/admincmsby',
  'content-type' => 'application/x-www-form-urlencoded; charset=UTF-8',
  'user-agent' => 'Mozilla/5.0 (Windows NT 10.0; WOW64) AppleWebKit/537.36 (KHTML, like Gecko) Chrome/69.0.3947.100 Safari/537.36',
  'x-requested-with' => 'XMLHttpRequest',
  'origin' => 'http://yoopay.xiangxin.me',
  'accept' => 'application/json, text/javascript, */*; q=0.01',
  'content-length' => '40',
  'connection' => 'close',
  'host' => 'yoopay.xiangxin.me',
)
[ info ] [ PARAM ] array (
  'username' => 'admin',
  'password' => '888888',
  'code' => '8IXY',
)
[ info ] [ RUN ] app\admincmsby\controller\Index->login[ D:\wwwroot\yoopay.xiangxin.me\application\admincmsby\controller\Index.php ]
[ info ] [ SESSION ] INIT array (
  'id' => '',
  'var_session_id' => '',
  'prefix' => 'think',
  'type' => '',
  'auto_start' => true,
)
[ info ] [ DB ] INIT mysql
[ info ] [ CACHE ] INIT File
[ info ] [ LOG ] INIT File
[ sql ] [ DB ] CONNECT:[ UseTime:0.015625s ] mysql:dbname=yoopay_xiangxin_;host=127.0.0.1;charset=utf8
[ sql ] [ SQL ] SHOW COLUMNS FROM `cmm_admin` [ RunTime:0.000000s ]
[ sql ] [ SQL ] SELECT `id`,`account`,`loginarea`,`loginip`,`logintime`,`email`,`status`,`power`,`lastip`,`group`,`addtime`,`logincount` FROM `cmm_admin` WHERE  `account` = 'admin'  AND `password` = 'aecd82d7f8f28062c94e9682781155dc1f1f818f' LIMIT 1 [ RunTime:0.000000s ]
[ sql ] [ SQL ] SHOW COLUMNS FROM `cmm_loginlog` [ RunTime:0.015625s ]
[ sql ] [ SQL ] INSERT INTO `cmm_loginlog` (`uid` , `user` , `description` , `area` , `loginip` , `addtime`) VALUES (0 , 'admin' , '<div style=\"color:red;\">用户不存在或者登录密码错误</div>aecd82d7f8f28062c94e9682781155dc1f1f818f' , '广西南宁市武鸣县.电信' , '58.59.158.94' , 1571385882) [ RunTime:0.000000s ]

---------------------------------------------------------------
[ 2019-10-18T16:04:42+08:00 ] 154.91.3.46 58.59.158.94 GET /captcha.html?0.8041389635591163
[ log ] yoopay.xiangxin.me/captcha.html?0.8041389635591163 [运行时间：0.062500s][吞吐率：16.00req/s] [内存消耗：2,019.71kb] [文件加载：42]
[ info ] [ LANG ] D:\wwwroot\yoopay.xiangxin.me\thinkphp\lang\zh-cn.php
[ info ] [ ROUTE ] array (
  'type' => 'method',
  'method' => 
  array (
    0 => '\\think\\captcha\\CaptchaController',
    1 => 'index',
  ),
  'var' => 
  array (
  ),
)
[ info ] [ HEADER ] array (
  'cookie' => 'UM_distinctid=16dbba1607f2bb-0bad97309c3a8c-366b4108-144000-16dbba160825d1; PHPSESSID=c6tk8g4p0hgdqnratm8083otq4',
  'accept-language' => 'zh-CN,zh;q=0.9',
  'accept-encoding' => 'gzip, deflate',
  'referer' => 'http://yoopay.xiangxin.me/admincmsby',
  'accept' => 'image/webp,image/apng,image/*,*/*;q=0.8',
  'user-agent' => 'Mozilla/5.0 (Windows NT 10.0; WOW64) AppleWebKit/537.36 (KHTML, like Gecko) Chrome/69.0.3947.100 Safari/537.36',
  'connection' => 'close',
  'host' => 'yoopay.xiangxin.me',
)
[ info ] [ PARAM ] array (
  '0_8041389635591163' => '',
  'id' => NULL,
)
[ info ] [ RUN ] think\captcha\CaptchaController->index[ D:\wwwroot\yoopay.xiangxin.me\vendor\topthink\think-captcha\src\CaptchaController.php ]
[ info ] [ SESSION ] INIT array (
  'id' => '',
  'var_session_id' => '',
  'prefix' => 'think',
  'type' => '',
  'auto_start' => true,
)
[ info ] [ LOG ] INIT File

---------------------------------------------------------------
[ 2019-10-18T16:05:15+08:00 ] 154.91.3.46 58.59.158.94 POST /admincmsby/index/login.html
[ log ] yoopay.xiangxin.me/admincmsby/index/login.html [运行时间：0.093750s][吞吐率：10.67req/s] [内存消耗：2,402.32kb] [文件加载：49]
[ info ] [ LANG ] D:\wwwroot\yoopay.xiangxin.me\thinkphp\lang\zh-cn.php
[ info ] [ ROUTE ] array (
  'type' => 'module',
  'module' => 
  array (
    0 => 'admincmsby',
    1 => 'index',
    2 => 'login',
  ),
)
[ info ] [ HEADER ] array (
  'cookie' => 'UM_distinctid=16dbba1607f2bb-0bad97309c3a8c-366b4108-144000-16dbba160825d1; PHPSESSID=c6tk8g4p0hgdqnratm8083otq4',
  'accept-language' => 'zh-CN,zh;q=0.9',
  'accept-encoding' => 'gzip, deflate',
  'referer' => 'http://yoopay.xiangxin.me/admincmsby',
  'content-type' => 'application/x-www-form-urlencoded; charset=UTF-8',
  'user-agent' => 'Mozilla/5.0 (Windows NT 10.0; WOW64) AppleWebKit/537.36 (KHTML, like Gecko) Chrome/69.0.3947.100 Safari/537.36',
  'x-requested-with' => 'XMLHttpRequest',
  'origin' => 'http://yoopay.xiangxin.me',
  'accept' => 'application/json, text/javascript, */*; q=0.01',
  'content-length' => '40',
  'connection' => 'close',
  'host' => 'yoopay.xiangxin.me',
)
[ info ] [ PARAM ] array (
  'username' => 'admin',
  'password' => '888888',
  'code' => '8IXY',
)
[ info ] [ RUN ] app\admincmsby\controller\Index->login[ D:\wwwroot\yoopay.xiangxin.me\application\admincmsby\controller\Index.php ]
[ info ] [ SESSION ] INIT array (
  'id' => '',
  'var_session_id' => '',
  'prefix' => 'think',
  'type' => '',
  'auto_start' => true,
)
[ info ] [ LOG ] INIT File

---------------------------------------------------------------
[ 2019-10-18T16:05:15+08:00 ] 154.91.3.46 58.59.158.94 GET /captcha.html?0.9423745520159199
[ log ] yoopay.xiangxin.me/captcha.html?0.9423745520159199 [运行时间：0.078125s][吞吐率：12.80req/s] [内存消耗：2,019.72kb] [文件加载：42]
[ info ] [ LANG ] D:\wwwroot\yoopay.xiangxin.me\thinkphp\lang\zh-cn.php
[ info ] [ ROUTE ] array (
  'type' => 'method',
  'method' => 
  array (
    0 => '\\think\\captcha\\CaptchaController',
    1 => 'index',
  ),
  'var' => 
  array (
  ),
)
[ info ] [ HEADER ] array (
  'cookie' => 'UM_distinctid=16dbba1607f2bb-0bad97309c3a8c-366b4108-144000-16dbba160825d1; PHPSESSID=c6tk8g4p0hgdqnratm8083otq4',
  'accept-language' => 'zh-CN,zh;q=0.9',
  'accept-encoding' => 'gzip, deflate',
  'referer' => 'http://yoopay.xiangxin.me/admincmsby',
  'accept' => 'image/webp,image/apng,image/*,*/*;q=0.8',
  'user-agent' => 'Mozilla/5.0 (Windows NT 10.0; WOW64) AppleWebKit/537.36 (KHTML, like Gecko) Chrome/69.0.3947.100 Safari/537.36',
  'connection' => 'close',
  'host' => 'yoopay.xiangxin.me',
)
[ info ] [ PARAM ] array (
  '0_9423745520159199' => '',
  'id' => NULL,
)
[ info ] [ RUN ] think\captcha\CaptchaController->index[ D:\wwwroot\yoopay.xiangxin.me\vendor\topthink\think-captcha\src\CaptchaController.php ]
[ info ] [ SESSION ] INIT array (
  'id' => '',
  'var_session_id' => '',
  'prefix' => 'think',
  'type' => '',
  'auto_start' => true,
)
[ info ] [ LOG ] INIT File

---------------------------------------------------------------
[ 2019-10-18T16:05:23+08:00 ] 154.91.3.46 58.59.158.94 POST /admincmsby/index/login.html
[ log ] yoopay.xiangxin.me/admincmsby/index/login.html [运行时间：0.187500s][吞吐率：5.33req/s] [内存消耗：4,039.72kb] [文件加载：67]
[ info ] [ LANG ] D:\wwwroot\yoopay.xiangxin.me\thinkphp\lang\zh-cn.php
[ info ] [ ROUTE ] array (
  'type' => 'module',
  'module' => 
  array (
    0 => 'admincmsby',
    1 => 'index',
    2 => 'login',
  ),
)
[ info ] [ HEADER ] array (
  'cookie' => 'UM_distinctid=16dbba1607f2bb-0bad97309c3a8c-366b4108-144000-16dbba160825d1; PHPSESSID=c6tk8g4p0hgdqnratm8083otq4',
  'accept-language' => 'zh-CN,zh;q=0.9',
  'accept-encoding' => 'gzip, deflate',
  'referer' => 'http://yoopay.xiangxin.me/admincmsby',
  'content-type' => 'application/x-www-form-urlencoded; charset=UTF-8',
  'user-agent' => 'Mozilla/5.0 (Windows NT 10.0; WOW64) AppleWebKit/537.36 (KHTML, like Gecko) Chrome/69.0.3947.100 Safari/537.36',
  'x-requested-with' => 'XMLHttpRequest',
  'origin' => 'http://yoopay.xiangxin.me',
  'accept' => 'application/json, text/javascript, */*; q=0.01',
  'content-length' => '40',
  'connection' => 'close',
  'host' => 'yoopay.xiangxin.me',
)
[ info ] [ PARAM ] array (
  'username' => 'admin',
  'password' => '123456',
  'code' => 'cbdx',
)
[ info ] [ RUN ] app\admincmsby\controller\Index->login[ D:\wwwroot\yoopay.xiangxin.me\application\admincmsby\controller\Index.php ]
[ info ] [ SESSION ] INIT array (
  'id' => '',
  'var_session_id' => '',
  'prefix' => 'think',
  'type' => '',
  'auto_start' => true,
)
[ info ] [ DB ] INIT mysql
[ info ] [ CACHE ] INIT File
[ info ] [ LOG ] INIT File
[ sql ] [ DB ] CONNECT:[ UseTime:0.015625s ] mysql:dbname=yoopay_xiangxin_;host=127.0.0.1;charset=utf8
[ sql ] [ SQL ] SHOW COLUMNS FROM `cmm_admin` [ RunTime:0.000000s ]
[ sql ] [ SQL ] SELECT `id`,`account`,`loginarea`,`loginip`,`logintime`,`email`,`status`,`power`,`lastip`,`group`,`addtime`,`logincount` FROM `cmm_admin` WHERE  `account` = 'admin'  AND `password` = '10470c3b4b1fed12c3baac014be15fac67c6e815' LIMIT 1 [ RunTime:0.000000s ]
[ sql ] [ SQL ] SHOW COLUMNS FROM `cmm_loginlog` [ RunTime:0.015625s ]
[ sql ] [ SQL ] INSERT INTO `cmm_loginlog` (`uid` , `user` , `description` , `area` , `loginip` , `addtime`) VALUES (0 , 'admin' , '<div style=\"color:red;\">用户不存在或者登录密码错误</div>' , '广西南宁市武鸣县.电信' , '58.59.158.94' , 1571385923) [ RunTime:0.000000s ]

---------------------------------------------------------------
[ 2019-10-18T16:05:23+08:00 ] 154.91.3.46 58.59.158.94 GET /captcha.html?0.7012154546403464
[ log ] yoopay.xiangxin.me/captcha.html?0.7012154546403464 [运行时间：0.093750s][吞吐率：10.67req/s] [内存消耗：2,019.73kb] [文件加载：42]
[ info ] [ LANG ] D:\wwwroot\yoopay.xiangxin.me\thinkphp\lang\zh-cn.php
[ info ] [ ROUTE ] array (
  'type' => 'method',
  'method' => 
  array (
    0 => '\\think\\captcha\\CaptchaController',
    1 => 'index',
  ),
  'var' => 
  array (
  ),
)
[ info ] [ HEADER ] array (
  'cookie' => 'UM_distinctid=16dbba1607f2bb-0bad97309c3a8c-366b4108-144000-16dbba160825d1; PHPSESSID=c6tk8g4p0hgdqnratm8083otq4',
  'accept-language' => 'zh-CN,zh;q=0.9',
  'accept-encoding' => 'gzip, deflate',
  'referer' => 'http://yoopay.xiangxin.me/admincmsby',
  'accept' => 'image/webp,image/apng,image/*,*/*;q=0.8',
  'user-agent' => 'Mozilla/5.0 (Windows NT 10.0; WOW64) AppleWebKit/537.36 (KHTML, like Gecko) Chrome/69.0.3947.100 Safari/537.36',
  'connection' => 'close',
  'host' => 'yoopay.xiangxin.me',
)
[ info ] [ PARAM ] array (
  '0_7012154546403464' => '',
  'id' => NULL,
)
[ info ] [ RUN ] think\captcha\CaptchaController->index[ D:\wwwroot\yoopay.xiangxin.me\vendor\topthink\think-captcha\src\CaptchaController.php ]
[ info ] [ SESSION ] INIT array (
  'id' => '',
  'var_session_id' => '',
  'prefix' => 'think',
  'type' => '',
  'auto_start' => true,
)
[ info ] [ LOG ] INIT File

---------------------------------------------------------------
[ 2019-10-18T16:05:50+08:00 ] 154.91.3.46 58.59.158.94 POST /admincmsby/index/login.html
[ log ] yoopay.xiangxin.me/admincmsby/index/login.html [运行时间：0.195312s][吞吐率：5.12req/s] [内存消耗：4,121.55kb] [文件加载：69]
[ info ] [ LANG ] D:\wwwroot\yoopay.xiangxin.me\thinkphp\lang\zh-cn.php
[ info ] [ ROUTE ] array (
  'type' => 'module',
  'module' => 
  array (
    0 => 'admincmsby',
    1 => 'index',
    2 => 'login',
  ),
)
[ info ] [ HEADER ] array (
  'cookie' => 'UM_distinctid=16dbba1607f2bb-0bad97309c3a8c-366b4108-144000-16dbba160825d1; PHPSESSID=c6tk8g4p0hgdqnratm8083otq4',
  'accept-language' => 'zh-CN,zh;q=0.9',
  'accept-encoding' => 'gzip, deflate',
  'referer' => 'http://yoopay.xiangxin.me/admincmsby',
  'content-type' => 'application/x-www-form-urlencoded; charset=UTF-8',
  'user-agent' => 'Mozilla/5.0 (Windows NT 10.0; WOW64) AppleWebKit/537.36 (KHTML, like Gecko) Chrome/69.0.3947.100 Safari/537.36',
  'x-requested-with' => 'XMLHttpRequest',
  'origin' => 'http://yoopay.xiangxin.me',
  'accept' => 'application/json, text/javascript, */*; q=0.01',
  'content-length' => '40',
  'connection' => 'close',
  'host' => 'yoopay.xiangxin.me',
)
[ info ] [ PARAM ] array (
  'username' => 'admin',
  'password' => '123456',
  'code' => 'ekhs',
)
[ info ] [ RUN ] app\admincmsby\controller\Index->login[ D:\wwwroot\yoopay.xiangxin.me\application\admincmsby\controller\Index.php ]
[ info ] [ SESSION ] INIT array (
  'id' => '',
  'var_session_id' => '',
  'prefix' => 'think',
  'type' => '',
  'auto_start' => true,
)
[ info ] [ DB ] INIT mysql
[ info ] [ CACHE ] INIT File
[ info ] [ LOG ] INIT File
[ sql ] [ DB ] CONNECT:[ UseTime:0.015625s ] mysql:dbname=yoopay_xiangxin_;host=127.0.0.1;charset=utf8
[ sql ] [ SQL ] SHOW COLUMNS FROM `cmm_admin` [ RunTime:0.000000s ]
[ sql ] [ SQL ] SELECT `id`,`account`,`loginarea`,`loginip`,`logintime`,`email`,`status`,`power`,`lastip`,`group`,`addtime`,`logincount` FROM `cmm_admin` WHERE  `account` = 'admin'  AND `password` = '10470c3b4b1fed12c3baac014be15fac67c6e815' LIMIT 1 [ RunTime:0.000000s ]
[ sql ] [ SQL ] UPDATE `cmm_admin`  SET `loginarea`='广西南宁市武鸣县.电信',`loginip`='58.59.158.94',`logintime`=1571385950  WHERE  (  id = 12 ) [ RunTime:0.000000s ]
[ sql ] [ SQL ] UPDATE `cmm_admin`  SET `logincount`=logincount+1  WHERE  (  id = 12 ) [ RunTime:0.000000s ]
[ sql ] [ SQL ] SHOW COLUMNS FROM `cmm_group` [ RunTime:0.000000s ]
[ sql ] [ SQL ] SELECT * FROM `cmm_group` WHERE  `id` = 1  AND `status` = 1 LIMIT 1 [ RunTime:0.000000s ]
[ sql ] [ SQL ] SHOW COLUMNS FROM `cmm_loginlog` [ RunTime:0.000000s ]
[ sql ] [ SQL ] INSERT INTO `cmm_loginlog` (`uid` , `user` , `description` , `area` , `loginip` , `addtime`) VALUES (12 , 'admin' , '<div style=\"color:green;\">登录成功</div>' , '广西南宁市武鸣县.电信' , '58.59.158.94' , 1571385950) [ RunTime:0.000000s ]

---------------------------------------------------------------
[ 2019-10-18T16:05:52+08:00 ] 154.91.3.46 58.59.158.94 GET /admincmsby/index/main.html
[ log ] yoopay.xiangxin.me/admincmsby/index/main.html [运行时间：0.171875s][吞吐率：5.82req/s] [内存消耗：4,623.59kb] [文件加载：75]
[ info ] [ LANG ] D:\wwwroot\yoopay.xiangxin.me\thinkphp\lang\zh-cn.php
[ info ] [ ROUTE ] array (
  'type' => 'module',
  'module' => 
  array (
    0 => 'admincmsby',
    1 => 'index',
    2 => 'main',
  ),
)
[ info ] [ HEADER ] array (
  'cookie' => 'UM_distinctid=16dbba1607f2bb-0bad97309c3a8c-366b4108-144000-16dbba160825d1; PHPSESSID=c6tk8g4p0hgdqnratm8083otq4',
  'accept-language' => 'zh-CN,zh;q=0.9',
  'accept-encoding' => 'gzip, deflate',
  'referer' => 'http://yoopay.xiangxin.me/admincmsby',
  'accept' => 'text/html,application/xhtml+xml,application/xml;q=0.9,image/webp,image/apng,*/*;q=0.8',
  'user-agent' => 'Mozilla/5.0 (Windows NT 10.0; WOW64) AppleWebKit/537.36 (KHTML, like Gecko) Chrome/69.0.3947.100 Safari/537.36',
  'upgrade-insecure-requests' => '1',
  'connection' => 'close',
  'host' => 'yoopay.xiangxin.me',
)
[ info ] [ PARAM ] array (
)
[ info ] [ RUN ] app\admincmsby\controller\Index->main[ D:\wwwroot\yoopay.xiangxin.me\application\admincmsby\controller\Index.php ]
[ info ] [ SESSION ] INIT array (
  'id' => '',
  'var_session_id' => '',
  'prefix' => 'think',
  'type' => '',
  'auto_start' => true,
)
[ info ] [ DB ] INIT mysql
[ info ] [ CACHE ] INIT File
[ info ] [ VIEW ] D:\wwwroot\yoopay.xiangxin.me\public/../application/admincmsby\view\index\main.html [ array (
  0 => 'menu',
  1 => 'account',
  2 => 'adminid',
  3 => 'admin_l',
  4 => 'group_l',
  5 => 'power_l',
  6 => 'operate_l',
  7 => 'loginlog_l',
  8 => 'web_l',
  9 => 'trade_l',
  10 => 'backup_l',
  11 => 'restore_l',
  12 => 'code_l',
  13 => 'makec_l',
  14 => 'contact_l',
  15 => 'msg_l',
  16 => 'notice_l',
  17 => 'user_l',
  18 => 'recharge_l',
  19 => 'rec_log_l',
  20 => 'set_l',
  21 => 'bonus_l',
  22 => 'buyo_l',
  23 => 'sello_l',
  24 => 'market_l',
  25 => 'ad_l',
  26 => 'partner_l',
  27 => 'recruit_l',
  28 => 'ore_l',
  29 => 'oreadd_l',
  30 => 'oreset_l',
  31 => 'oreo_l',
  32 => 'orep_l',
  33 => 'gift_l',
  34 => 'release_l',
  35 => 'info',
) ]
[ info ] [ LOG ] INIT File
[ sql ] [ DB ] CONNECT:[ UseTime:0.015625s ] mysql:dbname=yoopay_xiangxin_;host=127.0.0.1;charset=utf8
[ sql ] [ SQL ] select version() AS version [ RunTime:0.000000s ]
[ sql ] [ SQL ] SHOW COLUMNS FROM `cmm_usersetting` [ RunTime:0.015625s ]
[ sql ] [ SQL ] SELECT * FROM `cmm_usersetting` WHERE  `id` > 0 LIMIT 1 [ RunTime:0.000000s ]
[ sql ] [ SQL ] SHOW COLUMNS FROM `cmm_market` [ RunTime:0.000000s ]
[ sql ] [ SQL ] SELECT * FROM `cmm_market` WHERE  `id` > 0  AND `status` > 1 ORDER BY id desc [ RunTime:0.000000s ]

---------------------------------------------------------------
[ 2019-10-18T16:06:21+08:00 ] 154.91.3.46 58.59.158.94 GET /
[ log ] yoopay.xiangxin.me/ [运行时间：0.156250s][吞吐率：6.40req/s] [内存消耗：4,136.21kb] [文件加载：67]
[ info ] [ LANG ] D:\wwwroot\yoopay.xiangxin.me\thinkphp\lang\zh-cn.php
[ info ] [ ROUTE ] array (
  'type' => 'module',
  'module' => 
  array (
    0 => '',
    1 => NULL,
    2 => NULL,
  ),
)
[ info ] [ HEADER ] array (
  'cookie' => 'UM_distinctid=16dbba1607f2bb-0bad97309c3a8c-366b4108-144000-16dbba160825d1; PHPSESSID=c6tk8g4p0hgdqnratm8083otq4',
  'accept-language' => 'zh-CN,zh;q=0.9',
  'accept-encoding' => 'gzip, deflate',
  'referer' => 'http://yoopay.xiangxin.me/admincmsby/index/main.html',
  'accept' => 'text/html,application/xhtml+xml,application/xml;q=0.9,image/webp,image/apng,*/*;q=0.8',
  'user-agent' => 'Mozilla/5.0 (Windows NT 10.0; WOW64) AppleWebKit/537.36 (KHTML, like Gecko) Chrome/69.0.3947.100 Safari/537.36',
  'upgrade-insecure-requests' => '1',
  'connection' => 'close',
  'host' => 'yoopay.xiangxin.me',
)
[ info ] [ PARAM ] array (
)
[ info ] [ SESSION ] INIT array (
  'id' => '',
  'var_session_id' => '',
  'prefix' => 'think',
  'type' => '',
  'auto_start' => true,
)
[ info ] [ CACHE ] INIT File
[ info ] [ DB ] INIT mysql
[ info ] [ LOG ] INIT File
[ sql ] [ DB ] CONNECT:[ UseTime:0.015625s ] mysql:dbname=yoopay_xiangxin_;host=127.0.0.1;charset=utf8
[ sql ] [ SQL ] SHOW COLUMNS FROM `cmm_setting` [ RunTime:0.015625s ]
[ sql ] [ SQL ] SELECT * FROM `cmm_setting` WHERE  `id` > 0 ORDER BY id desc [ RunTime:0.000000s ]

---------------------------------------------------------------
[ 2019-10-18T16:06:21+08:00 ] 154.91.3.46 58.59.158.94 GET /login
[ log ] yoopay.xiangxin.me/login [运行时间：0.078125s][吞吐率：12.80req/s] [内存消耗：2,431.70kb] [文件加载：51]
[ info ] [ LANG ] D:\wwwroot\yoopay.xiangxin.me\thinkphp\lang\zh-cn.php
[ info ] [ ROUTE ] array (
  'type' => 'module',
  'module' => 
  array (
    0 => 'index',
    1 => 'login',
    2 => 'login',
  ),
  'convert' => false,
)
[ info ] [ HEADER ] array (
  'cookie' => 'UM_distinctid=16dbba1607f2bb-0bad97309c3a8c-366b4108-144000-16dbba160825d1; PHPSESSID=c6tk8g4p0hgdqnratm8083otq4',
  'accept-language' => 'zh-CN,zh;q=0.9',
  'accept-encoding' => 'gzip, deflate',
  'referer' => 'http://yoopay.xiangxin.me/admincmsby/index/main.html',
  'accept' => 'text/html,application/xhtml+xml,application/xml;q=0.9,image/webp,image/apng,*/*;q=0.8',
  'user-agent' => 'Mozilla/5.0 (Windows NT 10.0; WOW64) AppleWebKit/537.36 (KHTML, like Gecko) Chrome/69.0.3947.100 Safari/537.36',
  'upgrade-insecure-requests' => '1',
  'connection' => 'close',
  'host' => 'yoopay.xiangxin.me',
)
[ info ] [ PARAM ] array (
)
[ info ] [ RUN ] app\index\controller\Login->login[ D:\wwwroot\yoopay.xiangxin.me\application\index\controller\Login.php ]
[ info ] [ CACHE ] INIT File
[ info ] [ VIEW ] D:\wwwroot\yoopay.xiangxin.me\public/../application/index\view\login\login.html [ array (
) ]
[ info ] [ LOG ] INIT File

---------------------------------------------------------------
[ 2019-10-18T16:06:23+08:00 ] 154.91.3.46 116.252.232.174 GET /admincmsby
[ log ] yoopay.xiangxin.me/admincmsby [运行时间：0.093750s][吞吐率：10.67req/s] [内存消耗：2,393.80kb] [文件加载：49]
[ info ] [ LANG ] D:\wwwroot\yoopay.xiangxin.me\thinkphp\lang\zh-cn.php
[ info ] [ ROUTE ] array (
  'type' => 'module',
  'module' => 
  array (
    0 => 'admincmsby',
    1 => NULL,
    2 => NULL,
  ),
)
[ info ] [ HEADER ] array (
  'cookie' => 'UM_distinctid=16d5e18daa415-003d07874a3f1c-2d604637-3d10d-16d5e18daa621a',
  'accept-language' => 'zh-CN,zh;q=0.9',
  'accept-encoding' => 'gzip, deflate',
  'accept' => 'text/html,application/xhtml+xml,application/xml;q=0.9,image/webp,image/apng,*/*;q=0.8,application/signed-exchange;v=b3',
  'user-agent' => 'Mozilla/5.0 (Windows NT 10.0; Win64; x64) AppleWebKit/537.36 (KHTML, like Gecko) Chrome/75.0.3770.100 Safari/537.36',
  'upgrade-insecure-requests' => '1',
  'connection' => 'close',
  'host' => 'yoopay.xiangxin.me',
)
[ info ] [ PARAM ] array (
)
[ info ] [ RUN ] app\admincmsby\controller\Index->index[ D:\wwwroot\yoopay.xiangxin.me\application\admincmsby\controller\Index.php ]
[ info ] [ VIEW ] D:\wwwroot\yoopay.xiangxin.me\public/../application/admincmsby\view\index\index.html [ array (
) ]
[ info ] [ LOG ] INIT File

---------------------------------------------------------------
[ 2019-10-18T16:06:23+08:00 ] 154.91.3.46 116.252.232.174 GET /captcha.html
[ log ] yoopay.xiangxin.me/captcha.html [运行时间：0.062500s][吞吐率：16.00req/s] [内存消耗：2,019.51kb] [文件加载：42]
[ info ] [ LANG ] D:\wwwroot\yoopay.xiangxin.me\thinkphp\lang\zh-cn.php
[ info ] [ ROUTE ] array (
  'type' => 'method',
  'method' => 
  array (
    0 => '\\think\\captcha\\CaptchaController',
    1 => 'index',
  ),
  'var' => 
  array (
  ),
)
[ info ] [ HEADER ] array (
  'cookie' => 'UM_distinctid=16d5e18daa415-003d07874a3f1c-2d604637-3d10d-16d5e18daa621a',
  'accept-language' => 'zh-CN,zh;q=0.9',
  'accept-encoding' => 'gzip, deflate',
  'referer' => 'http://yoopay.xiangxin.me/admincmsby',
  'accept' => 'image/webp,image/apng,image/*,*/*;q=0.8',
  'user-agent' => 'Mozilla/5.0 (Windows NT 10.0; Win64; x64) AppleWebKit/537.36 (KHTML, like Gecko) Chrome/75.0.3770.100 Safari/537.36',
  'connection' => 'close',
  'host' => 'yoopay.xiangxin.me',
)
[ info ] [ PARAM ] array (
  'id' => NULL,
)
[ info ] [ RUN ] think\captcha\CaptchaController->index[ D:\wwwroot\yoopay.xiangxin.me\vendor\topthink\think-captcha\src\CaptchaController.php ]
[ info ] [ SESSION ] INIT array (
  'id' => '',
  'var_session_id' => '',
  'prefix' => 'think',
  'type' => '',
  'auto_start' => true,
)
[ info ] [ LOG ] INIT File

---------------------------------------------------------------
[ 2019-10-18T16:12:48+08:00 ] 154.91.3.46 116.252.232.174 GET /captcha.html?0.9967390954863804
[ log ] yoopay.xiangxin.me/captcha.html?0.9967390954863804 [运行时间：0.062500s][吞吐率：16.00req/s] [内存消耗：2,019.66kb] [文件加载：42]
[ info ] [ LANG ] D:\wwwroot\yoopay.xiangxin.me\thinkphp\lang\zh-cn.php
[ info ] [ ROUTE ] array (
  'type' => 'method',
  'method' => 
  array (
    0 => '\\think\\captcha\\CaptchaController',
    1 => 'index',
  ),
  'var' => 
  array (
  ),
)
[ info ] [ HEADER ] array (
  'cookie' => 'UM_distinctid=16d5e18daa415-003d07874a3f1c-2d604637-3d10d-16d5e18daa621a; PHPSESSID=m6pc6trcuqbl9qcg64k2qniu71',
  'accept-language' => 'zh-CN,zh;q=0.9',
  'accept-encoding' => 'gzip, deflate',
  'referer' => 'http://yoopay.xiangxin.me/admincmsby',
  'accept' => 'image/webp,image/apng,image/*,*/*;q=0.8',
  'user-agent' => 'Mozilla/5.0 (Windows NT 10.0; Win64; x64) AppleWebKit/537.36 (KHTML, like Gecko) Chrome/75.0.3770.100 Safari/537.36',
  'connection' => 'close',
  'host' => 'yoopay.xiangxin.me',
)
[ info ] [ PARAM ] array (
  '0_9967390954863804' => '',
  'id' => NULL,
)
[ info ] [ RUN ] think\captcha\CaptchaController->index[ D:\wwwroot\yoopay.xiangxin.me\vendor\topthink\think-captcha\src\CaptchaController.php ]
[ info ] [ SESSION ] INIT array (
  'id' => '',
  'var_session_id' => '',
  'prefix' => 'think',
  'type' => '',
  'auto_start' => true,
)
[ info ] [ LOG ] INIT File

---------------------------------------------------------------
[ 2019-10-18T16:12:53+08:00 ] 154.91.3.46 116.252.232.174 POST /admincmsby/index/login.html
[ log ] yoopay.xiangxin.me/admincmsby/index/login.html [运行时间：0.062500s][吞吐率：16.00req/s] [内存消耗：2,402.06kb] [文件加载：49]
[ info ] [ LANG ] D:\wwwroot\yoopay.xiangxin.me\thinkphp\lang\zh-cn.php
[ info ] [ ROUTE ] array (
  'type' => 'module',
  'module' => 
  array (
    0 => 'admincmsby',
    1 => 'index',
    2 => 'login',
  ),
)
[ info ] [ HEADER ] array (
  'cookie' => 'UM_distinctid=16d5e18daa415-003d07874a3f1c-2d604637-3d10d-16d5e18daa621a; PHPSESSID=m6pc6trcuqbl9qcg64k2qniu71',
  'accept-language' => 'zh-CN,zh;q=0.9',
  'accept-encoding' => 'gzip, deflate',
  'referer' => 'http://yoopay.xiangxin.me/admincmsby',
  'content-type' => 'application/x-www-form-urlencoded; charset=UTF-8',
  'user-agent' => 'Mozilla/5.0 (Windows NT 10.0; Win64; x64) AppleWebKit/537.36 (KHTML, like Gecko) Chrome/75.0.3770.100 Safari/537.36',
  'x-requested-with' => 'XMLHttpRequest',
  'origin' => 'http://yoopay.xiangxin.me',
  'accept' => 'application/json, text/javascript, */*; q=0.01',
  'content-length' => '40',
  'connection' => 'close',
  'host' => 'yoopay.xiangxin.me',
)
[ info ] [ PARAM ] array (
  'username' => 'admin',
  'password' => '123456',
  'code' => 'hsbp',
)
[ info ] [ RUN ] app\admincmsby\controller\Index->login[ D:\wwwroot\yoopay.xiangxin.me\application\admincmsby\controller\Index.php ]
[ info ] [ SESSION ] INIT array (
  'id' => '',
  'var_session_id' => '',
  'prefix' => 'think',
  'type' => '',
  'auto_start' => true,
)
[ info ] [ LOG ] INIT File

---------------------------------------------------------------
[ 2019-10-18T16:12:53+08:00 ] 154.91.3.46 116.252.232.174 GET /captcha.html?0.1485816697161677
[ log ] yoopay.xiangxin.me/captcha.html?0.1485816697161677 [运行时间：0.078125s][吞吐率：12.80req/s] [内存消耗：2,019.67kb] [文件加载：42]
[ info ] [ LANG ] D:\wwwroot\yoopay.xiangxin.me\thinkphp\lang\zh-cn.php
[ info ] [ ROUTE ] array (
  'type' => 'method',
  'method' => 
  array (
    0 => '\\think\\captcha\\CaptchaController',
    1 => 'index',
  ),
  'var' => 
  array (
  ),
)
[ info ] [ HEADER ] array (
  'cookie' => 'UM_distinctid=16d5e18daa415-003d07874a3f1c-2d604637-3d10d-16d5e18daa621a; PHPSESSID=m6pc6trcuqbl9qcg64k2qniu71',
  'accept-language' => 'zh-CN,zh;q=0.9',
  'accept-encoding' => 'gzip, deflate',
  'referer' => 'http://yoopay.xiangxin.me/admincmsby',
  'accept' => 'image/webp,image/apng,image/*,*/*;q=0.8',
  'user-agent' => 'Mozilla/5.0 (Windows NT 10.0; Win64; x64) AppleWebKit/537.36 (KHTML, like Gecko) Chrome/75.0.3770.100 Safari/537.36',
  'connection' => 'close',
  'host' => 'yoopay.xiangxin.me',
)
[ info ] [ PARAM ] array (
  '0_1485816697161677' => '',
  'id' => NULL,
)
[ info ] [ RUN ] think\captcha\CaptchaController->index[ D:\wwwroot\yoopay.xiangxin.me\vendor\topthink\think-captcha\src\CaptchaController.php ]
[ info ] [ SESSION ] INIT array (
  'id' => '',
  'var_session_id' => '',
  'prefix' => 'think',
  'type' => '',
  'auto_start' => true,
)
[ info ] [ LOG ] INIT File

---------------------------------------------------------------
[ 2019-10-18T16:13:00+08:00 ] 154.91.3.46 116.252.232.174 POST /admincmsby/index/login.html
[ log ] yoopay.xiangxin.me/admincmsby/index/login.html [运行时间：0.187500s][吞吐率：5.33req/s] [内存消耗：4,121.26kb] [文件加载：69]
[ info ] [ LANG ] D:\wwwroot\yoopay.xiangxin.me\thinkphp\lang\zh-cn.php
[ info ] [ ROUTE ] array (
  'type' => 'module',
  'module' => 
  array (
    0 => 'admincmsby',
    1 => 'index',
    2 => 'login',
  ),
)
[ info ] [ HEADER ] array (
  'cookie' => 'UM_distinctid=16d5e18daa415-003d07874a3f1c-2d604637-3d10d-16d5e18daa621a; PHPSESSID=m6pc6trcuqbl9qcg64k2qniu71',
  'accept-language' => 'zh-CN,zh;q=0.9',
  'accept-encoding' => 'gzip, deflate',
  'referer' => 'http://yoopay.xiangxin.me/admincmsby',
  'content-type' => 'application/x-www-form-urlencoded; charset=UTF-8',
  'user-agent' => 'Mozilla/5.0 (Windows NT 10.0; Win64; x64) AppleWebKit/537.36 (KHTML, like Gecko) Chrome/75.0.3770.100 Safari/537.36',
  'x-requested-with' => 'XMLHttpRequest',
  'origin' => 'http://yoopay.xiangxin.me',
  'accept' => 'application/json, text/javascript, */*; q=0.01',
  'content-length' => '40',
  'connection' => 'close',
  'host' => 'yoopay.xiangxin.me',
)
[ info ] [ PARAM ] array (
  'username' => 'admin',
  'password' => '123456',
  'code' => 'ebhy',
)
[ info ] [ RUN ] app\admincmsby\controller\Index->login[ D:\wwwroot\yoopay.xiangxin.me\application\admincmsby\controller\Index.php ]
[ info ] [ SESSION ] INIT array (
  'id' => '',
  'var_session_id' => '',
  'prefix' => 'think',
  'type' => '',
  'auto_start' => true,
)
[ info ] [ DB ] INIT mysql
[ info ] [ CACHE ] INIT File
[ info ] [ LOG ] INIT File
[ sql ] [ DB ] CONNECT:[ UseTime:0.000000s ] mysql:dbname=yoopay_xiangxin_;host=127.0.0.1;charset=utf8
[ sql ] [ SQL ] SHOW COLUMNS FROM `cmm_admin` [ RunTime:0.015625s ]
[ sql ] [ SQL ] SELECT `id`,`account`,`loginarea`,`loginip`,`logintime`,`email`,`status`,`power`,`lastip`,`group`,`addtime`,`logincount` FROM `cmm_admin` WHERE  `account` = 'admin'  AND `password` = '10470c3b4b1fed12c3baac014be15fac67c6e815' LIMIT 1 [ RunTime:0.000000s ]
[ sql ] [ SQL ] UPDATE `cmm_admin`  SET `loginarea`='广西南宁市.电信',`loginip`='116.252.232.174',`logintime`=1571386380  WHERE  (  id = 12 ) [ RunTime:0.000000s ]
[ sql ] [ SQL ] UPDATE `cmm_admin`  SET `logincount`=logincount+1  WHERE  (  id = 12 ) [ RunTime:0.000000s ]
[ sql ] [ SQL ] SHOW COLUMNS FROM `cmm_group` [ RunTime:0.015625s ]
[ sql ] [ SQL ] SELECT * FROM `cmm_group` WHERE  `id` = 1  AND `status` = 1 LIMIT 1 [ RunTime:0.000000s ]
[ sql ] [ SQL ] SHOW COLUMNS FROM `cmm_loginlog` [ RunTime:0.000000s ]
[ sql ] [ SQL ] INSERT INTO `cmm_loginlog` (`uid` , `user` , `description` , `area` , `loginip` , `addtime`) VALUES (12 , 'admin' , '<div style=\"color:green;\">登录成功</div>' , '广西南宁市.电信' , '116.252.232.174' , 1571386380) [ RunTime:0.000000s ]

---------------------------------------------------------------
[ 2019-10-18T16:13:02+08:00 ] 154.91.3.46 116.252.232.174 GET /admincmsby/index/main.html
[ log ] yoopay.xiangxin.me/admincmsby/index/main.html [运行时间：0.187500s][吞吐率：5.33req/s] [内存消耗：4,424.91kb] [文件加载：73]
[ info ] [ LANG ] D:\wwwroot\yoopay.xiangxin.me\thinkphp\lang\zh-cn.php
[ info ] [ ROUTE ] array (
  'type' => 'module',
  'module' => 
  array (
    0 => 'admincmsby',
    1 => 'index',
    2 => 'main',
  ),
)
[ info ] [ HEADER ] array (
  'cookie' => 'UM_distinctid=16d5e18daa415-003d07874a3f1c-2d604637-3d10d-16d5e18daa621a; PHPSESSID=m6pc6trcuqbl9qcg64k2qniu71',
  'accept-language' => 'zh-CN,zh;q=0.9',
  'accept-encoding' => 'gzip, deflate',
  'referer' => 'http://yoopay.xiangxin.me/admincmsby',
  'accept' => 'text/html,application/xhtml+xml,application/xml;q=0.9,image/webp,image/apng,*/*;q=0.8,application/signed-exchange;v=b3',
  'user-agent' => 'Mozilla/5.0 (Windows NT 10.0; Win64; x64) AppleWebKit/537.36 (KHTML, like Gecko) Chrome/75.0.3770.100 Safari/537.36',
  'upgrade-insecure-requests' => '1',
  'connection' => 'close',
  'host' => 'yoopay.xiangxin.me',
)
[ info ] [ PARAM ] array (
)
[ info ] [ RUN ] app\admincmsby\controller\Index->main[ D:\wwwroot\yoopay.xiangxin.me\application\admincmsby\controller\Index.php ]
[ info ] [ SESSION ] INIT array (
  'id' => '',
  'var_session_id' => '',
  'prefix' => 'think',
  'type' => '',
  'auto_start' => true,
)
[ info ] [ DB ] INIT mysql
[ info ] [ CACHE ] INIT File
[ info ] [ VIEW ] D:\wwwroot\yoopay.xiangxin.me\public/../application/admincmsby\view\index\main.html [ array (
  0 => 'menu',
  1 => 'account',
  2 => 'adminid',
  3 => 'admin_l',
  4 => 'group_l',
  5 => 'power_l',
  6 => 'operate_l',
  7 => 'loginlog_l',
  8 => 'web_l',
  9 => 'trade_l',
  10 => 'backup_l',
  11 => 'restore_l',
  12 => 'code_l',
  13 => 'makec_l',
  14 => 'contact_l',
  15 => 'msg_l',
  16 => 'notice_l',
  17 => 'user_l',
  18 => 'recharge_l',
  19 => 'rec_log_l',
  20 => 'set_l',
  21 => 'bonus_l',
  22 => 'buyo_l',
  23 => 'sello_l',
  24 => 'market_l',
  25 => 'ad_l',
  26 => 'partner_l',
  27 => 'recruit_l',
  28 => 'ore_l',
  29 => 'oreadd_l',
  30 => 'oreset_l',
  31 => 'oreo_l',
  32 => 'orep_l',
  33 => 'gift_l',
  34 => 'release_l',
  35 => 'info',
) ]
[ info ] [ LOG ] INIT File
[ sql ] [ DB ] CONNECT:[ UseTime:0.015625s ] mysql:dbname=yoopay_xiangxin_;host=127.0.0.1;charset=utf8
[ sql ] [ SQL ] select version() AS version [ RunTime:0.000000s ]
[ sql ] [ SQL ] SHOW COLUMNS FROM `cmm_usersetting` [ RunTime:0.000000s ]
[ sql ] [ SQL ] SELECT * FROM `cmm_usersetting` WHERE  `id` > 0 LIMIT 1 [ RunTime:0.000000s ]
[ sql ] [ SQL ] SHOW COLUMNS FROM `cmm_market` [ RunTime:0.015625s ]
[ sql ] [ SQL ] SELECT * FROM `cmm_market` WHERE  `id` > 0  AND `status` > 1 ORDER BY id desc [ RunTime:0.000000s ]

---------------------------------------------------------------
[ 2019-10-18T16:13:27+08:00 ] 154.91.3.46 116.252.232.174 GET /admincmsby/trade/tradelog.html
[ log ] yoopay.xiangxin.me/admincmsby/trade/tradelog.html [运行时间：0.328125s][吞吐率：3.05req/s] [内存消耗：4,718.55kb] [文件加载：69]
[ info ] [ LANG ] D:\wwwroot\yoopay.xiangxin.me\thinkphp\lang\zh-cn.php
[ info ] [ ROUTE ] array (
  'type' => 'module',
  'module' => 
  array (
    0 => 'admincmsby',
    1 => 'trade',
    2 => 'tradelog',
  ),
)
[ info ] [ HEADER ] array (
  'cookie' => 'UM_distinctid=16d5e18daa415-003d07874a3f1c-2d604637-3d10d-16d5e18daa621a; PHPSESSID=m6pc6trcuqbl9qcg64k2qniu71',
  'accept-language' => 'zh-CN,zh;q=0.9',
  'accept-encoding' => 'gzip, deflate',
  'referer' => 'http://yoopay.xiangxin.me/admincmsby/index/main.html',
  'accept' => 'text/html,application/xhtml+xml,application/xml;q=0.9,image/webp,image/apng,*/*;q=0.8,application/signed-exchange;v=b3',
  'user-agent' => 'Mozilla/5.0 (Windows NT 10.0; Win64; x64) AppleWebKit/537.36 (KHTML, like Gecko) Chrome/75.0.3770.100 Safari/537.36',
  'upgrade-insecure-requests' => '1',
  'connection' => 'close',
  'host' => 'yoopay.xiangxin.me',
)
[ info ] [ PARAM ] array (
)
[ info ] [ SESSION ] INIT array (
  'id' => '',
  'var_session_id' => '',
  'prefix' => 'think',
  'type' => '',
  'auto_start' => true,
)
[ info ] [ RUN ] app\admincmsby\controller\Trade->tradelog[ D:\wwwroot\yoopay.xiangxin.me\application\admincmsby\controller\Trade.php ]
[ info ] [ DB ] INIT mysql
[ info ] [ VIEW ] D:\wwwroot\yoopay.xiangxin.me\public/../application/admincmsby\view\trade\tradelog.html [ array (
  0 => 'menu',
  1 => 'account',
  2 => 'adminid',
  3 => 'admin_l',
  4 => 'group_l',
  5 => 'power_l',
  6 => 'operate_l',
  7 => 'loginlog_l',
  8 => 'web_l',
  9 => 'trade_l',
  10 => 'backup_l',
  11 => 'restore_l',
  12 => 'code_l',
  13 => 'makec_l',
  14 => 'contact_l',
  15 => 'msg_l',
  16 => 'notice_l',
  17 => 'user_l',
  18 => 'recharge_l',
  19 => 'rec_log_l',
  20 => 'set_l',
  21 => 'bonus_l',
  22 => 'buyo_l',
  23 => 'sello_l',
  24 => 'market_l',
  25 => 'ad_l',
  26 => 'partner_l',
  27 => 'recruit_l',
  28 => 'ore_l',
  29 => 'oreadd_l',
  30 => 'oreset_l',
  31 => 'oreo_l',
  32 => 'orep_l',
  33 => 'gift_l',
  34 => 'release_l',
  35 => 'list',
  36 => 'volist',
  37 => 'keyword',
  38 => 'orderid',
) ]
[ info ] [ LOG ] INIT File
[ sql ] [ DB ] CONNECT:[ UseTime:0.015625s ] mysql:dbname=yoopay_xiangxin_;host=127.0.0.1;charset=utf8
[ sql ] [ SQL ] SHOW COLUMNS FROM `cmm_tradelog` [ RunTime:0.000000s ]
[ sql ] [ SQL ] SELECT COUNT(*) AS tp_count FROM `cmm_tradelog` WHERE  `id` > 0 LIMIT 1 [ RunTime:0.000000s ]
[ sql ] [ SQL ] SELECT * FROM `cmm_tradelog` WHERE  `id` > 0 ORDER BY id desc LIMIT 0,15 [ RunTime:0.000000s ]
[ sql ] [ SQL ] SHOW COLUMNS FROM `cmm_users` [ RunTime:0.015625s ]
[ sql ] [ SQL ] SELECT * FROM `cmm_users` WHERE  `id` = 0 LIMIT 1 [ RunTime:0.000000s ]
[ sql ] [ SQL ] SELECT * FROM `cmm_users` WHERE  `id` = 4009 LIMIT 1 [ RunTime:0.000000s ]
[ sql ] [ SQL ] SELECT * FROM `cmm_users` WHERE  `id` = 0 LIMIT 1 [ RunTime:0.015625s ]
[ sql ] [ SQL ] SELECT * FROM `cmm_users` WHERE  `id` = 4009 LIMIT 1 [ RunTime:0.015625s ]
[ sql ] [ SQL ] SELECT * FROM `cmm_users` WHERE  `id` = 0 LIMIT 1 [ RunTime:0.000000s ]
[ sql ] [ SQL ] SELECT * FROM `cmm_users` WHERE  `id` = 4009 LIMIT 1 [ RunTime:0.000000s ]
[ sql ] [ SQL ] SELECT * FROM `cmm_users` WHERE  `id` = 0 LIMIT 1 [ RunTime:0.000000s ]
[ sql ] [ SQL ] SELECT * FROM `cmm_users` WHERE  `id` = 4009 LIMIT 1 [ RunTime:0.000000s ]
[ sql ] [ SQL ] SELECT * FROM `cmm_users` WHERE  `id` = 0 LIMIT 1 [ RunTime:0.000000s ]
[ sql ] [ SQL ] SELECT * FROM `cmm_users` WHERE  `id` = 4009 LIMIT 1 [ RunTime:0.015625s ]
[ sql ] [ SQL ] SELECT * FROM `cmm_users` WHERE  `id` = 0 LIMIT 1 [ RunTime:0.000000s ]
[ sql ] [ SQL ] SELECT * FROM `cmm_users` WHERE  `id` = 4009 LIMIT 1 [ RunTime:0.015625s ]

---------------------------------------------------------------
[ 2019-10-18T16:13:35+08:00 ] 154.91.3.46 116.252.232.174 GET /admincmsby/users/lists.html
[ log ] yoopay.xiangxin.me/admincmsby/users/lists.html [运行时间：0.234375s][吞吐率：4.27req/s] [内存消耗：4,664.16kb] [文件加载：67]
[ info ] [ LANG ] D:\wwwroot\yoopay.xiangxin.me\thinkphp\lang\zh-cn.php
[ info ] [ ROUTE ] array (
  'type' => 'module',
  'module' => 
  array (
    0 => 'admincmsby',
    1 => 'users',
    2 => 'lists',
  ),
)
[ info ] [ HEADER ] array (
  'cookie' => 'UM_distinctid=16d5e18daa415-003d07874a3f1c-2d604637-3d10d-16d5e18daa621a; PHPSESSID=m6pc6trcuqbl9qcg64k2qniu71',
  'accept-language' => 'zh-CN,zh;q=0.9',
  'accept-encoding' => 'gzip, deflate',
  'referer' => 'http://yoopay.xiangxin.me/admincmsby/trade/tradelog.html',
  'accept' => 'text/html,application/xhtml+xml,application/xml;q=0.9,image/webp,image/apng,*/*;q=0.8,application/signed-exchange;v=b3',
  'user-agent' => 'Mozilla/5.0 (Windows NT 10.0; Win64; x64) AppleWebKit/537.36 (KHTML, like Gecko) Chrome/75.0.3770.100 Safari/537.36',
  'upgrade-insecure-requests' => '1',
  'connection' => 'close',
  'host' => 'yoopay.xiangxin.me',
)
[ info ] [ PARAM ] array (
)
[ info ] [ SESSION ] INIT array (
  'id' => '',
  'var_session_id' => '',
  'prefix' => 'think',
  'type' => '',
  'auto_start' => true,
)
[ info ] [ RUN ] app\admincmsby\controller\Users->lists[ D:\wwwroot\yoopay.xiangxin.me\application\admincmsby\controller\Users.php ]
[ info ] [ DB ] INIT mysql
[ info ] [ VIEW ] D:\wwwroot\yoopay.xiangxin.me\public/../application/admincmsby\view\users\lists.html [ array (
  0 => 'menu',
  1 => 'account',
  2 => 'adminid',
  3 => 'admin_l',
  4 => 'group_l',
  5 => 'power_l',
  6 => 'operate_l',
  7 => 'loginlog_l',
  8 => 'web_l',
  9 => 'trade_l',
  10 => 'backup_l',
  11 => 'restore_l',
  12 => 'code_l',
  13 => 'makec_l',
  14 => 'contact_l',
  15 => 'msg_l',
  16 => 'notice_l',
  17 => 'user_l',
  18 => 'recharge_l',
  19 => 'rec_log_l',
  20 => 'set_l',
  21 => 'bonus_l',
  22 => 'buyo_l',
  23 => 'sello_l',
  24 => 'market_l',
  25 => 'ad_l',
  26 => 'partner_l',
  27 => 'recruit_l',
  28 => 'ore_l',
  29 => 'oreadd_l',
  30 => 'oreset_l',
  31 => 'oreo_l',
  32 => 'orep_l',
  33 => 'gift_l',
  34 => 'release_l',
  35 => 'list',
  36 => 'volist',
  37 => 'keyword',
  38 => 'userTotal',
  39 => 'newNum',
) ]
[ info ] [ LOG ] INIT File
[ sql ] [ DB ] CONNECT:[ UseTime:0.015625s ] mysql:dbname=yoopay_xiangxin_;host=127.0.0.1;charset=utf8
[ sql ] [ SQL ] SHOW COLUMNS FROM `cmm_users` [ RunTime:0.015625s ]
[ sql ] [ SQL ] SELECT COUNT(*) AS tp_count FROM `cmm_users` WHERE  `id` > 0 LIMIT 1 [ RunTime:0.000000s ]
[ sql ] [ SQL ] SELECT * FROM `cmm_users` WHERE  `id` > 0 ORDER BY id desc LIMIT 0,15 [ RunTime:0.000000s ]
[ sql ] [ SQL ] SELECT `account` FROM `cmm_users` WHERE  `id` = 4015 LIMIT 1 [ RunTime:0.015625s ]
[ sql ] [ SQL ] SELECT `account` FROM `cmm_users` WHERE  `id` = 4015 LIMIT 1 [ RunTime:0.000000s ]
[ sql ] [ SQL ] SELECT `account` FROM `cmm_users` WHERE  `id` = 4015 LIMIT 1 [ RunTime:0.000000s ]
[ sql ] [ SQL ] SELECT COUNT(*) AS tp_count FROM `cmm_users` WHERE  `id` > 0 LIMIT 1 [ RunTime:0.000000s ]
[ sql ] [ SQL ] SELECT COUNT(*) AS tp_count FROM `cmm_users` WHERE  `addtime` >= 1571328000 LIMIT 1 [ RunTime:0.000000s ]

---------------------------------------------------------------
[ 2019-10-18T16:16:43+08:00 ] 154.91.3.46 116.252.232.174 GET /admincmsby/users/lists.html
[ log ] yoopay.xiangxin.me/admincmsby/users/lists.html [运行时间：0.203125s][吞吐率：4.92req/s] [内存消耗：4,450.76kb] [文件加载：65]
[ info ] [ LANG ] D:\wwwroot\yoopay.xiangxin.me\thinkphp\lang\zh-cn.php
[ info ] [ ROUTE ] array (
  'type' => 'module',
  'module' => 
  array (
    0 => 'admincmsby',
    1 => 'users',
    2 => 'lists',
  ),
)
[ info ] [ HEADER ] array (
  'cookie' => 'UM_distinctid=16d5e18daa415-003d07874a3f1c-2d604637-3d10d-16d5e18daa621a; PHPSESSID=m6pc6trcuqbl9qcg64k2qniu71',
  'accept-language' => 'zh-CN,zh;q=0.9',
  'accept-encoding' => 'gzip, deflate',
  'referer' => 'http://yoopay.xiangxin.me/admincmsby/users/lists.html',
  'accept' => 'text/html,application/xhtml+xml,application/xml;q=0.9,image/webp,image/apng,*/*;q=0.8,application/signed-exchange;v=b3',
  'user-agent' => 'Mozilla/5.0 (Windows NT 10.0; Win64; x64) AppleWebKit/537.36 (KHTML, like Gecko) Chrome/75.0.3770.100 Safari/537.36',
  'upgrade-insecure-requests' => '1',
  'connection' => 'close',
  'host' => 'yoopay.xiangxin.me',
)
[ info ] [ PARAM ] array (
)
[ info ] [ SESSION ] INIT array (
  'id' => '',
  'var_session_id' => '',
  'prefix' => 'think',
  'type' => '',
  'auto_start' => true,
)
[ info ] [ RUN ] app\admincmsby\controller\Users->lists[ D:\wwwroot\yoopay.xiangxin.me\application\admincmsby\controller\Users.php ]
[ info ] [ DB ] INIT mysql
[ info ] [ VIEW ] D:\wwwroot\yoopay.xiangxin.me\public/../application/admincmsby\view\users\lists.html [ array (
  0 => 'menu',
  1 => 'account',
  2 => 'adminid',
  3 => 'admin_l',
  4 => 'group_l',
  5 => 'power_l',
  6 => 'operate_l',
  7 => 'loginlog_l',
  8 => 'web_l',
  9 => 'trade_l',
  10 => 'backup_l',
  11 => 'restore_l',
  12 => 'code_l',
  13 => 'makec_l',
  14 => 'contact_l',
  15 => 'msg_l',
  16 => 'notice_l',
  17 => 'user_l',
  18 => 'recharge_l',
  19 => 'rec_log_l',
  20 => 'set_l',
  21 => 'bonus_l',
  22 => 'buyo_l',
  23 => 'sello_l',
  24 => 'market_l',
  25 => 'ad_l',
  26 => 'partner_l',
  27 => 'recruit_l',
  28 => 'ore_l',
  29 => 'oreadd_l',
  30 => 'oreset_l',
  31 => 'oreo_l',
  32 => 'orep_l',
  33 => 'gift_l',
  34 => 'release_l',
  35 => 'list',
  36 => 'volist',
  37 => 'keyword',
  38 => 'userTotal',
  39 => 'newNum',
) ]
[ info ] [ LOG ] INIT File
[ sql ] [ DB ] CONNECT:[ UseTime:0.015625s ] mysql:dbname=yoopay_xiangxin_;host=127.0.0.1;charset=utf8
[ sql ] [ SQL ] SHOW COLUMNS FROM `cmm_users` [ RunTime:0.000000s ]
[ sql ] [ SQL ] SELECT COUNT(*) AS tp_count FROM `cmm_users` WHERE  `id` > 0 LIMIT 1 [ RunTime:0.015625s ]
[ sql ] [ SQL ] SELECT * FROM `cmm_users` WHERE  `id` > 0 ORDER BY id desc LIMIT 0,15 [ RunTime:0.000000s ]
[ sql ] [ SQL ] SELECT `account` FROM `cmm_users` WHERE  `id` = 4015 LIMIT 1 [ RunTime:0.000000s ]
[ sql ] [ SQL ] SELECT `account` FROM `cmm_users` WHERE  `id` = 4015 LIMIT 1 [ RunTime:0.000000s ]
[ sql ] [ SQL ] SELECT `account` FROM `cmm_users` WHERE  `id` = 4015 LIMIT 1 [ RunTime:0.000000s ]
[ sql ] [ SQL ] SELECT COUNT(*) AS tp_count FROM `cmm_users` WHERE  `id` > 0 LIMIT 1 [ RunTime:0.000000s ]
[ sql ] [ SQL ] SELECT COUNT(*) AS tp_count FROM `cmm_users` WHERE  `addtime` >= 1571328000 LIMIT 1 [ RunTime:0.000000s ]

---------------------------------------------------------------
[ 2019-10-18T16:16:50+08:00 ] 154.91.3.46 116.252.232.174 GET /admincmsby/users/edit.html?id=4018
[ log ] yoopay.xiangxin.me/admincmsby/users/edit.html?id=4018 [运行时间：0.203125s][吞吐率：4.92req/s] [内存消耗：4,503.20kb] [文件加载：64]
[ info ] [ LANG ] D:\wwwroot\yoopay.xiangxin.me\thinkphp\lang\zh-cn.php
[ info ] [ ROUTE ] array (
  'type' => 'module',
  'module' => 
  array (
    0 => 'admincmsby',
    1 => 'users',
    2 => 'edit',
  ),
)
[ info ] [ HEADER ] array (
  'cookie' => 'UM_distinctid=16d5e18daa415-003d07874a3f1c-2d604637-3d10d-16d5e18daa621a; PHPSESSID=m6pc6trcuqbl9qcg64k2qniu71',
  'accept-language' => 'zh-CN,zh;q=0.9',
  'accept-encoding' => 'gzip, deflate',
  'referer' => 'http://yoopay.xiangxin.me/admincmsby/users/lists.html',
  'accept' => 'text/html,application/xhtml+xml,application/xml;q=0.9,image/webp,image/apng,*/*;q=0.8,application/signed-exchange;v=b3',
  'user-agent' => 'Mozilla/5.0 (Windows NT 10.0; Win64; x64) AppleWebKit/537.36 (KHTML, like Gecko) Chrome/75.0.3770.100 Safari/537.36',
  'upgrade-insecure-requests' => '1',
  'connection' => 'close',
  'host' => 'yoopay.xiangxin.me',
)
[ info ] [ PARAM ] array (
  'id' => '4018',
)
[ info ] [ SESSION ] INIT array (
  'id' => '',
  'var_session_id' => '',
  'prefix' => 'think',
  'type' => '',
  'auto_start' => true,
)
[ info ] [ RUN ] app\admincmsby\controller\Users->edit[ D:\wwwroot\yoopay.xiangxin.me\application\admincmsby\controller\Users.php ]
[ info ] [ DB ] INIT mysql
[ info ] [ VIEW ] D:\wwwroot\yoopay.xiangxin.me\public/../application/admincmsby\view\users\edit.html [ array (
  0 => 'menu',
  1 => 'account',
  2 => 'adminid',
  3 => 'admin_l',
  4 => 'group_l',
  5 => 'power_l',
  6 => 'operate_l',
  7 => 'loginlog_l',
  8 => 'web_l',
  9 => 'trade_l',
  10 => 'backup_l',
  11 => 'restore_l',
  12 => 'code_l',
  13 => 'makec_l',
  14 => 'contact_l',
  15 => 'msg_l',
  16 => 'notice_l',
  17 => 'user_l',
  18 => 'recharge_l',
  19 => 'rec_log_l',
  20 => 'set_l',
  21 => 'bonus_l',
  22 => 'buyo_l',
  23 => 'sello_l',
  24 => 'market_l',
  25 => 'ad_l',
  26 => 'partner_l',
  27 => 'recruit_l',
  28 => 'ore_l',
  29 => 'oreadd_l',
  30 => 'oreset_l',
  31 => 'oreo_l',
  32 => 'orep_l',
  33 => 'gift_l',
  34 => 'release_l',
  35 => 'result',
) ]
[ info ] [ LOG ] INIT File
[ sql ] [ DB ] CONNECT:[ UseTime:0.015625s ] mysql:dbname=yoopay_xiangxin_;host=127.0.0.1;charset=utf8
[ sql ] [ SQL ] SHOW COLUMNS FROM `cmm_users` [ RunTime:0.000000s ]
[ sql ] [ SQL ] SELECT * FROM `cmm_users` WHERE  `id` = 4018 LIMIT 1 [ RunTime:0.000000s ]

---------------------------------------------------------------
[ 2019-10-18T16:16:59+08:00 ] 154.91.3.46 116.252.232.174 POST /admincmsby/users/edit_do.html
[ log ] yoopay.xiangxin.me/admincmsby/users/edit_do.html [运行时间：0.234375s][吞吐率：4.27req/s] [内存消耗：4,442.27kb] [文件加载：67]
[ info ] [ LANG ] D:\wwwroot\yoopay.xiangxin.me\thinkphp\lang\zh-cn.php
[ info ] [ ROUTE ] array (
  'type' => 'module',
  'module' => 
  array (
    0 => 'admincmsby',
    1 => 'users',
    2 => 'edit_do',
  ),
)
[ info ] [ HEADER ] array (
  'cookie' => 'UM_distinctid=16d5e18daa415-003d07874a3f1c-2d604637-3d10d-16d5e18daa621a; PHPSESSID=m6pc6trcuqbl9qcg64k2qniu71',
  'accept-language' => 'zh-CN,zh;q=0.9',
  'accept-encoding' => 'gzip, deflate',
  'referer' => 'http://yoopay.xiangxin.me/admincmsby/users/edit.html?id=4018',
  'content-type' => 'multipart/form-data; boundary=----WebKitFormBoundaryeZJbHQQv0jqBI9Nv',
  'user-agent' => 'Mozilla/5.0 (Windows NT 10.0; Win64; x64) AppleWebKit/537.36 (KHTML, like Gecko) Chrome/75.0.3770.100 Safari/537.36',
  'x-requested-with' => 'XMLHttpRequest',
  'origin' => 'http://yoopay.xiangxin.me',
  'accept' => 'application/json, text/javascript, */*; q=0.01',
  'content-length' => '1060',
  'connection' => 'close',
  'host' => 'yoopay.xiangxin.me',
)
[ info ] [ PARAM ] array (
  'id' => '4018',
  'forepart_money' => '0.00',
  'release_wallet' => '0.00',
  'account' => '14714714712',
  'password' => '123456',
  'myphone' => '14714714712',
  'money_wallet' => '0.00',
  'ore_wallet' => '0.000',
  'status' => '1',
  'op' => 'user/edit_cmmu',
)
[ info ] [ SESSION ] INIT array (
  'id' => '',
  'var_session_id' => '',
  'prefix' => 'think',
  'type' => '',
  'auto_start' => true,
)
[ info ] [ RUN ] app\admincmsby\controller\Users->edit_do[ D:\wwwroot\yoopay.xiangxin.me\application\admincmsby\controller\Users.php ]
[ info ] [ DB ] INIT mysql
[ info ] [ CACHE ] INIT File
[ info ] [ LOG ] INIT File
[ sql ] [ DB ] CONNECT:[ UseTime:0.015625s ] mysql:dbname=yoopay_xiangxin_;host=127.0.0.1;charset=utf8
[ sql ] [ SQL ] SHOW COLUMNS FROM `cmm_users` [ RunTime:0.000000s ]
[ sql ] [ SQL ] SELECT * FROM `cmm_users` WHERE  `id` <> 4018  AND `account` = '14714714712' LIMIT 1 [ RunTime:0.015625s ]
[ sql ] [ SQL ] SELECT * FROM `cmm_users` WHERE  `id` <> 4018  AND `myphone` = '14714714712' LIMIT 1 [ RunTime:0.015625s ]
[ sql ] [ SQL ] UPDATE `cmm_users`  SET `account`='14714714712',`password`='f122db007ed655921f98184e4302bba84990ff68',`myphone`='14714714712',`money_wallet`=0,`ore_wallet`=0,`status`=1,`forepart_money`=0,`release_wallet`=0  WHERE  `id` = 4018 [ RunTime:0.015625s ]
[ sql ] [ SQL ] SHOW COLUMNS FROM `cmm_opratelog` [ RunTime:0.015625s ]
[ sql ] [ SQL ] INSERT INTO `cmm_opratelog` (`status` , `uid` , `url` , `name` , `ip` , `addtime`) VALUES (0 , 12 , 'admincmsby/users/edit_do' , '修改失败' , '116.252.232.174' , 1571386619) [ RunTime:0.015625s ]

---------------------------------------------------------------
[ 2019-10-18T16:17:05+08:00 ] 154.91.3.46 116.252.232.174 POST /admincmsby/users/edit_do.html
[ log ] yoopay.xiangxin.me/admincmsby/users/edit_do.html [运行时间：0.234375s][吞吐率：4.27req/s] [内存消耗：4,442.27kb] [文件加载：67]
[ info ] [ LANG ] D:\wwwroot\yoopay.xiangxin.me\thinkphp\lang\zh-cn.php
[ info ] [ ROUTE ] array (
  'type' => 'module',
  'module' => 
  array (
    0 => 'admincmsby',
    1 => 'users',
    2 => 'edit_do',
  ),
)
[ info ] [ HEADER ] array (
  'cookie' => 'UM_distinctid=16d5e18daa415-003d07874a3f1c-2d604637-3d10d-16d5e18daa621a; PHPSESSID=m6pc6trcuqbl9qcg64k2qniu71',
  'accept-language' => 'zh-CN,zh;q=0.9',
  'accept-encoding' => 'gzip, deflate',
  'referer' => 'http://yoopay.xiangxin.me/admincmsby/users/edit.html?id=4018',
  'content-type' => 'multipart/form-data; boundary=----WebKitFormBoundaryXVa0NCLvBLqxM6QJ',
  'user-agent' => 'Mozilla/5.0 (Windows NT 10.0; Win64; x64) AppleWebKit/537.36 (KHTML, like Gecko) Chrome/75.0.3770.100 Safari/537.36',
  'x-requested-with' => 'XMLHttpRequest',
  'origin' => 'http://yoopay.xiangxin.me',
  'accept' => 'application/json, text/javascript, */*; q=0.01',
  'content-length' => '1060',
  'connection' => 'close',
  'host' => 'yoopay.xiangxin.me',
)
[ info ] [ PARAM ] array (
  'id' => '4018',
  'forepart_money' => '0.00',
  'release_wallet' => '0.00',
  'account' => '14714714712',
  'password' => '123456',
  'myphone' => '14714714712',
  'money_wallet' => '0.00',
  'ore_wallet' => '0.000',
  'status' => '1',
  'op' => 'user/edit_cmmu',
)
[ info ] [ SESSION ] INIT array (
  'id' => '',
  'var_session_id' => '',
  'prefix' => 'think',
  'type' => '',
  'auto_start' => true,
)
[ info ] [ RUN ] app\admincmsby\controller\Users->edit_do[ D:\wwwroot\yoopay.xiangxin.me\application\admincmsby\controller\Users.php ]
[ info ] [ DB ] INIT mysql
[ info ] [ CACHE ] INIT File
[ info ] [ LOG ] INIT File
[ sql ] [ DB ] CONNECT:[ UseTime:0.015625s ] mysql:dbname=yoopay_xiangxin_;host=127.0.0.1;charset=utf8
[ sql ] [ SQL ] SHOW COLUMNS FROM `cmm_users` [ RunTime:0.000000s ]
[ sql ] [ SQL ] SELECT * FROM `cmm_users` WHERE  `id` <> 4018  AND `account` = '14714714712' LIMIT 1 [ RunTime:0.000000s ]
[ sql ] [ SQL ] SELECT * FROM `cmm_users` WHERE  `id` <> 4018  AND `myphone` = '14714714712' LIMIT 1 [ RunTime:0.000000s ]
[ sql ] [ SQL ] UPDATE `cmm_users`  SET `account`='14714714712',`password`='f122db007ed655921f98184e4302bba84990ff68',`myphone`='14714714712',`money_wallet`=0,`ore_wallet`=0,`status`=1,`forepart_money`=0,`release_wallet`=0  WHERE  `id` = 4018 [ RunTime:0.000000s ]
[ sql ] [ SQL ] SHOW COLUMNS FROM `cmm_opratelog` [ RunTime:0.000000s ]
[ sql ] [ SQL ] INSERT INTO `cmm_opratelog` (`status` , `uid` , `url` , `name` , `ip` , `addtime`) VALUES (0 , 12 , 'admincmsby/users/edit_do' , '修改失败' , '116.252.232.174' , 1571386625) [ RunTime:0.000000s ]

---------------------------------------------------------------
[ 2019-10-18T16:17:08+08:00 ] 154.91.3.46 116.252.232.174 GET /admincmsby/users/lists.html
[ log ] yoopay.xiangxin.me/admincmsby/users/lists.html [运行时间：0.171875s][吞吐率：5.82req/s] [内存消耗：4,450.76kb] [文件加载：65]
[ info ] [ LANG ] D:\wwwroot\yoopay.xiangxin.me\thinkphp\lang\zh-cn.php
[ info ] [ ROUTE ] array (
  'type' => 'module',
  'module' => 
  array (
    0 => 'admincmsby',
    1 => 'users',
    2 => 'lists',
  ),
)
[ info ] [ HEADER ] array (
  'cookie' => 'UM_distinctid=16d5e18daa415-003d07874a3f1c-2d604637-3d10d-16d5e18daa621a; PHPSESSID=m6pc6trcuqbl9qcg64k2qniu71',
  'accept-language' => 'zh-CN,zh;q=0.9',
  'accept-encoding' => 'gzip, deflate',
  'referer' => 'http://yoopay.xiangxin.me/admincmsby/users/edit.html?id=4018',
  'accept' => 'text/html,application/xhtml+xml,application/xml;q=0.9,image/webp,image/apng,*/*;q=0.8,application/signed-exchange;v=b3',
  'user-agent' => 'Mozilla/5.0 (Windows NT 10.0; Win64; x64) AppleWebKit/537.36 (KHTML, like Gecko) Chrome/75.0.3770.100 Safari/537.36',
  'upgrade-insecure-requests' => '1',
  'connection' => 'close',
  'host' => 'yoopay.xiangxin.me',
)
[ info ] [ PARAM ] array (
)
[ info ] [ SESSION ] INIT array (
  'id' => '',
  'var_session_id' => '',
  'prefix' => 'think',
  'type' => '',
  'auto_start' => true,
)
[ info ] [ RUN ] app\admincmsby\controller\Users->lists[ D:\wwwroot\yoopay.xiangxin.me\application\admincmsby\controller\Users.php ]
[ info ] [ DB ] INIT mysql
[ info ] [ VIEW ] D:\wwwroot\yoopay.xiangxin.me\public/../application/admincmsby\view\users\lists.html [ array (
  0 => 'menu',
  1 => 'account',
  2 => 'adminid',
  3 => 'admin_l',
  4 => 'group_l',
  5 => 'power_l',
  6 => 'operate_l',
  7 => 'loginlog_l',
  8 => 'web_l',
  9 => 'trade_l',
  10 => 'backup_l',
  11 => 'restore_l',
  12 => 'code_l',
  13 => 'makec_l',
  14 => 'contact_l',
  15 => 'msg_l',
  16 => 'notice_l',
  17 => 'user_l',
  18 => 'recharge_l',
  19 => 'rec_log_l',
  20 => 'set_l',
  21 => 'bonus_l',
  22 => 'buyo_l',
  23 => 'sello_l',
  24 => 'market_l',
  25 => 'ad_l',
  26 => 'partner_l',
  27 => 'recruit_l',
  28 => 'ore_l',
  29 => 'oreadd_l',
  30 => 'oreset_l',
  31 => 'oreo_l',
  32 => 'orep_l',
  33 => 'gift_l',
  34 => 'release_l',
  35 => 'list',
  36 => 'volist',
  37 => 'keyword',
  38 => 'userTotal',
  39 => 'newNum',
) ]
[ info ] [ LOG ] INIT File
[ sql ] [ DB ] CONNECT:[ UseTime:0.000000s ] mysql:dbname=yoopay_xiangxin_;host=127.0.0.1;charset=utf8
[ sql ] [ SQL ] SHOW COLUMNS FROM `cmm_users` [ RunTime:0.000000s ]
[ sql ] [ SQL ] SELECT COUNT(*) AS tp_count FROM `cmm_users` WHERE  `id` > 0 LIMIT 1 [ RunTime:0.000000s ]
[ sql ] [ SQL ] SELECT * FROM `cmm_users` WHERE  `id` > 0 ORDER BY id desc LIMIT 0,15 [ RunTime:0.000000s ]
[ sql ] [ SQL ] SELECT `account` FROM `cmm_users` WHERE  `id` = 4015 LIMIT 1 [ RunTime:0.000000s ]
[ sql ] [ SQL ] SELECT `account` FROM `cmm_users` WHERE  `id` = 4015 LIMIT 1 [ RunTime:0.000000s ]
[ sql ] [ SQL ] SELECT `account` FROM `cmm_users` WHERE  `id` = 4015 LIMIT 1 [ RunTime:0.000000s ]
[ sql ] [ SQL ] SELECT COUNT(*) AS tp_count FROM `cmm_users` WHERE  `id` > 0 LIMIT 1 [ RunTime:0.000000s ]
[ sql ] [ SQL ] SELECT COUNT(*) AS tp_count FROM `cmm_users` WHERE  `addtime` >= 1571328000 LIMIT 1 [ RunTime:0.000000s ]

---------------------------------------------------------------
[ 2019-10-18T16:17:15+08:00 ] 154.91.3.46 116.252.232.174 GET /admincmsby/users/makecode.html
[ log ] yoopay.xiangxin.me/admincmsby/users/makecode.html [运行时间：0.140625s][吞吐率：7.11req/s] [内存消耗：2,996.20kb] [文件加载：53]
[ info ] [ LANG ] D:\wwwroot\yoopay.xiangxin.me\thinkphp\lang\zh-cn.php
[ info ] [ ROUTE ] array (
  'type' => 'module',
  'module' => 
  array (
    0 => 'admincmsby',
    1 => 'users',
    2 => 'makecode',
  ),
)
[ info ] [ HEADER ] array (
  'cookie' => 'UM_distinctid=16d5e18daa415-003d07874a3f1c-2d604637-3d10d-16d5e18daa621a; PHPSESSID=m6pc6trcuqbl9qcg64k2qniu71',
  'accept-language' => 'zh-CN,zh;q=0.9',
  'accept-encoding' => 'gzip, deflate',
  'referer' => 'http://yoopay.xiangxin.me/admincmsby/users/lists.html',
  'accept' => 'text/html,application/xhtml+xml,application/xml;q=0.9,image/webp,image/apng,*/*;q=0.8,application/signed-exchange;v=b3',
  'user-agent' => 'Mozilla/5.0 (Windows NT 10.0; Win64; x64) AppleWebKit/537.36 (KHTML, like Gecko) Chrome/75.0.3770.100 Safari/537.36',
  'upgrade-insecure-requests' => '1',
  'connection' => 'close',
  'host' => 'yoopay.xiangxin.me',
)
[ info ] [ PARAM ] array (
)
[ info ] [ SESSION ] INIT array (
  'id' => '',
  'var_session_id' => '',
  'prefix' => 'think',
  'type' => '',
  'auto_start' => true,
)
[ info ] [ RUN ] app\admincmsby\controller\Users->makecode[ D:\wwwroot\yoopay.xiangxin.me\application\admincmsby\controller\Users.php ]
[ info ] [ VIEW ] D:\wwwroot\yoopay.xiangxin.me\public/../application/admincmsby\view\users\makecode.html [ array (
  0 => 'menu',
  1 => 'account',
  2 => 'adminid',
  3 => 'admin_l',
  4 => 'group_l',
  5 => 'power_l',
  6 => 'operate_l',
  7 => 'loginlog_l',
  8 => 'web_l',
  9 => 'trade_l',
  10 => 'backup_l',
  11 => 'restore_l',
  12 => 'code_l',
  13 => 'makec_l',
  14 => 'contact_l',
  15 => 'msg_l',
  16 => 'notice_l',
  17 => 'user_l',
  18 => 'recharge_l',
  19 => 'rec_log_l',
  20 => 'set_l',
  21 => 'bonus_l',
  22 => 'buyo_l',
  23 => 'sello_l',
  24 => 'market_l',
  25 => 'ad_l',
  26 => 'partner_l',
  27 => 'recruit_l',
  28 => 'ore_l',
  29 => 'oreadd_l',
  30 => 'oreset_l',
  31 => 'oreo_l',
  32 => 'orep_l',
  33 => 'gift_l',
  34 => 'release_l',
) ]
[ info ] [ LOG ] INIT File

---------------------------------------------------------------
