[ 2019-07-21T01:50:40+08:00 ] 203.189.232.36 182.137.60.203 GET /
[ log ] yoopay.top/ [运行时间：0.312500s][吞吐率：3.20req/s] [内存消耗：2,661.79kb] [文件加载：67]
[ info ] [ LANG ] D:\wwwroot\yoopay.top\thinkphp\lang\zh-cn.php
[ info ] [ ROUTE ] array (
  'type' => 'module',
  'module' => 
  array (
    0 => '',
    1 => NULL,
    2 => NULL,
  ),
)
[ info ] [ HEADER ] array (
  'x-requested-with' => 'io.dcloud.H568E09CD',
  'cookie' => 'PHPSESSID=oqolbmnag2rgnrmn53umvumo57',
  'accept-language' => 'zh-CN,zh;q=0.9,en-US;q=0.8,en;q=0.7',
  'accept-encoding' => 'gzip, deflate',
  'accept' => 'text/html,application/xhtml+xml,application/xml;q=0.9,image/webp,image/apng,*/*;q=0.8',
  'user-agent' => 'Mozilla/5.0 (Linux; Android 9; MI 8 UD Build/PKQ1.180729.001; wv) AppleWebKit/537.36 (KHTML, like Gecko) Version/4.0 Chrome/72.0.3626.121 Mobile Safari/537.36 Html5Plus/1.0 (Immersed/32.363636)',
  'upgrade-insecure-requests' => '1',
  'connection' => 'close',
  'host' => 'yoopay.top',
)
[ info ] [ PARAM ] array (
)
[ info ] [ SESSION ] INIT array (
  'id' => '',
  'var_session_id' => '',
  'prefix' => 'think',
  'type' => '',
  'auto_start' => true,
)
[ info ] [ CACHE ] INIT File
[ info ] [ DB ] INIT mysql
[ info ] [ LOG ] INIT File
[ sql ] [ DB ] CONNECT:[ UseTime:0.000000s ] mysql:dbname=tmctmc;host=127.0.0.1;charset=utf8
[ sql ] [ SQL ] SHOW COLUMNS FROM `cmm_setting` [ RunTime:0.000000s ]
[ sql ] [ SQL ] SELECT * FROM `cmm_setting` WHERE  `id` > 0 ORDER BY id desc [ RunTime:0.031250s ]
[ sql ] [ SQL ] SHOW COLUMNS FROM `cmm_usersetting` [ RunTime:0.015625s ]
[ sql ] [ SQL ] SELECT * FROM `cmm_usersetting` WHERE  `id` > 0 LIMIT 1 [ RunTime:0.000000s ]

---------------------------------------------------------------
[ 2019-07-21T01:50:40+08:00 ] 203.189.232.36 182.137.60.203 GET /login
[ log ] yoopay.top/login [运行时间：0.156250s][吞吐率：6.40req/s] [内存消耗：1,568.98kb] [文件加载：51]
[ info ] [ LANG ] D:\wwwroot\yoopay.top\thinkphp\lang\zh-cn.php
[ info ] [ ROUTE ] array (
  'type' => 'module',
  'module' => 
  array (
    0 => 'index',
    1 => 'login',
    2 => 'login',
  ),
  'convert' => false,
)
[ info ] [ HEADER ] array (
  'x-requested-with' => 'io.dcloud.H568E09CD',
  'cookie' => 'PHPSESSID=oqolbmnag2rgnrmn53umvumo57',
  'accept-language' => 'zh-CN,zh;q=0.9,en-US;q=0.8,en;q=0.7',
  'accept-encoding' => 'gzip, deflate',
  'accept' => 'text/html,application/xhtml+xml,application/xml;q=0.9,image/webp,image/apng,*/*;q=0.8',
  'user-agent' => 'Mozilla/5.0 (Linux; Android 9; MI 8 UD Build/PKQ1.180729.001; wv) AppleWebKit/537.36 (KHTML, like Gecko) Version/4.0 Chrome/72.0.3626.121 Mobile Safari/537.36 Html5Plus/1.0 (Immersed/32.363636)',
  'upgrade-insecure-requests' => '1',
  'connection' => 'close',
  'host' => 'yoopay.top',
)
[ info ] [ PARAM ] array (
)
[ info ] [ RUN ] app\index\controller\Login->login[ D:\wwwroot\yoopay.top\application\index\controller\Login.php ]
[ info ] [ CACHE ] INIT File
[ info ] [ VIEW ] D:\wwwroot\yoopay.top\public/../application/index\view\login\login.html [ array (
) ]
[ info ] [ LOG ] INIT File

---------------------------------------------------------------
[ 2019-07-21T01:50:43+08:00 ] 203.189.232.36 182.137.60.203 GET /reg.html
[ log ] yoopay.top/reg.html [运行时间：0.156250s][吞吐率：6.40req/s] [内存消耗：1,575.23kb] [文件加载：51]
[ info ] [ LANG ] D:\wwwroot\yoopay.top\thinkphp\lang\zh-cn.php
[ info ] [ ROUTE ] array (
  'type' => 'module',
  'module' => 
  array (
    0 => 'index',
    1 => 'reg',
    2 => 'reg',
  ),
  'convert' => false,
)
[ info ] [ HEADER ] array (
  'x-requested-with' => 'io.dcloud.H568E09CD',
  'cookie' => 'PHPSESSID=oqolbmnag2rgnrmn53umvumo57',
  'accept-language' => 'zh-CN,zh;q=0.9,en-US;q=0.8,en;q=0.7',
  'accept-encoding' => 'gzip, deflate',
  'referer' => 'http://yoopay.top/login',
  'accept' => 'text/html,application/xhtml+xml,application/xml;q=0.9,image/webp,image/apng,*/*;q=0.8',
  'user-agent' => 'Mozilla/5.0 (Linux; Android 9; MI 8 UD Build/PKQ1.180729.001; wv) AppleWebKit/537.36 (KHTML, like Gecko) Version/4.0 Chrome/72.0.3626.121 Mobile Safari/537.36 Html5Plus/1.0 (Immersed/32.363636)',
  'upgrade-insecure-requests' => '1',
  'connection' => 'close',
  'host' => 'yoopay.top',
)
[ info ] [ PARAM ] array (
)
[ info ] [ RUN ] app\index\controller\Reg->reg[ D:\wwwroot\yoopay.top\application\index\controller\Reg.php ]
[ info ] [ CACHE ] INIT File
[ info ] [ VIEW ] D:\wwwroot\yoopay.top\public/../application/index\view\reg\reg.html [ array (
  0 => 'uid',
) ]
[ info ] [ LOG ] INIT File

---------------------------------------------------------------
[ 2019-07-21T18:35:56+08:00 ] 203.189.232.36 112.32.71.84 GET /
[ log ] yoopay.top/ [运行时间：0.328125s][吞吐率：3.05req/s] [内存消耗：2,661.58kb] [文件加载：67]
[ info ] [ LANG ] D:\wwwroot\yoopay.top\thinkphp\lang\zh-cn.php
[ info ] [ ROUTE ] array (
  'type' => 'module',
  'module' => 
  array (
    0 => '',
    1 => NULL,
    2 => NULL,
  ),
)
[ info ] [ HEADER ] array (
  'x-requested-with' => 'io.dcloud.H568E09CD',
  'cookie' => 'PHPSESSID=r2knbmvtt84p3om9ppbmahuft4',
  'accept-language' => 'zh-CN,en-US;q=0.8',
  'accept-encoding' => 'gzip, deflate',
  'user-agent' => 'Mozilla/5.0 (Linux; Android 5.1.1; vivo X7Plus Build/LMY47V) AppleWebKit/537.36 (KHTML, like Gecko) Version/4.0 Chrome/39.0.0.0 Mobile Safari/537.36 Html5Plus/1.0 (Immersed/24.0)',
  'accept' => 'text/html,application/xhtml+xml,application/xml;q=0.9,image/webp,*/*;q=0.8',
  'connection' => 'close',
  'host' => 'yoopay.top',
)
[ info ] [ PARAM ] array (
)
[ info ] [ SESSION ] INIT array (
  'id' => '',
  'var_session_id' => '',
  'prefix' => 'think',
  'type' => '',
  'auto_start' => true,
)
[ info ] [ CACHE ] INIT File
[ info ] [ DB ] INIT mysql
[ info ] [ LOG ] INIT File
[ sql ] [ DB ] CONNECT:[ UseTime:0.000000s ] mysql:dbname=tmctmc;host=127.0.0.1;charset=utf8
[ sql ] [ SQL ] SHOW COLUMNS FROM `cmm_setting` [ RunTime:0.015625s ]
[ sql ] [ SQL ] SELECT * FROM `cmm_setting` WHERE  `id` > 0 ORDER BY id desc [ RunTime:0.015625s ]
[ sql ] [ SQL ] SHOW COLUMNS FROM `cmm_usersetting` [ RunTime:0.015625s ]
[ sql ] [ SQL ] SELECT * FROM `cmm_usersetting` WHERE  `id` > 0 LIMIT 1 [ RunTime:0.000000s ]

---------------------------------------------------------------
[ 2019-07-21T18:35:56+08:00 ] 203.189.232.36 112.32.71.84 GET /login
[ log ] yoopay.top/login [运行时间：0.125000s][吞吐率：8.00req/s] [内存消耗：1,568.47kb] [文件加载：51]
[ info ] [ LANG ] D:\wwwroot\yoopay.top\thinkphp\lang\zh-cn.php
[ info ] [ ROUTE ] array (
  'type' => 'module',
  'module' => 
  array (
    0 => 'index',
    1 => 'login',
    2 => 'login',
  ),
  'convert' => false,
)
[ info ] [ HEADER ] array (
  'x-requested-with' => 'io.dcloud.H568E09CD',
  'cookie' => 'PHPSESSID=r2knbmvtt84p3om9ppbmahuft4',
  'accept-language' => 'zh-CN,en-US;q=0.8',
  'accept-encoding' => 'gzip, deflate',
  'user-agent' => 'Mozilla/5.0 (Linux; Android 5.1.1; vivo X7Plus Build/LMY47V) AppleWebKit/537.36 (KHTML, like Gecko) Version/4.0 Chrome/39.0.0.0 Mobile Safari/537.36 Html5Plus/1.0 (Immersed/24.0)',
  'accept' => 'text/html,application/xhtml+xml,application/xml;q=0.9,image/webp,*/*;q=0.8',
  'connection' => 'close',
  'host' => 'yoopay.top',
)
[ info ] [ PARAM ] array (
)
[ info ] [ RUN ] app\index\controller\Login->login[ D:\wwwroot\yoopay.top\application\index\controller\Login.php ]
[ info ] [ CACHE ] INIT File
[ info ] [ VIEW ] D:\wwwroot\yoopay.top\public/../application/index\view\login\login.html [ array (
) ]
[ info ] [ LOG ] INIT File

---------------------------------------------------------------
[ 2019-07-21T18:36:08+08:00 ] 203.189.232.36 112.32.71.84 POST /userland.html
[ log ] yoopay.top/userland.html [运行时间：0.281250s][吞吐率：3.56req/s] [内存消耗：2,626.84kb] [文件加载：66]
[ info ] [ LANG ] D:\wwwroot\yoopay.top\thinkphp\lang\zh-cn.php
[ info ] [ ROUTE ] array (
  'type' => 'module',
  'module' => 
  array (
    0 => 'index',
    1 => 'login',
    2 => 'login_do_cmm',
  ),
  'convert' => false,
)
[ info ] [ HEADER ] array (
  'cookie' => 'PHPSESSID=r2knbmvtt84p3om9ppbmahuft4',
  'accept-language' => 'zh-CN,en-US;q=0.8',
  'accept-encoding' => 'gzip, deflate',
  'referer' => 'http://yoopay.top/login',
  'content-type' => 'application/x-www-form-urlencoded',
  'user-agent' => 'Mozilla/5.0 (Linux; Android 5.1.1; vivo X7Plus Build/LMY47V) AppleWebKit/537.36 (KHTML, like Gecko) Version/4.0 Chrome/39.0.0.0 Mobile Safari/537.36 Html5Plus/1.0 (Immersed/24.0)',
  'x-requested-with' => 'XMLHttpRequest',
  'origin' => 'http://yoopay.top',
  'accept' => 'application/json',
  'content-length' => '36',
  'connection' => 'close',
  'host' => 'yoopay.top',
)
[ info ] [ PARAM ] array (
  'username' => '14714714714',
  'password' => '123456',
)
[ info ] [ RUN ] app\index\controller\Login->login_do_cmm[ D:\wwwroot\yoopay.top\application\index\controller\Login.php ]
[ info ] [ SESSION ] INIT array (
  'id' => '',
  'var_session_id' => '',
  'prefix' => 'think',
  'type' => '',
  'auto_start' => true,
)
[ info ] [ CACHE ] INIT File
[ info ] [ DB ] INIT mysql
[ info ] [ LOG ] INIT File
[ sql ] [ DB ] CONNECT:[ UseTime:0.000000s ] mysql:dbname=tmctmc;host=127.0.0.1;charset=utf8
[ sql ] [ SQL ] SHOW COLUMNS FROM `cmm_usersetting` [ RunTime:0.000000s ]
[ sql ] [ SQL ] SELECT * FROM `cmm_usersetting` WHERE  `id` > 0 LIMIT 1 [ RunTime:0.000000s ]
[ sql ] [ SQL ] SHOW COLUMNS FROM `cmm_users` [ RunTime:0.015625s ]
[ sql ] [ SQL ] SELECT `id`,`account`,`myphone`,`money_wallet`,`fry_data`,`refereeid`,`login_ip`,`logintime`,`status`,`rank`,`last_ip`,`logincount`,`forepart_money`,`forepart_time` FROM `cmm_users` WHERE  `account` = '14714714714'  AND `password` = 'f122db007ed655921f98184e4302bba84990ff68' LIMIT 1 [ RunTime:0.000000s ]
[ sql ] [ SQL ] UPDATE `cmm_users`  SET `login_ip`='112.32.71.84',`logintime`=1563705368,`last_ip`='112.32.71.84'  WHERE  (  id = 4015 ) [ RunTime:0.000000s ]
[ sql ] [ SQL ] UPDATE `cmm_users`  SET `logincount`=logincount+1  WHERE  (  id = 4015 ) [ RunTime:0.000000s ]

---------------------------------------------------------------
[ 2019-07-21T18:36:09+08:00 ] 203.189.232.36 112.32.71.84 GET /index.html
[ log ] yoopay.top/index.html [运行时间：0.437500s][吞吐率：2.29req/s] [内存消耗：3,067.05kb] [文件加载：78]
[ info ] [ LANG ] D:\wwwroot\yoopay.top\thinkphp\lang\zh-cn.php
[ info ] [ ROUTE ] array (
  'type' => 'module',
  'module' => 
  array (
    0 => 'index',
    1 => NULL,
    2 => NULL,
  ),
)
[ info ] [ HEADER ] array (
  'x-requested-with' => 'io.dcloud.H568E09CD',
  'cookie' => 'PHPSESSID=r2knbmvtt84p3om9ppbmahuft4',
  'accept-language' => 'zh-CN,en-US;q=0.8',
  'accept-encoding' => 'gzip, deflate',
  'referer' => 'http://yoopay.top/login',
  'user-agent' => 'Mozilla/5.0 (Linux; Android 5.1.1; vivo X7Plus Build/LMY47V) AppleWebKit/537.36 (KHTML, like Gecko) Version/4.0 Chrome/39.0.0.0 Mobile Safari/537.36 Html5Plus/1.0 (Immersed/24.0)',
  'accept' => 'text/html,application/xhtml+xml,application/xml;q=0.9,image/webp,*/*;q=0.8',
  'connection' => 'close',
  'host' => 'yoopay.top',
)
[ info ] [ PARAM ] array (
)
[ info ] [ SESSION ] INIT array (
  'id' => '',
  'var_session_id' => '',
  'prefix' => 'think',
  'type' => '',
  'auto_start' => true,
)
[ info ] [ CACHE ] INIT File
[ info ] [ DB ] INIT mysql
[ info ] [ RUN ] app\index\controller\Index->index[ D:\wwwroot\yoopay.top\application\index\controller\Index.php ]
[ info ] [ VIEW ] D:\wwwroot\yoopay.top\public/../application/index\view\index\index.html [ array (
  0 => 'price',
  1 => 'result',
  2 => 'config',
  3 => 'b_sum',
  4 => 'sellsum',
  5 => 'buylog',
  6 => 'sf_money',
  7 => 'oreList',
  8 => 'notice_list',
  9 => 'JZ',
  10 => 'coin',
  11 => 'eth_purse',
) ]
[ info ] [ LOG ] INIT File
[ sql ] [ DB ] CONNECT:[ UseTime:0.000000s ] mysql:dbname=tmctmc;host=127.0.0.1;charset=utf8
[ sql ] [ SQL ] SHOW COLUMNS FROM `cmm_setting` [ RunTime:0.000000s ]
[ sql ] [ SQL ] SELECT * FROM `cmm_setting` WHERE  `id` > 0 ORDER BY id desc [ RunTime:0.000000s ]
[ sql ] [ SQL ] SHOW COLUMNS FROM `cmm_usersetting` [ RunTime:0.015625s ]
[ sql ] [ SQL ] SELECT * FROM `cmm_usersetting` WHERE  `id` > 0 LIMIT 1 [ RunTime:0.000000s ]
[ sql ] [ SQL ] SHOW COLUMNS FROM `cmm_users` [ RunTime:0.000000s ]
[ sql ] [ SQL ] SELECT * FROM `cmm_users` WHERE  `id` = 4015 LIMIT 1 [ RunTime:0.015625s ]
[ sql ] [ SQL ] SHOW COLUMNS FROM `cmm_notice` [ RunTime:0.015625s ]
[ sql ] [ SQL ] SELECT * FROM `cmm_notice` WHERE  `id` > 0 ORDER BY id desc [ RunTime:0.000000s ]
[ sql ] [ SQL ] SHOW COLUMNS FROM `cmm_buyorder` [ RunTime:0.015625s ]
[ sql ] [ SQL ] SELECT * FROM `cmm_buyorder` WHERE  `id` > 0  AND `status` = 2 ORDER BY rand() [ RunTime:0.000000s ]
[ sql ] [ SQL ] SELECT SUM(amount) AS tp_sum FROM `cmm_buyorder` WHERE  `id` > 0  AND `status` = 2 LIMIT 1 [ RunTime:0.000000s ]
[ sql ] [ SQL ] SHOW COLUMNS FROM `cmm_sellorder` [ RunTime:0.015625s ]
[ sql ] [ SQL ] SELECT SUM(amount) AS tp_sum FROM `cmm_sellorder` WHERE  `uid` = 4015 LIMIT 1 [ RunTime:0.000000s ]
[ sql ] [ SQL ] SHOW COLUMNS FROM `cmm_kuang_shop` [ RunTime:0.015625s ]
[ sql ] [ SQL ] SELECT * FROM `cmm_kuang_shop` WHERE  `id` > 0 ORDER BY grade asc [ RunTime:0.000000s ]
[ sql ] [ SQL ] SHOW COLUMNS FROM `cmm_lucre_log` [ RunTime:0.015625s ]
[ sql ] [ SQL ] SELECT SUM(money) AS tp_sum FROM `cmm_lucre_log` WHERE  `id` > 0  AND `type` = 2 LIMIT 1 [ RunTime:0.000000s ]
[ sql ] [ SQL ] SELECT SUM(money) AS tp_sum FROM `cmm_lucre_log` WHERE  `id` > 0  AND `type` = 1 LIMIT 1 [ RunTime:0.000000s ]
[ sql ] [ SQL ] SELECT * FROM `cmm_users` WHERE  `id` = 4015 LIMIT 1 [ RunTime:0.000000s ]

---------------------------------------------------------------
[ 2019-07-21T22:11:53+08:00 ] 203.189.232.36 54.185.78.242 GET /
[ log ] yoopay.top/ [运行时间：0.312500s][吞吐率：3.20req/s] [内存消耗：2,660.65kb] [文件加载：67]
[ info ] [ LANG ] D:\wwwroot\yoopay.top\thinkphp\lang\zh-cn.php
[ info ] [ ROUTE ] array (
  'type' => 'module',
  'module' => 
  array (
    0 => '',
    1 => NULL,
    2 => NULL,
  ),
)
[ info ] [ HEADER ] array (
  'connection' => 'close',
  'accept-encoding' => 'gzip',
  'user-agent' => 'Go-http-client/1.1',
  'host' => 'yoopay.top',
)
[ info ] [ PARAM ] array (
)
[ info ] [ SESSION ] INIT array (
  'id' => '',
  'var_session_id' => '',
  'prefix' => 'think',
  'type' => '',
  'auto_start' => true,
)
[ info ] [ CACHE ] INIT File
[ info ] [ DB ] INIT mysql
[ info ] [ LOG ] INIT File
[ sql ] [ DB ] CONNECT:[ UseTime:0.000000s ] mysql:dbname=tmctmc;host=127.0.0.1;charset=utf8
[ sql ] [ SQL ] SHOW COLUMNS FROM `cmm_setting` [ RunTime:0.000000s ]
[ sql ] [ SQL ] SELECT * FROM `cmm_setting` WHERE  `id` > 0 ORDER BY id desc [ RunTime:0.000000s ]
[ sql ] [ SQL ] SHOW COLUMNS FROM `cmm_usersetting` [ RunTime:0.015625s ]
[ sql ] [ SQL ] SELECT * FROM `cmm_usersetting` WHERE  `id` > 0 LIMIT 1 [ RunTime:0.000000s ]

---------------------------------------------------------------
