[ 2019-07-24T01:40:49+08:00 ] 203.189.232.36 34.217.211.37 GET /
[ log ] yoopay.top/ [运行时间：0.203125s][吞吐率：4.92req/s] [内存消耗：2,660.61kb] [文件加载：67]
[ info ] [ LANG ] D:\wwwroot\yoopay.top\thinkphp\lang\zh-cn.php
[ info ] [ ROUTE ] array (
  'type' => 'module',
  'module' => 
  array (
    0 => '',
    1 => NULL,
    2 => NULL,
  ),
)
[ info ] [ HEADER ] array (
  'connection' => 'close',
  'accept-encoding' => 'gzip',
  'user-agent' => 'Go-http-client/1.1',
  'host' => 'yoopay.top',
)
[ info ] [ PARAM ] array (
)
[ info ] [ SESSION ] INIT array (
  'id' => '',
  'var_session_id' => '',
  'prefix' => 'think',
  'type' => '',
  'auto_start' => true,
)
[ info ] [ CACHE ] INIT File
[ info ] [ DB ] INIT mysql
[ info ] [ LOG ] INIT File
[ sql ] [ DB ] CONNECT:[ UseTime:0.000000s ] mysql:dbname=tmctmc;host=127.0.0.1;charset=utf8
[ sql ] [ SQL ] SHOW COLUMNS FROM `cmm_setting` [ RunTime:0.015625s ]
[ sql ] [ SQL ] SELECT * FROM `cmm_setting` WHERE  `id` > 0 ORDER BY id desc [ RunTime:0.000000s ]
[ sql ] [ SQL ] SHOW COLUMNS FROM `cmm_usersetting` [ RunTime:0.000000s ]
[ sql ] [ SQL ] SELECT * FROM `cmm_usersetting` WHERE  `id` > 0 LIMIT 1 [ RunTime:0.000000s ]

---------------------------------------------------------------
[ 2019-07-24T05:29:51+08:00 ] 203.189.232.36 60.162.22.163 GET /
[ log ] yoopay.top/ [运行时间：0.281250s][吞吐率：3.56req/s] [内存消耗：2,661.47kb] [文件加载：67]
[ info ] [ LANG ] D:\wwwroot\yoopay.top\thinkphp\lang\zh-cn.php
[ info ] [ ROUTE ] array (
  'type' => 'module',
  'module' => 
  array (
    0 => '',
    1 => NULL,
    2 => NULL,
  ),
)
[ info ] [ HEADER ] array (
  'accept-language' => 'zh-CN,zh;q=0.9',
  'accept-encoding' => 'gzip, deflate',
  'accept' => 'text/html,application/xhtml+xml,application/xml;q=0.9,image/webp,image/apng,*/*;q=0.8',
  'user-agent' => 'Mozilla/5.0 (Windows NT 10.0; WOW64) AppleWebKit/537.36 (KHTML, like Gecko) Chrome/63.0.3239.132 Safari/537.36',
  'upgrade-insecure-requests' => '1',
  'connection' => 'close',
  'host' => 'yoopay.top',
)
[ info ] [ PARAM ] array (
)
[ info ] [ SESSION ] INIT array (
  'id' => '',
  'var_session_id' => '',
  'prefix' => 'think',
  'type' => '',
  'auto_start' => true,
)
[ info ] [ CACHE ] INIT File
[ info ] [ DB ] INIT mysql
[ info ] [ LOG ] INIT File
[ sql ] [ DB ] CONNECT:[ UseTime:0.015625s ] mysql:dbname=tmctmc;host=127.0.0.1;charset=utf8
[ sql ] [ SQL ] SHOW COLUMNS FROM `cmm_setting` [ RunTime:0.015625s ]
[ sql ] [ SQL ] SELECT * FROM `cmm_setting` WHERE  `id` > 0 ORDER BY id desc [ RunTime:0.000000s ]
[ sql ] [ SQL ] SHOW COLUMNS FROM `cmm_usersetting` [ RunTime:0.000000s ]
[ sql ] [ SQL ] SELECT * FROM `cmm_usersetting` WHERE  `id` > 0 LIMIT 1 [ RunTime:0.000000s ]

---------------------------------------------------------------
[ 2019-07-24T05:29:51+08:00 ] 203.189.232.36 60.162.22.163 GET /login
[ log ] yoopay.top/login [运行时间：0.093750s][吞吐率：10.67req/s] [内存消耗：1,568.30kb] [文件加载：51]
[ info ] [ LANG ] D:\wwwroot\yoopay.top\thinkphp\lang\zh-cn.php
[ info ] [ ROUTE ] array (
  'type' => 'module',
  'module' => 
  array (
    0 => 'index',
    1 => 'login',
    2 => 'login',
  ),
  'convert' => false,
)
[ info ] [ HEADER ] array (
  'cookie' => 'PHPSESSID=ppot7sl5djnmt97p2194uthku5',
  'accept-language' => 'zh-CN,zh;q=0.9',
  'accept-encoding' => 'gzip, deflate',
  'accept' => 'text/html,application/xhtml+xml,application/xml;q=0.9,image/webp,image/apng,*/*;q=0.8',
  'user-agent' => 'Mozilla/5.0 (Windows NT 10.0; WOW64) AppleWebKit/537.36 (KHTML, like Gecko) Chrome/63.0.3239.132 Safari/537.36',
  'upgrade-insecure-requests' => '1',
  'connection' => 'close',
  'host' => 'yoopay.top',
)
[ info ] [ PARAM ] array (
)
[ info ] [ RUN ] app\index\controller\Login->login[ D:\wwwroot\yoopay.top\application\index\controller\Login.php ]
[ info ] [ CACHE ] INIT File
[ info ] [ VIEW ] D:\wwwroot\yoopay.top\public/../application/index\view\login\login.html [ array (
) ]
[ info ] [ LOG ] INIT File

---------------------------------------------------------------
[ 2019-07-24T05:29:58+08:00 ] 203.189.232.36 42.236.10.106 GET /login
[ log ] yoopay.top/login [运行时间：0.125000s][吞吐率：8.00req/s] [内存消耗：1,568.95kb] [文件加载：51]
[ info ] [ LANG ] D:\wwwroot\yoopay.top\thinkphp\lang\zh-cn.php
[ info ] [ ROUTE ] array (
  'type' => 'module',
  'module' => 
  array (
    0 => 'index',
    1 => 'login',
    2 => 'login',
  ),
  'convert' => false,
)
[ info ] [ HEADER ] array (
  'accept-encoding' => 'gzip, deflate',
  'referer' => 'http://www.baidu.com/',
  'accept' => 'text/html,application/xhtml+xml,application/xml;q=0.9,image/webp,image/apng,*/*;q=0.8',
  'user-agent' => 'Mozilla/5.0 (Linux; U; Android 8.1.0; zh-CN; EML-AL00 Build/HUAWEIEML-AL00) AppleWebKit/537.36 (KHTML, like Gecko) Version/4.0 Chrome/57.0.2987.108 baidu.sogo.uc.UCBrowser/11.9.4.974 UWS/2.13.1.48 Mobile Safari/537.36 AliApp(DingTalk/4.5.11) com.alibaba.android.rimet/10487439 Channel/227200 language/zh-CN',
  'upgrade-insecure-requests' => '1',
  'cache-control' => 'no-cache',
  'pragma' => 'no-cache',
  'connection' => 'close',
  'host' => 'yoopay.top',
)
[ info ] [ PARAM ] array (
)
[ info ] [ RUN ] app\index\controller\Login->login[ D:\wwwroot\yoopay.top\application\index\controller\Login.php ]
[ info ] [ CACHE ] INIT File
[ info ] [ VIEW ] D:\wwwroot\yoopay.top\public/../application/index\view\login\login.html [ array (
) ]
[ info ] [ LOG ] INIT File

---------------------------------------------------------------
[ 2019-07-24T05:30:02+08:00 ] 203.189.232.36 180.163.220.67 GET /
[ log ] yoopay.top/ [运行时间：0.218750s][吞吐率：4.57req/s] [内存消耗：2,661.98kb] [文件加载：67]
[ info ] [ LANG ] D:\wwwroot\yoopay.top\thinkphp\lang\zh-cn.php
[ info ] [ ROUTE ] array (
  'type' => 'module',
  'module' => 
  array (
    0 => '',
    1 => NULL,
    2 => NULL,
  ),
)
[ info ] [ HEADER ] array (
  'accept-encoding' => 'gzip, deflate',
  'referer' => 'http://www.baidu.com/',
  'accept' => 'text/html,application/xhtml+xml,application/xml;q=0.9,image/webp,image/apng,*/*;q=0.8',
  'user-agent' => 'Mozilla/5.0 (Linux; U; Android 8.1.0; zh-CN; EML-AL00 Build/HUAWEIEML-AL00) AppleWebKit/537.36 (KHTML, like Gecko) Version/4.0 Chrome/57.0.2987.108 baidu.sogo.uc.UCBrowser/11.9.4.974 UWS/2.13.1.48 Mobile Safari/537.36 AliApp(DingTalk/4.5.11) com.alibaba.android.rimet/10487439 Channel/227200 language/zh-CN',
  'upgrade-insecure-requests' => '1',
  'cache-control' => 'no-cache',
  'pragma' => 'no-cache',
  'connection' => 'close',
  'host' => 'yoopay.top',
)
[ info ] [ PARAM ] array (
)
[ info ] [ SESSION ] INIT array (
  'id' => '',
  'var_session_id' => '',
  'prefix' => 'think',
  'type' => '',
  'auto_start' => true,
)
[ info ] [ CACHE ] INIT File
[ info ] [ DB ] INIT mysql
[ info ] [ LOG ] INIT File
[ sql ] [ DB ] CONNECT:[ UseTime:0.015625s ] mysql:dbname=tmctmc;host=127.0.0.1;charset=utf8
[ sql ] [ SQL ] SHOW COLUMNS FROM `cmm_setting` [ RunTime:0.000000s ]
[ sql ] [ SQL ] SELECT * FROM `cmm_setting` WHERE  `id` > 0 ORDER BY id desc [ RunTime:0.000000s ]
[ sql ] [ SQL ] SHOW COLUMNS FROM `cmm_usersetting` [ RunTime:0.015625s ]
[ sql ] [ SQL ] SELECT * FROM `cmm_usersetting` WHERE  `id` > 0 LIMIT 1 [ RunTime:0.000000s ]

---------------------------------------------------------------
[ 2019-07-24T05:30:14+08:00 ] 203.189.232.36 180.163.220.68 GET /login
[ log ] yoopay.top/login [运行时间：0.128906s][吞吐率：7.76req/s] [内存消耗：1,569.14kb] [文件加载：51]
[ info ] [ LANG ] D:\wwwroot\yoopay.top\thinkphp\lang\zh-cn.php
[ info ] [ ROUTE ] array (
  'type' => 'module',
  'module' => 
  array (
    0 => 'index',
    1 => 'login',
    2 => 'login',
  ),
  'convert' => false,
)
[ info ] [ HEADER ] array (
  'cookie' => 'PHPSESSID=rivjoh3onc1flir58uaaepu556',
  'accept-encoding' => 'gzip, deflate',
  'referer' => 'http://www.baidu.com/',
  'accept' => 'text/html,application/xhtml+xml,application/xml;q=0.9,image/webp,image/apng,*/*;q=0.8',
  'user-agent' => 'Mozilla/5.0 (Linux; U; Android 8.1.0; zh-CN; EML-AL00 Build/HUAWEIEML-AL00) AppleWebKit/537.36 (KHTML, like Gecko) Version/4.0 Chrome/57.0.2987.108 baidu.sogo.uc.UCBrowser/11.9.4.974 UWS/2.13.1.48 Mobile Safari/537.36 AliApp(DingTalk/4.5.11) com.alibaba.android.rimet/10487439 Channel/227200 language/zh-CN',
  'upgrade-insecure-requests' => '1',
  'cache-control' => 'no-cache',
  'pragma' => 'no-cache',
  'connection' => 'close',
  'host' => 'yoopay.top',
)
[ info ] [ PARAM ] array (
)
[ info ] [ RUN ] app\index\controller\Login->login[ D:\wwwroot\yoopay.top\application\index\controller\Login.php ]
[ info ] [ CACHE ] INIT File
[ info ] [ VIEW ] D:\wwwroot\yoopay.top\public/../application/index\view\login\login.html [ array (
) ]
[ info ] [ LOG ] INIT File

---------------------------------------------------------------
[ 2019-07-24T10:32:41+08:00 ] 203.189.232.36 183.202.3.89 GET /
[ log ] yoopay.top/ [运行时间：0.328125s][吞吐率：3.05req/s] [内存消耗：2,661.84kb] [文件加载：67]
[ info ] [ LANG ] D:\wwwroot\yoopay.top\thinkphp\lang\zh-cn.php
[ info ] [ ROUTE ] array (
  'type' => 'module',
  'module' => 
  array (
    0 => '',
    1 => NULL,
    2 => NULL,
  ),
)
[ info ] [ HEADER ] array (
  'x-requested-with' => 'io.dcloud.H568E09CD',
  'accept-language' => 'zh-CN,en-US;q=0.8',
  'accept-encoding' => 'gzip, deflate',
  'accept' => 'text/html,application/xhtml+xml,application/xml;q=0.9,image/webp,*/*;q=0.8',
  'user-agent' => 'Mozilla/5.0 (Linux; Android 6.0.1; OPPO R9s Plus Build/MMB29M; wv) AppleWebKit/537.36 (KHTML, like Gecko) Version/4.0 Chrome/55.0.2883.91 Mobile Safari/537.36 Html5Plus/1.0 (Immersed/18.0)',
  'upgrade-insecure-requests' => '1',
  'connection' => 'close',
  'host' => 'yoopay.top',
)
[ info ] [ PARAM ] array (
)
[ info ] [ SESSION ] INIT array (
  'id' => '',
  'var_session_id' => '',
  'prefix' => 'think',
  'type' => '',
  'auto_start' => true,
)
[ info ] [ CACHE ] INIT File
[ info ] [ DB ] INIT mysql
[ info ] [ LOG ] INIT File
[ sql ] [ DB ] CONNECT:[ UseTime:0.000000s ] mysql:dbname=tmctmc;host=127.0.0.1;charset=utf8
[ sql ] [ SQL ] SHOW COLUMNS FROM `cmm_setting` [ RunTime:0.031250s ]
[ sql ] [ SQL ] SELECT * FROM `cmm_setting` WHERE  `id` > 0 ORDER BY id desc [ RunTime:0.000000s ]
[ sql ] [ SQL ] SHOW COLUMNS FROM `cmm_usersetting` [ RunTime:0.015625s ]
[ sql ] [ SQL ] SELECT * FROM `cmm_usersetting` WHERE  `id` > 0 LIMIT 1 [ RunTime:0.000000s ]

---------------------------------------------------------------
[ 2019-07-24T10:32:41+08:00 ] 203.189.232.36 183.202.3.89 GET /login
[ log ] yoopay.top/login [运行时间：0.109375s][吞吐率：9.14req/s] [内存消耗：1,568.86kb] [文件加载：51]
[ info ] [ LANG ] D:\wwwroot\yoopay.top\thinkphp\lang\zh-cn.php
[ info ] [ ROUTE ] array (
  'type' => 'module',
  'module' => 
  array (
    0 => 'index',
    1 => 'login',
    2 => 'login',
  ),
  'convert' => false,
)
[ info ] [ HEADER ] array (
  'x-requested-with' => 'io.dcloud.H568E09CD',
  'cookie' => 'PHPSESSID=3g934h1qbrnsu7ek1urq7iqrl7',
  'accept-language' => 'zh-CN,en-US;q=0.8',
  'accept-encoding' => 'gzip, deflate',
  'accept' => 'text/html,application/xhtml+xml,application/xml;q=0.9,image/webp,*/*;q=0.8',
  'user-agent' => 'Mozilla/5.0 (Linux; Android 6.0.1; OPPO R9s Plus Build/MMB29M; wv) AppleWebKit/537.36 (KHTML, like Gecko) Version/4.0 Chrome/55.0.2883.91 Mobile Safari/537.36 Html5Plus/1.0 (Immersed/18.0)',
  'upgrade-insecure-requests' => '1',
  'connection' => 'close',
  'host' => 'yoopay.top',
)
[ info ] [ PARAM ] array (
)
[ info ] [ RUN ] app\index\controller\Login->login[ D:\wwwroot\yoopay.top\application\index\controller\Login.php ]
[ info ] [ CACHE ] INIT File
[ info ] [ VIEW ] D:\wwwroot\yoopay.top\public/../application/index\view\login\login.html [ array (
) ]
[ info ] [ LOG ] INIT File

---------------------------------------------------------------
[ 2019-07-24T10:33:10+08:00 ] 203.189.232.36 183.202.3.89 GET /reg.html
[ log ] yoopay.top/reg.html [运行时间：0.109375s][吞吐率：9.14req/s] [内存消耗：1,575.02kb] [文件加载：51]
[ info ] [ LANG ] D:\wwwroot\yoopay.top\thinkphp\lang\zh-cn.php
[ info ] [ ROUTE ] array (
  'type' => 'module',
  'module' => 
  array (
    0 => 'index',
    1 => 'reg',
    2 => 'reg',
  ),
  'convert' => false,
)
[ info ] [ HEADER ] array (
  'x-requested-with' => 'io.dcloud.H568E09CD',
  'cookie' => 'PHPSESSID=3g934h1qbrnsu7ek1urq7iqrl7',
  'accept-language' => 'zh-CN,en-US;q=0.8',
  'accept-encoding' => 'gzip, deflate',
  'referer' => 'http://yoopay.top/login',
  'accept' => 'text/html,application/xhtml+xml,application/xml;q=0.9,image/webp,*/*;q=0.8',
  'user-agent' => 'Mozilla/5.0 (Linux; Android 6.0.1; OPPO R9s Plus Build/MMB29M; wv) AppleWebKit/537.36 (KHTML, like Gecko) Version/4.0 Chrome/55.0.2883.91 Mobile Safari/537.36 Html5Plus/1.0 (Immersed/18.0)',
  'upgrade-insecure-requests' => '1',
  'connection' => 'close',
  'host' => 'yoopay.top',
)
[ info ] [ PARAM ] array (
)
[ info ] [ RUN ] app\index\controller\Reg->reg[ D:\wwwroot\yoopay.top\application\index\controller\Reg.php ]
[ info ] [ CACHE ] INIT File
[ info ] [ VIEW ] D:\wwwroot\yoopay.top\public/../application/index\view\reg\reg.html [ array (
  0 => 'uid',
) ]
[ info ] [ LOG ] INIT File

---------------------------------------------------------------
[ 2019-07-24T10:33:22+08:00 ] 203.189.232.36 183.202.3.89 POST /msm_send.html
[ log ] yoopay.top/msm_send.html [运行时间：0.843750s][吞吐率：1.19req/s] [内存消耗：1,516.37kb] [文件加载：48]
[ info ] [ LANG ] D:\wwwroot\yoopay.top\thinkphp\lang\zh-cn.php
[ info ] [ ROUTE ] array (
  'type' => 'module',
  'module' => 
  array (
    0 => 'index',
    1 => 'reg',
    2 => 'regmm_msm_send',
  ),
  'convert' => false,
)
[ info ] [ HEADER ] array (
  'cookie' => 'PHPSESSID=3g934h1qbrnsu7ek1urq7iqrl7',
  'accept-language' => 'zh-CN,en-US;q=0.8',
  'accept-encoding' => 'gzip, deflate',
  'referer' => 'http://yoopay.top/reg.html',
  'content-type' => 'application/x-www-form-urlencoded',
  'user-agent' => 'Mozilla/5.0 (Linux; Android 6.0.1; OPPO R9s Plus Build/MMB29M; wv) AppleWebKit/537.36 (KHTML, like Gecko) Version/4.0 Chrome/55.0.2883.91 Mobile Safari/537.36 Html5Plus/1.0 (Immersed/18.0)',
  'x-requested-with' => 'XMLHttpRequest',
  'origin' => 'http://yoopay.top',
  'accept' => 'application/json',
  'content-length' => '24',
  'connection' => 'close',
  'host' => 'yoopay.top',
)
[ info ] [ PARAM ] array (
  'mobile' => '18235002007',
  'code' => '',
)
[ info ] [ RUN ] app\index\controller\Reg->regmm_msm_send[ D:\wwwroot\yoopay.top\application\index\controller\Reg.php ]
[ info ] [ SESSION ] INIT array (
  'id' => '',
  'var_session_id' => '',
  'prefix' => 'think',
  'type' => '',
  'auto_start' => true,
)
[ info ] [ LOG ] INIT File

---------------------------------------------------------------
[ 2019-07-24T10:33:47+08:00 ] 203.189.232.36 183.202.3.89 POST /msm_send.html
[ log ] yoopay.top/msm_send.html [运行时间：0.359375s][吞吐率：2.78req/s] [内存消耗：1,516.34kb] [文件加载：48]
[ info ] [ LANG ] D:\wwwroot\yoopay.top\thinkphp\lang\zh-cn.php
[ info ] [ ROUTE ] array (
  'type' => 'module',
  'module' => 
  array (
    0 => 'index',
    1 => 'reg',
    2 => 'regmm_msm_send',
  ),
  'convert' => false,
)
[ info ] [ HEADER ] array (
  'cookie' => 'PHPSESSID=3g934h1qbrnsu7ek1urq7iqrl7',
  'accept-language' => 'zh-CN,en-US;q=0.8',
  'accept-encoding' => 'gzip, deflate',
  'referer' => 'http://yoopay.top/reg.html',
  'content-type' => 'application/x-www-form-urlencoded',
  'user-agent' => 'Mozilla/5.0 (Linux; Android 6.0.1; OPPO R9s Plus Build/MMB29M; wv) AppleWebKit/537.36 (KHTML, like Gecko) Version/4.0 Chrome/55.0.2883.91 Mobile Safari/537.36 Html5Plus/1.0 (Immersed/18.0)',
  'x-requested-with' => 'XMLHttpRequest',
  'origin' => 'http://yoopay.top',
  'accept' => 'application/json',
  'content-length' => '24',
  'connection' => 'close',
  'host' => 'yoopay.top',
)
[ info ] [ PARAM ] array (
  'mobile' => '18235002007',
  'code' => '',
)
[ info ] [ RUN ] app\index\controller\Reg->regmm_msm_send[ D:\wwwroot\yoopay.top\application\index\controller\Reg.php ]
[ info ] [ SESSION ] INIT array (
  'id' => '',
  'var_session_id' => '',
  'prefix' => 'think',
  'type' => '',
  'auto_start' => true,
)
[ info ] [ LOG ] INIT File

---------------------------------------------------------------
[ 2019-07-24T10:40:01+08:00 ] 203.189.232.36 183.202.3.89 POST /userland.html
[ log ] yoopay.top/userland.html [运行时间：0.328125s][吞吐率：3.05req/s] [内存消耗：2,627.02kb] [文件加载：66]
[ info ] [ LANG ] D:\wwwroot\yoopay.top\thinkphp\lang\zh-cn.php
[ info ] [ ROUTE ] array (
  'type' => 'module',
  'module' => 
  array (
    0 => 'index',
    1 => 'login',
    2 => 'login_do_cmm',
  ),
  'convert' => false,
)
[ info ] [ HEADER ] array (
  'cookie' => 'PHPSESSID=3g934h1qbrnsu7ek1urq7iqrl7',
  'accept-language' => 'zh-CN,en-US;q=0.8',
  'accept-encoding' => 'gzip, deflate',
  'referer' => 'http://yoopay.top/login',
  'content-type' => 'application/x-www-form-urlencoded',
  'user-agent' => 'Mozilla/5.0 (Linux; Android 6.0.1; OPPO R9s Plus Build/MMB29M; wv) AppleWebKit/537.36 (KHTML, like Gecko) Version/4.0 Chrome/55.0.2883.91 Mobile Safari/537.36 Html5Plus/1.0 (Immersed/18.0)',
  'x-requested-with' => 'XMLHttpRequest',
  'origin' => 'http://yoopay.top',
  'accept' => 'application/json',
  'content-length' => '36',
  'connection' => 'close',
  'host' => 'yoopay.top',
)
[ info ] [ PARAM ] array (
  'username' => '14714714714',
  'password' => '123456',
)
[ info ] [ RUN ] app\index\controller\Login->login_do_cmm[ D:\wwwroot\yoopay.top\application\index\controller\Login.php ]
[ info ] [ SESSION ] INIT array (
  'id' => '',
  'var_session_id' => '',
  'prefix' => 'think',
  'type' => '',
  'auto_start' => true,
)
[ info ] [ CACHE ] INIT File
[ info ] [ DB ] INIT mysql
[ info ] [ LOG ] INIT File
[ sql ] [ DB ] CONNECT:[ UseTime:0.000000s ] mysql:dbname=tmctmc;host=127.0.0.1;charset=utf8
[ sql ] [ SQL ] SHOW COLUMNS FROM `cmm_usersetting` [ RunTime:0.015625s ]
[ sql ] [ SQL ] SELECT * FROM `cmm_usersetting` WHERE  `id` > 0 LIMIT 1 [ RunTime:0.000000s ]
[ sql ] [ SQL ] SHOW COLUMNS FROM `cmm_users` [ RunTime:0.031250s ]
[ sql ] [ SQL ] SELECT `id`,`account`,`myphone`,`money_wallet`,`fry_data`,`refereeid`,`login_ip`,`logintime`,`status`,`rank`,`last_ip`,`logincount`,`forepart_money`,`forepart_time` FROM `cmm_users` WHERE  `account` = '14714714714'  AND `password` = 'f122db007ed655921f98184e4302bba84990ff68' LIMIT 1 [ RunTime:0.000000s ]
[ sql ] [ SQL ] UPDATE `cmm_users`  SET `login_ip`='183.202.3.89',`logintime`=1563936001,`last_ip`='111.227.5.100'  WHERE  (  id = 4015 ) [ RunTime:0.000000s ]
[ sql ] [ SQL ] UPDATE `cmm_users`  SET `logincount`=logincount+1  WHERE  (  id = 4015 ) [ RunTime:0.000000s ]

---------------------------------------------------------------
[ 2019-07-24T10:40:03+08:00 ] 203.189.232.36 183.202.3.89 GET /index.html
[ log ] yoopay.top/index.html [运行时间：0.343750s][吞吐率：2.91req/s] [内存消耗：3,067.55kb] [文件加载：78]
[ info ] [ LANG ] D:\wwwroot\yoopay.top\thinkphp\lang\zh-cn.php
[ info ] [ ROUTE ] array (
  'type' => 'module',
  'module' => 
  array (
    0 => 'index',
    1 => NULL,
    2 => NULL,
  ),
)
[ info ] [ HEADER ] array (
  'x-requested-with' => 'io.dcloud.H568E09CD',
  'cookie' => 'PHPSESSID=3g934h1qbrnsu7ek1urq7iqrl7',
  'accept-language' => 'zh-CN,en-US;q=0.8',
  'accept-encoding' => 'gzip, deflate',
  'referer' => 'http://yoopay.top/login',
  'accept' => 'text/html,application/xhtml+xml,application/xml;q=0.9,image/webp,*/*;q=0.8',
  'user-agent' => 'Mozilla/5.0 (Linux; Android 6.0.1; OPPO R9s Plus Build/MMB29M; wv) AppleWebKit/537.36 (KHTML, like Gecko) Version/4.0 Chrome/55.0.2883.91 Mobile Safari/537.36 Html5Plus/1.0 (Immersed/18.0)',
  'upgrade-insecure-requests' => '1',
  'connection' => 'close',
  'host' => 'yoopay.top',
)
[ info ] [ PARAM ] array (
)
[ info ] [ SESSION ] INIT array (
  'id' => '',
  'var_session_id' => '',
  'prefix' => 'think',
  'type' => '',
  'auto_start' => true,
)
[ info ] [ CACHE ] INIT File
[ info ] [ DB ] INIT mysql
[ info ] [ RUN ] app\index\controller\Index->index[ D:\wwwroot\yoopay.top\application\index\controller\Index.php ]
[ info ] [ VIEW ] D:\wwwroot\yoopay.top\public/../application/index\view\index\index.html [ array (
  0 => 'price',
  1 => 'result',
  2 => 'config',
  3 => 'b_sum',
  4 => 'sellsum',
  5 => 'buylog',
  6 => 'sf_money',
  7 => 'oreList',
  8 => 'notice_list',
  9 => 'JZ',
  10 => 'coin',
  11 => 'eth_purse',
) ]
[ info ] [ LOG ] INIT File
[ sql ] [ DB ] CONNECT:[ UseTime:0.015625s ] mysql:dbname=tmctmc;host=127.0.0.1;charset=utf8
[ sql ] [ SQL ] SHOW COLUMNS FROM `cmm_setting` [ RunTime:0.015625s ]
[ sql ] [ SQL ] SELECT * FROM `cmm_setting` WHERE  `id` > 0 ORDER BY id desc [ RunTime:0.015625s ]
[ sql ] [ SQL ] SHOW COLUMNS FROM `cmm_usersetting` [ RunTime:0.015625s ]
[ sql ] [ SQL ] SELECT * FROM `cmm_usersetting` WHERE  `id` > 0 LIMIT 1 [ RunTime:0.000000s ]
[ sql ] [ SQL ] SHOW COLUMNS FROM `cmm_users` [ RunTime:0.000000s ]
[ sql ] [ SQL ] SELECT * FROM `cmm_users` WHERE  `id` = 4015 LIMIT 1 [ RunTime:0.000000s ]
[ sql ] [ SQL ] SHOW COLUMNS FROM `cmm_notice` [ RunTime:0.000000s ]
[ sql ] [ SQL ] SELECT * FROM `cmm_notice` WHERE  `id` > 0 ORDER BY id desc [ RunTime:0.000000s ]
[ sql ] [ SQL ] SHOW COLUMNS FROM `cmm_buyorder` [ RunTime:0.015625s ]
[ sql ] [ SQL ] SELECT * FROM `cmm_buyorder` WHERE  `id` > 0  AND `status` = 2 ORDER BY rand() [ RunTime:0.000000s ]
[ sql ] [ SQL ] SELECT SUM(amount) AS tp_sum FROM `cmm_buyorder` WHERE  `id` > 0  AND `status` = 2 LIMIT 1 [ RunTime:0.000000s ]
[ sql ] [ SQL ] SHOW COLUMNS FROM `cmm_sellorder` [ RunTime:0.015625s ]
[ sql ] [ SQL ] SELECT SUM(amount) AS tp_sum FROM `cmm_sellorder` WHERE  `uid` = 4015 LIMIT 1 [ RunTime:0.000000s ]
[ sql ] [ SQL ] SHOW COLUMNS FROM `cmm_kuang_shop` [ RunTime:0.000000s ]
[ sql ] [ SQL ] SELECT * FROM `cmm_kuang_shop` WHERE  `id` > 0 ORDER BY grade asc [ RunTime:0.000000s ]
[ sql ] [ SQL ] SHOW COLUMNS FROM `cmm_lucre_log` [ RunTime:0.015625s ]
[ sql ] [ SQL ] SELECT SUM(money) AS tp_sum FROM `cmm_lucre_log` WHERE  `id` > 0  AND `type` = 2 LIMIT 1 [ RunTime:0.015625s ]
[ sql ] [ SQL ] SELECT SUM(money) AS tp_sum FROM `cmm_lucre_log` WHERE  `id` > 0  AND `type` = 1 LIMIT 1 [ RunTime:0.000000s ]
[ sql ] [ SQL ] SELECT * FROM `cmm_users` WHERE  `id` = 4015 LIMIT 1 [ RunTime:0.000000s ]

---------------------------------------------------------------
[ 2019-07-24T19:14:04+08:00 ] 203.189.232.36 180.163.220.66 GET /login
[ log ] yoopay.top/login [运行时间：0.187500s][吞吐率：5.33req/s] [内存消耗：1,568.54kb] [文件加载：51]
[ info ] [ LANG ] D:\wwwroot\yoopay.top\thinkphp\lang\zh-cn.php
[ info ] [ ROUTE ] array (
  'type' => 'module',
  'module' => 
  array (
    0 => 'index',
    1 => 'login',
    2 => 'login',
  ),
  'convert' => false,
)
[ info ] [ HEADER ] array (
  'accept-encoding' => 'gzip, deflate',
  'referer' => 'http://www.baidu.com/',
  'accept' => 'text/html,application/xhtml+xml,application/xml;q=0.9,image/webp,image/apng,*/*;q=0.8',
  'user-agent' => 'Mozilla/5.0 (Windows NT 6.1) AppleWebKit/537.36 (KHTML, like Gecko) baidu.sogo.uc.Chrome/36.0.1985.125 Safari/537.36',
  'upgrade-insecure-requests' => '1',
  'cache-control' => 'no-cache',
  'pragma' => 'no-cache',
  'connection' => 'close',
  'host' => 'yoopay.top',
)
[ info ] [ PARAM ] array (
)
[ info ] [ RUN ] app\index\controller\Login->login[ D:\wwwroot\yoopay.top\application\index\controller\Login.php ]
[ info ] [ CACHE ] INIT File
[ info ] [ VIEW ] D:\wwwroot\yoopay.top\public/../application/index\view\login\login.html [ array (
) ]
[ info ] [ LOG ] INIT File

---------------------------------------------------------------
