[ 2019-11-05T03:59:05+08:00 ] 154.91.3.46 112.236.147.39 GET /
[ log ] yoopay.xiangxin.me/ [运行时间：0.486328s][吞吐率：2.06req/s] [内存消耗：4,135.19kb] [文件加载：67]
[ info ] [ LANG ] D:\wwwroot\yoopay.xiangxin.me\thinkphp\lang\zh-cn.php
[ info ] [ ROUTE ] array (
  'type' => 'module',
  'module' => 
  array (
    0 => '',
    1 => NULL,
    2 => NULL,
  ),
)
[ info ] [ HEADER ] array (
  'accept-language' => 'zh-CN,zh;q=0.9',
  'accept-encoding' => 'gzip, deflate',
  'accept' => 'text/html,application/xhtml+xml,application/xml;q=0.9,image/webp,image/apng,*/*;q=0.8,application/signed-exchange;v=b3',
  'user-agent' => 'Mozilla/5.0 (Windows NT 10.0; Win64; x64) AppleWebKit/537.36 (KHTML, like Gecko) Chrome/76.0.3809.132 Safari/537.36',
  'upgrade-insecure-requests' => '1',
  'connection' => 'close',
  'host' => 'yoopay.xiangxin.me',
)
[ info ] [ PARAM ] array (
)
[ info ] [ SESSION ] INIT array (
  'id' => '',
  'var_session_id' => '',
  'prefix' => 'think',
  'type' => '',
  'auto_start' => true,
)
[ info ] [ CACHE ] INIT File
[ info ] [ DB ] INIT mysql
[ info ] [ LOG ] INIT File
[ sql ] [ DB ] CONNECT:[ UseTime:0.000000s ] mysql:dbname=yoopay_xiangxin_;host=127.0.0.1;charset=utf8
[ sql ] [ SQL ] SHOW COLUMNS FROM `cmm_setting` [ RunTime:0.031250s ]
[ sql ] [ SQL ] SELECT * FROM `cmm_setting` WHERE  `id` > 0 ORDER BY id desc [ RunTime:0.031250s ]
[ sql ] [ SQL ] SHOW COLUMNS FROM `cmm_usersetting` [ RunTime:0.031250s ]
[ sql ] [ SQL ] SELECT * FROM `cmm_usersetting` WHERE  `id` > 0 LIMIT 1 [ RunTime:0.000000s ]

---------------------------------------------------------------
[ 2019-11-05T03:59:05+08:00 ] 154.91.3.46 112.236.147.39 GET /login
[ log ] yoopay.xiangxin.me/login [运行时间：0.078125s][吞吐率：12.80req/s] [内存消耗：2,431.18kb] [文件加载：51]
[ info ] [ LANG ] D:\wwwroot\yoopay.xiangxin.me\thinkphp\lang\zh-cn.php
[ info ] [ ROUTE ] array (
  'type' => 'module',
  'module' => 
  array (
    0 => 'index',
    1 => 'login',
    2 => 'login',
  ),
  'convert' => false,
)
[ info ] [ HEADER ] array (
  'cookie' => 'PHPSESSID=3d3lon3hvmdkgam25ai2nor1g7',
  'accept-language' => 'zh-CN,zh;q=0.9',
  'accept-encoding' => 'gzip, deflate',
  'accept' => 'text/html,application/xhtml+xml,application/xml;q=0.9,image/webp,image/apng,*/*;q=0.8,application/signed-exchange;v=b3',
  'user-agent' => 'Mozilla/5.0 (Windows NT 10.0; Win64; x64) AppleWebKit/537.36 (KHTML, like Gecko) Chrome/76.0.3809.132 Safari/537.36',
  'upgrade-insecure-requests' => '1',
  'connection' => 'close',
  'host' => 'yoopay.xiangxin.me',
)
[ info ] [ PARAM ] array (
)
[ info ] [ RUN ] app\index\controller\Login->login[ D:\wwwroot\yoopay.xiangxin.me\application\index\controller\Login.php ]
[ info ] [ CACHE ] INIT File
[ info ] [ VIEW ] D:\wwwroot\yoopay.xiangxin.me\public/../application/index\view\login\login.html [ array (
) ]
[ info ] [ LOG ] INIT File

---------------------------------------------------------------
[ 2019-11-05T03:59:14+08:00 ] 154.91.3.46 112.236.147.39 GET /reg.html
[ log ] yoopay.xiangxin.me/reg.html [运行时间：0.062500s][吞吐率：16.00req/s] [内存消耗：2,441.05kb] [文件加载：51]
[ info ] [ LANG ] D:\wwwroot\yoopay.xiangxin.me\thinkphp\lang\zh-cn.php
[ info ] [ ROUTE ] array (
  'type' => 'module',
  'module' => 
  array (
    0 => 'index',
    1 => 'reg',
    2 => 'reg',
  ),
  'convert' => false,
)
[ info ] [ HEADER ] array (
  'cookie' => 'PHPSESSID=3d3lon3hvmdkgam25ai2nor1g7',
  'accept-language' => 'zh-CN,zh;q=0.9',
  'accept-encoding' => 'gzip, deflate',
  'referer' => 'http://yoopay.xiangxin.me/login',
  'accept' => 'text/html,application/xhtml+xml,application/xml;q=0.9,image/webp,image/apng,*/*;q=0.8,application/signed-exchange;v=b3',
  'user-agent' => 'Mozilla/5.0 (iPhone; CPU iPhone OS 11_0 like Mac OS X) AppleWebKit/604.1.38 (KHTML, like Gecko) Version/11.0 Mobile/15A372 Safari/604.1',
  'upgrade-insecure-requests' => '1',
  'connection' => 'close',
  'host' => 'yoopay.xiangxin.me',
)
[ info ] [ PARAM ] array (
)
[ info ] [ RUN ] app\index\controller\Reg->reg[ D:\wwwroot\yoopay.xiangxin.me\application\index\controller\Reg.php ]
[ info ] [ CACHE ] INIT File
[ info ] [ VIEW ] D:\wwwroot\yoopay.xiangxin.me\public/../application/index\view\reg\reg.html [ array (
  0 => 'uid',
) ]
[ info ] [ LOG ] INIT File

---------------------------------------------------------------
[ 2019-11-05T04:00:36+08:00 ] 154.91.3.46 112.236.147.39 POST /userland.html
[ log ] yoopay.xiangxin.me/userland.html [运行时间：0.218750s][吞吐率：4.57req/s] [内存消耗：4,081.19kb] [文件加载：66]
[ info ] [ LANG ] D:\wwwroot\yoopay.xiangxin.me\thinkphp\lang\zh-cn.php
[ info ] [ ROUTE ] array (
  'type' => 'module',
  'module' => 
  array (
    0 => 'index',
    1 => 'login',
    2 => 'login_do_cmm',
  ),
  'convert' => false,
)
[ info ] [ HEADER ] array (
  'cookie' => 'PHPSESSID=3d3lon3hvmdkgam25ai2nor1g7',
  'accept-language' => 'zh-CN,zh;q=0.9',
  'accept-encoding' => 'gzip, deflate',
  'referer' => 'http://yoopay.xiangxin.me/login',
  'content-type' => 'application/x-www-form-urlencoded',
  'user-agent' => 'Mozilla/5.0 (iPhone; CPU iPhone OS 11_0 like Mac OS X) AppleWebKit/604.1.38 (KHTML, like Gecko) Version/11.0 Mobile/15A372 Safari/604.1',
  'x-requested-with' => 'XMLHttpRequest',
  'origin' => 'http://yoopay.xiangxin.me',
  'accept' => 'application/json',
  'content-length' => '36',
  'connection' => 'close',
  'host' => 'yoopay.xiangxin.me',
)
[ info ] [ PARAM ] array (
  'username' => '14714714712',
  'password' => '123456',
)
[ info ] [ RUN ] app\index\controller\Login->login_do_cmm[ D:\wwwroot\yoopay.xiangxin.me\application\index\controller\Login.php ]
[ info ] [ SESSION ] INIT array (
  'id' => '',
  'var_session_id' => '',
  'prefix' => 'think',
  'type' => '',
  'auto_start' => true,
)
[ info ] [ CACHE ] INIT File
[ info ] [ DB ] INIT mysql
[ info ] [ LOG ] INIT File
[ sql ] [ DB ] CONNECT:[ UseTime:0.000000s ] mysql:dbname=yoopay_xiangxin_;host=127.0.0.1;charset=utf8
[ sql ] [ SQL ] SHOW COLUMNS FROM `cmm_usersetting` [ RunTime:0.015625s ]
[ sql ] [ SQL ] SELECT * FROM `cmm_usersetting` WHERE  `id` > 0 LIMIT 1 [ RunTime:0.000000s ]
[ sql ] [ SQL ] SHOW COLUMNS FROM `cmm_users` [ RunTime:0.015625s ]
[ sql ] [ SQL ] SELECT `id`,`account`,`myphone`,`money_wallet`,`fry_data`,`refereeid`,`login_ip`,`logintime`,`status`,`rank`,`last_ip`,`logincount`,`forepart_money`,`forepart_time` FROM `cmm_users` WHERE  `account` = '14714714712'  AND `password` = 'f122db007ed655921f98184e4302bba84990ff68' LIMIT 1 [ RunTime:0.000000s ]
[ sql ] [ SQL ] UPDATE `cmm_users`  SET `login_ip`='112.236.147.39',`logintime`=1572897636,`last_ip`='60.213.77.203'  WHERE  (  id = 4018 ) [ RunTime:0.000000s ]
[ sql ] [ SQL ] UPDATE `cmm_users`  SET `logincount`=logincount+1  WHERE  (  id = 4018 ) [ RunTime:0.000000s ]

---------------------------------------------------------------
[ 2019-11-05T04:00:37+08:00 ] 154.91.3.46 112.236.147.39 GET /index.html
[ log ] yoopay.xiangxin.me/index.html [运行时间：0.375976s][吞吐率：2.66req/s] [内存消耗：4,777.91kb] [文件加载：78]
[ info ] [ LANG ] D:\wwwroot\yoopay.xiangxin.me\thinkphp\lang\zh-cn.php
[ info ] [ ROUTE ] array (
  'type' => 'module',
  'module' => 
  array (
    0 => 'index',
    1 => NULL,
    2 => NULL,
  ),
)
[ info ] [ HEADER ] array (
  'cookie' => 'PHPSESSID=3d3lon3hvmdkgam25ai2nor1g7',
  'accept-language' => 'zh-CN,zh;q=0.9',
  'accept-encoding' => 'gzip, deflate',
  'referer' => 'http://yoopay.xiangxin.me/login',
  'accept' => 'text/html,application/xhtml+xml,application/xml;q=0.9,image/webp,image/apng,*/*;q=0.8,application/signed-exchange;v=b3',
  'user-agent' => 'Mozilla/5.0 (iPhone; CPU iPhone OS 11_0 like Mac OS X) AppleWebKit/604.1.38 (KHTML, like Gecko) Version/11.0 Mobile/15A372 Safari/604.1',
  'upgrade-insecure-requests' => '1',
  'connection' => 'close',
  'host' => 'yoopay.xiangxin.me',
)
[ info ] [ PARAM ] array (
)
[ info ] [ SESSION ] INIT array (
  'id' => '',
  'var_session_id' => '',
  'prefix' => 'think',
  'type' => '',
  'auto_start' => true,
)
[ info ] [ CACHE ] INIT File
[ info ] [ DB ] INIT mysql
[ info ] [ RUN ] app\index\controller\Index->index[ D:\wwwroot\yoopay.xiangxin.me\application\index\controller\Index.php ]
[ info ] [ VIEW ] D:\wwwroot\yoopay.xiangxin.me\public/../application/index\view\index\index.html [ array (
  0 => 'price',
  1 => 'result',
  2 => 'config',
  3 => 'b_sum',
  4 => 'sellsum',
  5 => 'buylog',
  6 => 'sf_money',
  7 => 'oreList',
  8 => 'notice_list',
  9 => 'JZ',
  10 => 'coin',
  11 => 'eth_purse',
) ]
[ info ] [ LOG ] INIT File
[ sql ] [ DB ] CONNECT:[ UseTime:0.000000s ] mysql:dbname=yoopay_xiangxin_;host=127.0.0.1;charset=utf8
[ sql ] [ SQL ] SHOW COLUMNS FROM `cmm_setting` [ RunTime:0.015625s ]
[ sql ] [ SQL ] SELECT * FROM `cmm_setting` WHERE  `id` > 0 ORDER BY id desc [ RunTime:0.000000s ]
[ sql ] [ SQL ] SHOW COLUMNS FROM `cmm_usersetting` [ RunTime:0.015625s ]
[ sql ] [ SQL ] SELECT * FROM `cmm_usersetting` WHERE  `id` > 0 LIMIT 1 [ RunTime:0.000000s ]
[ sql ] [ SQL ] SHOW COLUMNS FROM `cmm_users` [ RunTime:0.031250s ]
[ sql ] [ SQL ] SELECT * FROM `cmm_users` WHERE  `id` = 4018 LIMIT 1 [ RunTime:0.000000s ]
[ sql ] [ SQL ] SHOW COLUMNS FROM `cmm_notice` [ RunTime:0.015625s ]
[ sql ] [ SQL ] SELECT * FROM `cmm_notice` WHERE  `id` > 0 ORDER BY id desc [ RunTime:0.000000s ]
[ sql ] [ SQL ] SHOW COLUMNS FROM `cmm_buyorder` [ RunTime:0.031250s ]
[ sql ] [ SQL ] SELECT * FROM `cmm_buyorder` WHERE  `id` > 0  AND `status` = 2 ORDER BY rand() [ RunTime:0.015625s ]
[ sql ] [ SQL ] SELECT SUM(amount) AS tp_sum FROM `cmm_buyorder` WHERE  `id` > 0  AND `status` = 2 LIMIT 1 [ RunTime:0.000000s ]
[ sql ] [ SQL ] SHOW COLUMNS FROM `cmm_sellorder` [ RunTime:0.015625s ]
[ sql ] [ SQL ] SELECT SUM(amount) AS tp_sum FROM `cmm_sellorder` WHERE  `uid` = 4018 LIMIT 1 [ RunTime:0.000000s ]
[ sql ] [ SQL ] SHOW COLUMNS FROM `cmm_kuang_shop` [ RunTime:0.031250s ]
[ sql ] [ SQL ] SELECT * FROM `cmm_kuang_shop` WHERE  `id` > 0 ORDER BY grade asc [ RunTime:0.000000s ]
[ sql ] [ SQL ] SHOW COLUMNS FROM `cmm_lucre_log` [ RunTime:0.015625s ]
[ sql ] [ SQL ] SELECT SUM(money) AS tp_sum FROM `cmm_lucre_log` WHERE  `id` > 0  AND `type` = 2 LIMIT 1 [ RunTime:0.000000s ]
[ sql ] [ SQL ] SELECT SUM(money) AS tp_sum FROM `cmm_lucre_log` WHERE  `id` > 0  AND `type` = 1 LIMIT 1 [ RunTime:0.000000s ]
[ sql ] [ SQL ] SELECT * FROM `cmm_users` WHERE  `id` = 4018 LIMIT 1 [ RunTime:0.000000s ]

---------------------------------------------------------------
[ 2019-11-05T04:00:45+08:00 ] 154.91.3.46 112.236.147.39 GET /index.html
[ log ] yoopay.xiangxin.me/index.html [运行时间：0.218750s][吞吐率：4.57req/s] [内存消耗：4,768.96kb] [文件加载：78]
[ info ] [ LANG ] D:\wwwroot\yoopay.xiangxin.me\thinkphp\lang\zh-cn.php
[ info ] [ ROUTE ] array (
  'type' => 'module',
  'module' => 
  array (
    0 => 'index',
    1 => NULL,
    2 => NULL,
  ),
)
[ info ] [ HEADER ] array (
  'cookie' => 'PHPSESSID=3d3lon3hvmdkgam25ai2nor1g7',
  'accept-language' => 'zh-CN,zh;q=0.9',
  'accept-encoding' => 'gzip, deflate',
  'referer' => 'http://yoopay.xiangxin.me/login',
  'accept' => 'text/html,application/xhtml+xml,application/xml;q=0.9,image/webp,image/apng,*/*;q=0.8,application/signed-exchange;v=b3',
  'user-agent' => 'Mozilla/5.0 (iPhone; CPU iPhone OS 11_0 like Mac OS X) AppleWebKit/604.1.38 (KHTML, like Gecko) Version/11.0 Mobile/15A372 Safari/604.1',
  'upgrade-insecure-requests' => '1',
  'connection' => 'close',
  'host' => 'yoopay.xiangxin.me',
)
[ info ] [ PARAM ] array (
)
[ info ] [ SESSION ] INIT array (
  'id' => '',
  'var_session_id' => '',
  'prefix' => 'think',
  'type' => '',
  'auto_start' => true,
)
[ info ] [ CACHE ] INIT File
[ info ] [ RUN ] app\index\controller\Index->index[ D:\wwwroot\yoopay.xiangxin.me\application\index\controller\Index.php ]
[ info ] [ DB ] INIT mysql
[ info ] [ VIEW ] D:\wwwroot\yoopay.xiangxin.me\public/../application/index\view\index\index.html [ array (
  0 => 'price',
  1 => 'result',
  2 => 'config',
  3 => 'b_sum',
  4 => 'sellsum',
  5 => 'buylog',
  6 => 'sf_money',
  7 => 'oreList',
  8 => 'notice_list',
  9 => 'JZ',
  10 => 'coin',
  11 => 'eth_purse',
) ]
[ info ] [ LOG ] INIT File
[ sql ] [ DB ] CONNECT:[ UseTime:0.000000s ] mysql:dbname=yoopay_xiangxin_;host=127.0.0.1;charset=utf8
[ sql ] [ SQL ] SHOW COLUMNS FROM `cmm_users` [ RunTime:0.015625s ]
[ sql ] [ SQL ] SELECT * FROM `cmm_users` WHERE  `id` = 4018 LIMIT 1 [ RunTime:0.000000s ]
[ sql ] [ SQL ] SHOW COLUMNS FROM `cmm_notice` [ RunTime:0.015625s ]
[ sql ] [ SQL ] SELECT * FROM `cmm_notice` WHERE  `id` > 0 ORDER BY id desc [ RunTime:0.000000s ]
[ sql ] [ SQL ] SHOW COLUMNS FROM `cmm_buyorder` [ RunTime:0.015625s ]
[ sql ] [ SQL ] SELECT * FROM `cmm_buyorder` WHERE  `id` > 0  AND `status` = 2 ORDER BY rand() [ RunTime:0.015625s ]
[ sql ] [ SQL ] SELECT SUM(amount) AS tp_sum FROM `cmm_buyorder` WHERE  `id` > 0  AND `status` = 2 LIMIT 1 [ RunTime:0.000000s ]
[ sql ] [ SQL ] SHOW COLUMNS FROM `cmm_sellorder` [ RunTime:0.015625s ]
[ sql ] [ SQL ] SELECT SUM(amount) AS tp_sum FROM `cmm_sellorder` WHERE  `uid` = 4018 LIMIT 1 [ RunTime:0.000000s ]
[ sql ] [ SQL ] SHOW COLUMNS FROM `cmm_kuang_shop` [ RunTime:0.031250s ]
[ sql ] [ SQL ] SELECT * FROM `cmm_kuang_shop` WHERE  `id` > 0 ORDER BY grade asc [ RunTime:0.000000s ]
[ sql ] [ SQL ] SHOW COLUMNS FROM `cmm_lucre_log` [ RunTime:0.015625s ]
[ sql ] [ SQL ] SELECT SUM(money) AS tp_sum FROM `cmm_lucre_log` WHERE  `id` > 0  AND `type` = 2 LIMIT 1 [ RunTime:0.000000s ]
[ sql ] [ SQL ] SELECT SUM(money) AS tp_sum FROM `cmm_lucre_log` WHERE  `id` > 0  AND `type` = 1 LIMIT 1 [ RunTime:0.000000s ]
[ sql ] [ SQL ] SELECT * FROM `cmm_users` WHERE  `id` = 4018 LIMIT 1 [ RunTime:0.000000s ]

---------------------------------------------------------------
[ 2019-11-05T04:01:04+08:00 ] 154.91.3.46 112.236.147.39 GET /index.html
[ log ] yoopay.xiangxin.me/index.html [运行时间：0.250976s][吞吐率：3.98req/s] [内存消耗：4,769.09kb] [文件加载：78]
[ info ] [ LANG ] D:\wwwroot\yoopay.xiangxin.me\thinkphp\lang\zh-cn.php
[ info ] [ ROUTE ] array (
  'type' => 'module',
  'module' => 
  array (
    0 => 'index',
    1 => NULL,
    2 => NULL,
  ),
)
[ info ] [ HEADER ] array (
  'cookie' => 'PHPSESSID=3d3lon3hvmdkgam25ai2nor1g7',
  'accept-language' => 'zh-CN,zh;q=0.9',
  'accept-encoding' => 'gzip, deflate',
  'referer' => 'http://yoopay.xiangxin.me/index.html',
  'accept' => 'text/html,application/xhtml+xml,application/xml;q=0.9,image/webp,image/apng,*/*;q=0.8,application/signed-exchange;v=b3',
  'user-agent' => 'Mozilla/5.0 (iPhone; CPU iPhone OS 11_0 like Mac OS X) AppleWebKit/604.1.38 (KHTML, like Gecko) Version/11.0 Mobile/15A372 Safari/604.1',
  'upgrade-insecure-requests' => '1',
  'connection' => 'close',
  'host' => 'yoopay.xiangxin.me',
)
[ info ] [ PARAM ] array (
)
[ info ] [ SESSION ] INIT array (
  'id' => '',
  'var_session_id' => '',
  'prefix' => 'think',
  'type' => '',
  'auto_start' => true,
)
[ info ] [ CACHE ] INIT File
[ info ] [ RUN ] app\index\controller\Index->index[ D:\wwwroot\yoopay.xiangxin.me\application\index\controller\Index.php ]
[ info ] [ DB ] INIT mysql
[ info ] [ VIEW ] D:\wwwroot\yoopay.xiangxin.me\public/../application/index\view\index\index.html [ array (
  0 => 'price',
  1 => 'result',
  2 => 'config',
  3 => 'b_sum',
  4 => 'sellsum',
  5 => 'buylog',
  6 => 'sf_money',
  7 => 'oreList',
  8 => 'notice_list',
  9 => 'JZ',
  10 => 'coin',
  11 => 'eth_purse',
) ]
[ info ] [ LOG ] INIT File
[ sql ] [ DB ] CONNECT:[ UseTime:0.000000s ] mysql:dbname=yoopay_xiangxin_;host=127.0.0.1;charset=utf8
[ sql ] [ SQL ] SHOW COLUMNS FROM `cmm_users` [ RunTime:0.027343s ]
[ sql ] [ SQL ] SELECT * FROM `cmm_users` WHERE  `id` = 4018 LIMIT 1 [ RunTime:0.000977s ]
[ sql ] [ SQL ] SHOW COLUMNS FROM `cmm_notice` [ RunTime:0.014648s ]
[ sql ] [ SQL ] SELECT * FROM `cmm_notice` WHERE  `id` > 0 ORDER BY id desc [ RunTime:0.000000s ]
[ sql ] [ SQL ] SHOW COLUMNS FROM `cmm_buyorder` [ RunTime:0.031250s ]
[ sql ] [ SQL ] SELECT * FROM `cmm_buyorder` WHERE  `id` > 0  AND `status` = 2 ORDER BY rand() [ RunTime:0.000000s ]
[ sql ] [ SQL ] SELECT SUM(amount) AS tp_sum FROM `cmm_buyorder` WHERE  `id` > 0  AND `status` = 2 LIMIT 1 [ RunTime:0.000000s ]
[ sql ] [ SQL ] SHOW COLUMNS FROM `cmm_sellorder` [ RunTime:0.031250s ]
[ sql ] [ SQL ] SELECT SUM(amount) AS tp_sum FROM `cmm_sellorder` WHERE  `uid` = 4018 LIMIT 1 [ RunTime:0.000000s ]
[ sql ] [ SQL ] SHOW COLUMNS FROM `cmm_kuang_shop` [ RunTime:0.031250s ]
[ sql ] [ SQL ] SELECT * FROM `cmm_kuang_shop` WHERE  `id` > 0 ORDER BY grade asc [ RunTime:0.000000s ]
[ sql ] [ SQL ] SHOW COLUMNS FROM `cmm_lucre_log` [ RunTime:0.015625s ]
[ sql ] [ SQL ] SELECT SUM(money) AS tp_sum FROM `cmm_lucre_log` WHERE  `id` > 0  AND `type` = 2 LIMIT 1 [ RunTime:0.000000s ]
[ sql ] [ SQL ] SELECT SUM(money) AS tp_sum FROM `cmm_lucre_log` WHERE  `id` > 0  AND `type` = 1 LIMIT 1 [ RunTime:0.015625s ]
[ sql ] [ SQL ] SELECT * FROM `cmm_users` WHERE  `id` = 4018 LIMIT 1 [ RunTime:0.000000s ]

---------------------------------------------------------------
[ 2019-11-05T04:01:07+08:00 ] 154.91.3.46 112.236.147.39 GET /index.html
[ log ] yoopay.xiangxin.me/index.html [运行时间：0.250977s][吞吐率：3.98req/s] [内存消耗：4,769.09kb] [文件加载：78]
[ info ] [ LANG ] D:\wwwroot\yoopay.xiangxin.me\thinkphp\lang\zh-cn.php
[ info ] [ ROUTE ] array (
  'type' => 'module',
  'module' => 
  array (
    0 => 'index',
    1 => NULL,
    2 => NULL,
  ),
)
[ info ] [ HEADER ] array (
  'cookie' => 'PHPSESSID=3d3lon3hvmdkgam25ai2nor1g7',
  'accept-language' => 'zh-CN,zh;q=0.9',
  'accept-encoding' => 'gzip, deflate',
  'referer' => 'http://yoopay.xiangxin.me/index.html',
  'accept' => 'text/html,application/xhtml+xml,application/xml;q=0.9,image/webp,image/apng,*/*;q=0.8,application/signed-exchange;v=b3',
  'user-agent' => 'Mozilla/5.0 (iPhone; CPU iPhone OS 11_0 like Mac OS X) AppleWebKit/604.1.38 (KHTML, like Gecko) Version/11.0 Mobile/15A372 Safari/604.1',
  'upgrade-insecure-requests' => '1',
  'connection' => 'close',
  'host' => 'yoopay.xiangxin.me',
)
[ info ] [ PARAM ] array (
)
[ info ] [ SESSION ] INIT array (
  'id' => '',
  'var_session_id' => '',
  'prefix' => 'think',
  'type' => '',
  'auto_start' => true,
)
[ info ] [ CACHE ] INIT File
[ info ] [ RUN ] app\index\controller\Index->index[ D:\wwwroot\yoopay.xiangxin.me\application\index\controller\Index.php ]
[ info ] [ DB ] INIT mysql
[ info ] [ VIEW ] D:\wwwroot\yoopay.xiangxin.me\public/../application/index\view\index\index.html [ array (
  0 => 'price',
  1 => 'result',
  2 => 'config',
  3 => 'b_sum',
  4 => 'sellsum',
  5 => 'buylog',
  6 => 'sf_money',
  7 => 'oreList',
  8 => 'notice_list',
  9 => 'JZ',
  10 => 'coin',
  11 => 'eth_purse',
) ]
[ info ] [ LOG ] INIT File
[ sql ] [ DB ] CONNECT:[ UseTime:0.000000s ] mysql:dbname=yoopay_xiangxin_;host=127.0.0.1;charset=utf8
[ sql ] [ SQL ] SHOW COLUMNS FROM `cmm_users` [ RunTime:0.015625s ]
[ sql ] [ SQL ] SELECT * FROM `cmm_users` WHERE  `id` = 4018 LIMIT 1 [ RunTime:0.000000s ]
[ sql ] [ SQL ] SHOW COLUMNS FROM `cmm_notice` [ RunTime:0.015625s ]
[ sql ] [ SQL ] SELECT * FROM `cmm_notice` WHERE  `id` > 0 ORDER BY id desc [ RunTime:0.000000s ]
[ sql ] [ SQL ] SHOW COLUMNS FROM `cmm_buyorder` [ RunTime:0.015625s ]
[ sql ] [ SQL ] SELECT * FROM `cmm_buyorder` WHERE  `id` > 0  AND `status` = 2 ORDER BY rand() [ RunTime:0.000000s ]
[ sql ] [ SQL ] SELECT SUM(amount) AS tp_sum FROM `cmm_buyorder` WHERE  `id` > 0  AND `status` = 2 LIMIT 1 [ RunTime:0.000000s ]
[ sql ] [ SQL ] SHOW COLUMNS FROM `cmm_sellorder` [ RunTime:0.015625s ]
[ sql ] [ SQL ] SELECT SUM(amount) AS tp_sum FROM `cmm_sellorder` WHERE  `uid` = 4018 LIMIT 1 [ RunTime:0.000000s ]
[ sql ] [ SQL ] SHOW COLUMNS FROM `cmm_kuang_shop` [ RunTime:0.015625s ]
[ sql ] [ SQL ] SELECT * FROM `cmm_kuang_shop` WHERE  `id` > 0 ORDER BY grade asc [ RunTime:0.000000s ]
[ sql ] [ SQL ] SHOW COLUMNS FROM `cmm_lucre_log` [ RunTime:0.015625s ]
[ sql ] [ SQL ] SELECT SUM(money) AS tp_sum FROM `cmm_lucre_log` WHERE  `id` > 0  AND `type` = 2 LIMIT 1 [ RunTime:0.000000s ]
[ sql ] [ SQL ] SELECT SUM(money) AS tp_sum FROM `cmm_lucre_log` WHERE  `id` > 0  AND `type` = 1 LIMIT 1 [ RunTime:0.000000s ]
[ sql ] [ SQL ] SELECT * FROM `cmm_users` WHERE  `id` = 4018 LIMIT 1 [ RunTime:0.000000s ]

---------------------------------------------------------------
[ 2019-11-05T04:02:12+08:00 ] 154.91.3.46 112.236.147.39 POST /sellit_do.html
[ log ] yoopay.xiangxin.me/sellit_do.html [运行时间：0.140625s][吞吐率：7.11req/s] [内存消耗：4,287.71kb] [文件加载：68]
[ info ] [ LANG ] D:\wwwroot\yoopay.xiangxin.me\thinkphp\lang\zh-cn.php
[ info ] [ ROUTE ] array (
  'type' => 'module',
  'module' => 
  array (
    0 => 'index',
    1 => 'index',
    2 => 'sellOrderDooCmm',
  ),
  'convert' => false,
)
[ info ] [ HEADER ] array (
  'cookie' => 'PHPSESSID=3d3lon3hvmdkgam25ai2nor1g7',
  'accept-language' => 'zh-CN,zh;q=0.9',
  'accept-encoding' => 'gzip, deflate',
  'referer' => 'http://yoopay.xiangxin.me/index.html',
  'content-type' => 'application/x-www-form-urlencoded',
  'user-agent' => 'Mozilla/5.0 (iPhone; CPU iPhone OS 11_0 like Mac OS X) AppleWebKit/604.1.38 (KHTML, like Gecko) Version/11.0 Mobile/15A372 Safari/604.1',
  'x-requested-with' => 'XMLHttpRequest',
  'origin' => 'http://yoopay.xiangxin.me',
  'accept' => 'application/json',
  'content-length' => '22',
  'connection' => 'close',
  'host' => 'yoopay.xiangxin.me',
)
[ info ] [ PARAM ] array (
  'op' => '588cmmphp',
  'gid' => '21668',
)
[ info ] [ SESSION ] INIT array (
  'id' => '',
  'var_session_id' => '',
  'prefix' => 'think',
  'type' => '',
  'auto_start' => true,
)
[ info ] [ CACHE ] INIT File
[ info ] [ RUN ] app\index\controller\Index->sellOrderDooCmm[ D:\wwwroot\yoopay.xiangxin.me\application\index\controller\Index.php ]
[ info ] [ DB ] INIT mysql
[ info ] [ LOG ] INIT File
[ sql ] [ DB ] CONNECT:[ UseTime:0.015625s ] mysql:dbname=yoopay_xiangxin_;host=127.0.0.1;charset=utf8
[ sql ] [ SQL ] SHOW COLUMNS FROM `cmm_users` [ RunTime:0.015625s ]
[ sql ] [ SQL ] SELECT `id`,`account`,`myphone`,`fullname`,`weixin`,`aiplay`,`eth_purse` FROM `cmm_users` WHERE  `id` = 4018 LIMIT 1 [ RunTime:0.015625s ]

---------------------------------------------------------------
[ 2019-11-05T04:02:13+08:00 ] 154.91.3.46 112.236.147.39 POST /sellit_do.html
[ log ] yoopay.xiangxin.me/sellit_do.html [运行时间：0.125000s][吞吐率：8.00req/s] [内存消耗：4,287.71kb] [文件加载：68]
[ info ] [ LANG ] D:\wwwroot\yoopay.xiangxin.me\thinkphp\lang\zh-cn.php
[ info ] [ ROUTE ] array (
  'type' => 'module',
  'module' => 
  array (
    0 => 'index',
    1 => 'index',
    2 => 'sellOrderDooCmm',
  ),
  'convert' => false,
)
[ info ] [ HEADER ] array (
  'cookie' => 'PHPSESSID=3d3lon3hvmdkgam25ai2nor1g7',
  'accept-language' => 'zh-CN,zh;q=0.9',
  'accept-encoding' => 'gzip, deflate',
  'referer' => 'http://yoopay.xiangxin.me/index.html',
  'content-type' => 'application/x-www-form-urlencoded',
  'user-agent' => 'Mozilla/5.0 (iPhone; CPU iPhone OS 11_0 like Mac OS X) AppleWebKit/604.1.38 (KHTML, like Gecko) Version/11.0 Mobile/15A372 Safari/604.1',
  'x-requested-with' => 'XMLHttpRequest',
  'origin' => 'http://yoopay.xiangxin.me',
  'accept' => 'application/json',
  'content-length' => '22',
  'connection' => 'close',
  'host' => 'yoopay.xiangxin.me',
)
[ info ] [ PARAM ] array (
  'op' => '588cmmphp',
  'gid' => '21667',
)
[ info ] [ SESSION ] INIT array (
  'id' => '',
  'var_session_id' => '',
  'prefix' => 'think',
  'type' => '',
  'auto_start' => true,
)
[ info ] [ CACHE ] INIT File
[ info ] [ RUN ] app\index\controller\Index->sellOrderDooCmm[ D:\wwwroot\yoopay.xiangxin.me\application\index\controller\Index.php ]
[ info ] [ DB ] INIT mysql
[ info ] [ LOG ] INIT File
[ sql ] [ DB ] CONNECT:[ UseTime:0.015625s ] mysql:dbname=yoopay_xiangxin_;host=127.0.0.1;charset=utf8
[ sql ] [ SQL ] SHOW COLUMNS FROM `cmm_users` [ RunTime:0.015625s ]
[ sql ] [ SQL ] SELECT `id`,`account`,`myphone`,`fullname`,`weixin`,`aiplay`,`eth_purse` FROM `cmm_users` WHERE  `id` = 4018 LIMIT 1 [ RunTime:0.000000s ]

---------------------------------------------------------------
[ 2019-11-05T04:02:14+08:00 ] 154.91.3.46 112.236.147.39 GET /index.html
[ log ] yoopay.xiangxin.me/index.html [运行时间：0.218750s][吞吐率：4.57req/s] [内存消耗：4,769.09kb] [文件加载：78]
[ info ] [ LANG ] D:\wwwroot\yoopay.xiangxin.me\thinkphp\lang\zh-cn.php
[ info ] [ ROUTE ] array (
  'type' => 'module',
  'module' => 
  array (
    0 => 'index',
    1 => NULL,
    2 => NULL,
  ),
)
[ info ] [ HEADER ] array (
  'cookie' => 'PHPSESSID=3d3lon3hvmdkgam25ai2nor1g7',
  'accept-language' => 'zh-CN,zh;q=0.9',
  'accept-encoding' => 'gzip, deflate',
  'referer' => 'http://yoopay.xiangxin.me/index.html',
  'accept' => 'text/html,application/xhtml+xml,application/xml;q=0.9,image/webp,image/apng,*/*;q=0.8,application/signed-exchange;v=b3',
  'user-agent' => 'Mozilla/5.0 (iPhone; CPU iPhone OS 11_0 like Mac OS X) AppleWebKit/604.1.38 (KHTML, like Gecko) Version/11.0 Mobile/15A372 Safari/604.1',
  'upgrade-insecure-requests' => '1',
  'connection' => 'close',
  'host' => 'yoopay.xiangxin.me',
)
[ info ] [ PARAM ] array (
)
[ info ] [ SESSION ] INIT array (
  'id' => '',
  'var_session_id' => '',
  'prefix' => 'think',
  'type' => '',
  'auto_start' => true,
)
[ info ] [ CACHE ] INIT File
[ info ] [ RUN ] app\index\controller\Index->index[ D:\wwwroot\yoopay.xiangxin.me\application\index\controller\Index.php ]
[ info ] [ DB ] INIT mysql
[ info ] [ VIEW ] D:\wwwroot\yoopay.xiangxin.me\public/../application/index\view\index\index.html [ array (
  0 => 'price',
  1 => 'result',
  2 => 'config',
  3 => 'b_sum',
  4 => 'sellsum',
  5 => 'buylog',
  6 => 'sf_money',
  7 => 'oreList',
  8 => 'notice_list',
  9 => 'JZ',
  10 => 'coin',
  11 => 'eth_purse',
) ]
[ info ] [ LOG ] INIT File
[ sql ] [ DB ] CONNECT:[ UseTime:0.000000s ] mysql:dbname=yoopay_xiangxin_;host=127.0.0.1;charset=utf8
[ sql ] [ SQL ] SHOW COLUMNS FROM `cmm_users` [ RunTime:0.015625s ]
[ sql ] [ SQL ] SELECT * FROM `cmm_users` WHERE  `id` = 4018 LIMIT 1 [ RunTime:0.015625s ]
[ sql ] [ SQL ] SHOW COLUMNS FROM `cmm_notice` [ RunTime:0.015625s ]
[ sql ] [ SQL ] SELECT * FROM `cmm_notice` WHERE  `id` > 0 ORDER BY id desc [ RunTime:0.000000s ]
[ sql ] [ SQL ] SHOW COLUMNS FROM `cmm_buyorder` [ RunTime:0.015625s ]
[ sql ] [ SQL ] SELECT * FROM `cmm_buyorder` WHERE  `id` > 0  AND `status` = 2 ORDER BY rand() [ RunTime:0.000000s ]
[ sql ] [ SQL ] SELECT SUM(amount) AS tp_sum FROM `cmm_buyorder` WHERE  `id` > 0  AND `status` = 2 LIMIT 1 [ RunTime:0.000000s ]
[ sql ] [ SQL ] SHOW COLUMNS FROM `cmm_sellorder` [ RunTime:0.015625s ]
[ sql ] [ SQL ] SELECT SUM(amount) AS tp_sum FROM `cmm_sellorder` WHERE  `uid` = 4018 LIMIT 1 [ RunTime:0.000000s ]
[ sql ] [ SQL ] SHOW COLUMNS FROM `cmm_kuang_shop` [ RunTime:0.000000s ]
[ sql ] [ SQL ] SELECT * FROM `cmm_kuang_shop` WHERE  `id` > 0 ORDER BY grade asc [ RunTime:0.000000s ]
[ sql ] [ SQL ] SHOW COLUMNS FROM `cmm_lucre_log` [ RunTime:0.015625s ]
[ sql ] [ SQL ] SELECT SUM(money) AS tp_sum FROM `cmm_lucre_log` WHERE  `id` > 0  AND `type` = 2 LIMIT 1 [ RunTime:0.000000s ]
[ sql ] [ SQL ] SELECT SUM(money) AS tp_sum FROM `cmm_lucre_log` WHERE  `id` > 0  AND `type` = 1 LIMIT 1 [ RunTime:0.000000s ]
[ sql ] [ SQL ] SELECT * FROM `cmm_users` WHERE  `id` = 4018 LIMIT 1 [ RunTime:0.000000s ]

---------------------------------------------------------------
[ 2019-11-05T04:02:15+08:00 ] 154.91.3.46 112.236.147.39 GET /index.html
[ log ] yoopay.xiangxin.me/index.html [运行时间：0.282227s][吞吐率：3.54req/s] [内存消耗：4,769.09kb] [文件加载：78]
[ info ] [ LANG ] D:\wwwroot\yoopay.xiangxin.me\thinkphp\lang\zh-cn.php
[ info ] [ ROUTE ] array (
  'type' => 'module',
  'module' => 
  array (
    0 => 'index',
    1 => NULL,
    2 => NULL,
  ),
)
[ info ] [ HEADER ] array (
  'cookie' => 'PHPSESSID=3d3lon3hvmdkgam25ai2nor1g7',
  'accept-language' => 'zh-CN,zh;q=0.9',
  'accept-encoding' => 'gzip, deflate',
  'referer' => 'http://yoopay.xiangxin.me/index.html',
  'accept' => 'text/html,application/xhtml+xml,application/xml;q=0.9,image/webp,image/apng,*/*;q=0.8,application/signed-exchange;v=b3',
  'user-agent' => 'Mozilla/5.0 (iPhone; CPU iPhone OS 11_0 like Mac OS X) AppleWebKit/604.1.38 (KHTML, like Gecko) Version/11.0 Mobile/15A372 Safari/604.1',
  'upgrade-insecure-requests' => '1',
  'connection' => 'close',
  'host' => 'yoopay.xiangxin.me',
)
[ info ] [ PARAM ] array (
)
[ info ] [ SESSION ] INIT array (
  'id' => '',
  'var_session_id' => '',
  'prefix' => 'think',
  'type' => '',
  'auto_start' => true,
)
[ info ] [ CACHE ] INIT File
[ info ] [ RUN ] app\index\controller\Index->index[ D:\wwwroot\yoopay.xiangxin.me\application\index\controller\Index.php ]
[ info ] [ DB ] INIT mysql
[ info ] [ VIEW ] D:\wwwroot\yoopay.xiangxin.me\public/../application/index\view\index\index.html [ array (
  0 => 'price',
  1 => 'result',
  2 => 'config',
  3 => 'b_sum',
  4 => 'sellsum',
  5 => 'buylog',
  6 => 'sf_money',
  7 => 'oreList',
  8 => 'notice_list',
  9 => 'JZ',
  10 => 'coin',
  11 => 'eth_purse',
) ]
[ info ] [ LOG ] INIT File
[ sql ] [ DB ] CONNECT:[ UseTime:0.000000s ] mysql:dbname=yoopay_xiangxin_;host=127.0.0.1;charset=utf8
[ sql ] [ SQL ] SHOW COLUMNS FROM `cmm_users` [ RunTime:0.015625s ]
[ sql ] [ SQL ] SELECT * FROM `cmm_users` WHERE  `id` = 4018 LIMIT 1 [ RunTime:0.000000s ]
[ sql ] [ SQL ] SHOW COLUMNS FROM `cmm_notice` [ RunTime:0.015625s ]
[ sql ] [ SQL ] SELECT * FROM `cmm_notice` WHERE  `id` > 0 ORDER BY id desc [ RunTime:0.015625s ]
[ sql ] [ SQL ] SHOW COLUMNS FROM `cmm_buyorder` [ RunTime:0.015625s ]
[ sql ] [ SQL ] SELECT * FROM `cmm_buyorder` WHERE  `id` > 0  AND `status` = 2 ORDER BY rand() [ RunTime:0.015625s ]
[ sql ] [ SQL ] SELECT SUM(amount) AS tp_sum FROM `cmm_buyorder` WHERE  `id` > 0  AND `status` = 2 LIMIT 1 [ RunTime:0.000000s ]
[ sql ] [ SQL ] SHOW COLUMNS FROM `cmm_sellorder` [ RunTime:0.015625s ]
[ sql ] [ SQL ] SELECT SUM(amount) AS tp_sum FROM `cmm_sellorder` WHERE  `uid` = 4018 LIMIT 1 [ RunTime:0.000000s ]
[ sql ] [ SQL ] SHOW COLUMNS FROM `cmm_kuang_shop` [ RunTime:0.031250s ]
[ sql ] [ SQL ] SELECT * FROM `cmm_kuang_shop` WHERE  `id` > 0 ORDER BY grade asc [ RunTime:0.000000s ]
[ sql ] [ SQL ] SHOW COLUMNS FROM `cmm_lucre_log` [ RunTime:0.015625s ]
[ sql ] [ SQL ] SELECT SUM(money) AS tp_sum FROM `cmm_lucre_log` WHERE  `id` > 0  AND `type` = 2 LIMIT 1 [ RunTime:0.000000s ]
[ sql ] [ SQL ] SELECT SUM(money) AS tp_sum FROM `cmm_lucre_log` WHERE  `id` > 0  AND `type` = 1 LIMIT 1 [ RunTime:0.000000s ]
[ sql ] [ SQL ] SELECT * FROM `cmm_users` WHERE  `id` = 4018 LIMIT 1 [ RunTime:0.000000s ]

---------------------------------------------------------------
