[2016-02-14 11:23:55][debug] begin notify
[2016-02-14 11:23:55][debug] call back:{"appid":"wx2ce0c9bdcd49a117","attach":"\u4e00\u5e74\u4f1a\u5458","bank_type":"CFT","cash_fee":"1","fee_type":"CNY","is_subscribe":"N","mch_id":"1293014701","nonce_str":"shzue31sxzko5daxsc4vhbtt4ol21u8y","openid":"ooNmFxDt1ujUAwTQKPnavGAlJD80","out_trade_no":"129301470120160214112237","result_code":"SUCCESS","return_code":"SUCCESS","sign":"793C87F8759A085482BAFBD308ED0F75","time_end":"20160214112354","total_fee":"1","trade_type":"NATIVE","transaction_id":"1008960321201602143262098565"}
[2016-02-14 11:23:58][debug] query:{"appid":"wx2ce0c9bdcd49a117","attach":"\u4e00\u5e74\u4f1a\u5458","bank_type":"CFT","cash_fee":"1","fee_type":"CNY","is_subscribe":"N","mch_id":"1293014701","nonce_str":"2w7Y1V791qCoPTxH","openid":"ooNmFxDt1ujUAwTQKPnavGAlJD80","out_trade_no":"129301470120160214112237","result_code":"SUCCESS","return_code":"SUCCESS","return_msg":"OK","sign":"742FC883E3D8032B11129E5A7A445398","time_end":"20160214112354","total_fee":"1","trade_state":"SUCCESS","trade_type":"NATIVE","transaction_id":"1008960321201602143262098565"}
[2016-02-14 11:24:09][debug] begin notify
[2016-02-14 11:24:09][debug] call back:{"appid":"wx2ce0c9bdcd49a117","attach":"\u4e00\u5e74\u4f1a\u5458","bank_type":"CFT","cash_fee":"1","fee_type":"CNY","is_subscribe":"N","mch_id":"1293014701","nonce_str":"shzue31sxzko5daxsc4vhbtt4ol21u8y","openid":"ooNmFxDt1ujUAwTQKPnavGAlJD80","out_trade_no":"129301470120160214112237","result_code":"SUCCESS","return_code":"SUCCESS","sign":"793C87F8759A085482BAFBD308ED0F75","time_end":"20160214112354","total_fee":"1","trade_type":"NATIVE","transaction_id":"1008960321201602143262098565"}
[2016-02-14 11:24:09][debug] query:{"appid":"wx2ce0c9bdcd49a117","attach":"\u4e00\u5e74\u4f1a\u5458","bank_type":"CFT","cash_fee":"1","fee_type":"CNY","is_subscribe":"N","mch_id":"1293014701","nonce_str":"hfl6CNV5FJ2P8GQf","openid":"ooNmFxDt1ujUAwTQKPnavGAlJD80","out_trade_no":"129301470120160214112237","result_code":"SUCCESS","return_code":"SUCCESS","return_msg":"OK","sign":"9F2C0FB6988B5848CC4F63B718CCFD4D","time_end":"20160214112354","total_fee":"1","trade_state":"SUCCESS","trade_type":"NATIVE","transaction_id":"1008960321201602143262098565"}
[2016-02-14 11:44:29][debug] begin notify
[2016-02-14 11:44:29][debug] call back:{"appid":"wx2ce0c9bdcd49a117","attach":"M2967T1455417797RN464","bank_type":"CFT","cash_fee":"1","fee_type":"CNY","is_subscribe":"N","mch_id":"1293014701","nonce_str":"5yvi90w4j3skpxgjibq9syium960s9te","openid":"ooNmFxDt1ujUAwTQKPnavGAlJD80","out_trade_no":"129301470120160214114411","result_code":"SUCCESS","return_code":"SUCCESS","sign":"1864260486343B9D9F508826C5930804","time_end":"20160214114428","total_fee":"1","trade_type":"NATIVE","transaction_id":"1008960321201602143264363317"}
[2016-02-14 11:44:29][debug] query:{"appid":"wx2ce0c9bdcd49a117","attach":"M2967T1455417797RN464","bank_type":"CFT","cash_fee":"1","fee_type":"CNY","is_subscribe":"N","mch_id":"1293014701","nonce_str":"9SBv3AOo5NU3HOp2","openid":"ooNmFxDt1ujUAwTQKPnavGAlJD80","out_trade_no":"129301470120160214114411","result_code":"SUCCESS","return_code":"SUCCESS","return_msg":"OK","sign":"9CEE3CEB4BDCE0C7C12A42E7AF206E9B","time_end":"20160214114428","total_fee":"1","trade_state":"SUCCESS","trade_type":"NATIVE","transaction_id":"1008960321201602143264363317"}
[2016-02-14 12:03:18][debug] begin notify
[2016-02-14 12:03:18][debug] call back:{"appid":"wx2ce0c9bdcd49a117","attach":"M2967T1455422461RN402","bank_type":"CFT","cash_fee":"1","fee_type":"CNY","is_subscribe":"N","mch_id":"1293014701","nonce_str":"itboeyh3b9i7mzpmjk6zjr9occlsl9ve","openid":"ooNmFxDt1ujUAwTQKPnavGAlJD80","out_trade_no":"129301470120160214120256","result_code":"SUCCESS","return_code":"SUCCESS","sign":"5B1E83250836F765C58711EE8AAEE859","time_end":"20160214120318","total_fee":"1","trade_type":"NATIVE","transaction_id":"1008960321201602143264597204"}
[2016-02-14 12:03:23][debug] query:{"appid":"wx2ce0c9bdcd49a117","attach":"M2967T1455422461RN402","bank_type":"CFT","cash_fee":"1","fee_type":"CNY","is_subscribe":"N","mch_id":"1293014701","nonce_str":"VCh43TUvuF6epqyw","openid":"ooNmFxDt1ujUAwTQKPnavGAlJD80","out_trade_no":"129301470120160214120256","result_code":"SUCCESS","return_code":"SUCCESS","return_msg":"OK","sign":"8D912E5B2770D946C3138A64394465EF","time_end":"20160214120318","total_fee":"1","trade_state":"SUCCESS","trade_type":"NATIVE","transaction_id":"1008960321201602143264597204"}
[2016-02-14 12:03:37][debug] begin notify
[2016-02-14 12:03:37][debug] call back:{"appid":"wx2ce0c9bdcd49a117","attach":"M2967T1455422461RN402","bank_type":"CFT","cash_fee":"1","fee_type":"CNY","is_subscribe":"N","mch_id":"1293014701","nonce_str":"itboeyh3b9i7mzpmjk6zjr9occlsl9ve","openid":"ooNmFxDt1ujUAwTQKPnavGAlJD80","out_trade_no":"129301470120160214120256","result_code":"SUCCESS","return_code":"SUCCESS","sign":"5B1E83250836F765C58711EE8AAEE859","time_end":"20160214120318","total_fee":"1","trade_type":"NATIVE","transaction_id":"1008960321201602143264597204"}
[2016-02-14 12:03:38][debug] query:{"appid":"wx2ce0c9bdcd49a117","attach":"M2967T1455422461RN402","bank_type":"CFT","cash_fee":"1","fee_type":"CNY","is_subscribe":"N","mch_id":"1293014701","nonce_str":"tAvvhOiGESCr1TUm","openid":"ooNmFxDt1ujUAwTQKPnavGAlJD80","out_trade_no":"129301470120160214120256","result_code":"SUCCESS","return_code":"SUCCESS","return_msg":"OK","sign":"3619B1F580E904CF7D7D55D328828E04","time_end":"20160214120318","total_fee":"1","trade_state":"SUCCESS","trade_type":"NATIVE","transaction_id":"1008960321201602143264597204"}
[2016-02-14 12:03:54][debug] begin notify
[2016-02-14 12:03:54][debug] call back:{"appid":"wx2ce0c9bdcd49a117","attach":"M2967T1455422461RN402","bank_type":"CFT","cash_fee":"1","fee_type":"CNY","is_subscribe":"N","mch_id":"1293014701","nonce_str":"itboeyh3b9i7mzpmjk6zjr9occlsl9ve","openid":"ooNmFxDt1ujUAwTQKPnavGAlJD80","out_trade_no":"129301470120160214120256","result_code":"SUCCESS","return_code":"SUCCESS","sign":"5B1E83250836F765C58711EE8AAEE859","time_end":"20160214120318","total_fee":"1","trade_type":"NATIVE","transaction_id":"1008960321201602143264597204"}
[2016-02-14 12:03:55][debug] query:{"appid":"wx2ce0c9bdcd49a117","attach":"M2967T1455422461RN402","bank_type":"CFT","cash_fee":"1","fee_type":"CNY","is_subscribe":"N","mch_id":"1293014701","nonce_str":"bO6BdPO0EdmSC6s7","openid":"ooNmFxDt1ujUAwTQKPnavGAlJD80","out_trade_no":"129301470120160214120256","result_code":"SUCCESS","return_code":"SUCCESS","return_msg":"OK","sign":"3E84462DC3BEFE791DEF363147C3125A","time_end":"20160214120318","total_fee":"1","trade_state":"SUCCESS","trade_type":"NATIVE","transaction_id":"1008960321201602143264597204"}
[2016-02-14 12:04:26][debug] begin notify
[2016-02-14 12:04:26][debug] call back:{"appid":"wx2ce0c9bdcd49a117","attach":"M2967T1455422461RN402","bank_type":"CFT","cash_fee":"1","fee_type":"CNY","is_subscribe":"N","mch_id":"1293014701","nonce_str":"itboeyh3b9i7mzpmjk6zjr9occlsl9ve","openid":"ooNmFxDt1ujUAwTQKPnavGAlJD80","out_trade_no":"129301470120160214120256","result_code":"SUCCESS","return_code":"SUCCESS","sign":"5B1E83250836F765C58711EE8AAEE859","time_end":"20160214120318","total_fee":"1","trade_type":"NATIVE","transaction_id":"1008960321201602143264597204"}
[2016-02-14 12:04:27][debug] query:{"appid":"wx2ce0c9bdcd49a117","attach":"M2967T1455422461RN402","bank_type":"CFT","cash_fee":"1","fee_type":"CNY","is_subscribe":"N","mch_id":"1293014701","nonce_str":"iR2QHyavudXaoFfu","openid":"ooNmFxDt1ujUAwTQKPnavGAlJD80","out_trade_no":"129301470120160214120256","result_code":"SUCCESS","return_code":"SUCCESS","return_msg":"OK","sign":"6685B1F695B0EE3CBFEC598C8055C2AB","time_end":"20160214120318","total_fee":"1","trade_state":"SUCCESS","trade_type":"NATIVE","transaction_id":"1008960321201602143264597204"}
[2016-02-14 12:04:32][debug] begin notify
[2016-02-14 12:04:32][debug] call back:{"appid":"wx2ce0c9bdcd49a117","attach":"M2967T1455422461RN402","bank_type":"CFT","cash_fee":"1","fee_type":"CNY","is_subscribe":"N","mch_id":"1293014701","nonce_str":"3v4uz6hxmssudsr8139pkqiho4mxj0ex","openid":"ooNmFxDt1ujUAwTQKPnavGAlJD80","out_trade_no":"129301470120160214120416","result_code":"SUCCESS","return_code":"SUCCESS","sign":"F495B0E26188F13F79E79F72D597B3DE","time_end":"20160214120432","total_fee":"1","trade_type":"NATIVE","transaction_id":"1008960321201602143262881487"}
[2016-02-14 12:04:33][debug] query:{"appid":"wx2ce0c9bdcd49a117","attach":"M2967T1455422461RN402","bank_type":"CFT","cash_fee":"1","fee_type":"CNY","is_subscribe":"N","mch_id":"1293014701","nonce_str":"U29oAK390sK00vzh","openid":"ooNmFxDt1ujUAwTQKPnavGAlJD80","out_trade_no":"129301470120160214120416","result_code":"SUCCESS","return_code":"SUCCESS","return_msg":"OK","sign":"48F73F522C80BCD0BFB29E0ED22311EF","time_end":"20160214120432","total_fee":"1","trade_state":"SUCCESS","trade_type":"NATIVE","transaction_id":"1008960321201602143262881487"}
[2016-02-14 12:04:48][debug] begin notify
[2016-02-14 12:04:48][debug] call back:{"appid":"wx2ce0c9bdcd49a117","attach":"M2967T1455422461RN402","bank_type":"CFT","cash_fee":"1","fee_type":"CNY","is_subscribe":"N","mch_id":"1293014701","nonce_str":"3v4uz6hxmssudsr8139pkqiho4mxj0ex","openid":"ooNmFxDt1ujUAwTQKPnavGAlJD80","out_trade_no":"129301470120160214120416","result_code":"SUCCESS","return_code":"SUCCESS","sign":"F495B0E26188F13F79E79F72D597B3DE","time_end":"20160214120432","total_fee":"1","trade_type":"NATIVE","transaction_id":"1008960321201602143262881487"}
[2016-02-14 12:04:49][debug] query:{"appid":"wx2ce0c9bdcd49a117","attach":"M2967T1455422461RN402","bank_type":"CFT","cash_fee":"1","fee_type":"CNY","is_subscribe":"N","mch_id":"1293014701","nonce_str":"xDwVaCzC6R7MZllA","openid":"ooNmFxDt1ujUAwTQKPnavGAlJD80","out_trade_no":"129301470120160214120416","result_code":"SUCCESS","return_code":"SUCCESS","return_msg":"OK","sign":"D88944BD9234FBE7C554B9D51B5C976B","time_end":"20160214120432","total_fee":"1","trade_state":"SUCCESS","trade_type":"NATIVE","transaction_id":"1008960321201602143262881487"}
[2016-02-14 12:05:06][debug] begin notify
[2016-02-14 12:05:06][debug] call back:{"appid":"wx2ce0c9bdcd49a117","attach":"M2967T1455422461RN402","bank_type":"CFT","cash_fee":"1","fee_type":"CNY","is_subscribe":"N","mch_id":"1293014701","nonce_str":"3v4uz6hxmssudsr8139pkqiho4mxj0ex","openid":"ooNmFxDt1ujUAwTQKPnavGAlJD80","out_trade_no":"129301470120160214120416","result_code":"SUCCESS","return_code":"SUCCESS","sign":"F495B0E26188F13F79E79F72D597B3DE","time_end":"20160214120432","total_fee":"1","trade_type":"NATIVE","transaction_id":"1008960321201602143262881487"}
[2016-02-14 12:05:06][debug] query:{"appid":"wx2ce0c9bdcd49a117","attach":"M2967T1455422461RN402","bank_type":"CFT","cash_fee":"1","fee_type":"CNY","is_subscribe":"N","mch_id":"1293014701","nonce_str":"FawoPtQOSHnZJVoz","openid":"ooNmFxDt1ujUAwTQKPnavGAlJD80","out_trade_no":"129301470120160214120416","result_code":"SUCCESS","return_code":"SUCCESS","return_msg":"OK","sign":"7713F18E59E9F1E555401DC7C5537D8D","time_end":"20160214120432","total_fee":"1","trade_state":"SUCCESS","trade_type":"NATIVE","transaction_id":"1008960321201602143262881487"}
[2016-02-14 12:05:38][debug] begin notify
[2016-02-14 12:05:38][debug] call back:{"appid":"wx2ce0c9bdcd49a117","attach":"M2967T1455422461RN402","bank_type":"CFT","cash_fee":"1","fee_type":"CNY","is_subscribe":"N","mch_id":"1293014701","nonce_str":"3v4uz6hxmssudsr8139pkqiho4mxj0ex","openid":"ooNmFxDt1ujUAwTQKPnavGAlJD80","out_trade_no":"129301470120160214120416","result_code":"SUCCESS","return_code":"SUCCESS","sign":"F495B0E26188F13F79E79F72D597B3DE","time_end":"20160214120432","total_fee":"1","trade_type":"NATIVE","transaction_id":"1008960321201602143262881487"}
[2016-02-14 12:05:38][debug] begin notify
[2016-02-14 12:05:38][debug] call back:{"appid":"wx2ce0c9bdcd49a117","attach":"M2967T1455422461RN402","bank_type":"CFT","cash_fee":"1","fee_type":"CNY","is_subscribe":"N","mch_id":"1293014701","nonce_str":"qel7bk5j5o02o7zttvnqt5f2d5h6fifw","openid":"ooNmFxDt1ujUAwTQKPnavGAlJD80","out_trade_no":"129301470120160214120518","result_code":"SUCCESS","return_code":"SUCCESS","sign":"699B7EE4B147014148AF75BF5D098576","time_end":"20160214120538","total_fee":"1","trade_type":"NATIVE","transaction_id":"1008960321201602143264631004"}
[2016-02-14 12:05:39][debug] query:{"appid":"wx2ce0c9bdcd49a117","attach":"M2967T1455422461RN402","bank_type":"CFT","cash_fee":"1","fee_type":"CNY","is_subscribe":"N","mch_id":"1293014701","nonce_str":"6dewCZ9HKi9w5gis","openid":"ooNmFxDt1ujUAwTQKPnavGAlJD80","out_trade_no":"129301470120160214120518","result_code":"SUCCESS","return_code":"SUCCESS","return_msg":"OK","sign":"D7CC75E6D061FB7D037407BC123AA263","time_end":"20160214120538","total_fee":"1","trade_state":"SUCCESS","trade_type":"NATIVE","transaction_id":"1008960321201602143264631004"}
[2016-02-14 12:05:42][debug] query:{"appid":"wx2ce0c9bdcd49a117","attach":"M2967T1455422461RN402","bank_type":"CFT","cash_fee":"1","fee_type":"CNY","is_subscribe":"N","mch_id":"1293014701","nonce_str":"KhLCy4oLJOhHv6bd","openid":"ooNmFxDt1ujUAwTQKPnavGAlJD80","out_trade_no":"129301470120160214120416","result_code":"SUCCESS","return_code":"SUCCESS","return_msg":"OK","sign":"E2CF1E19001BB63F4DF9C3E654D68669","time_end":"20160214120432","total_fee":"1","trade_state":"SUCCESS","trade_type":"NATIVE","transaction_id":"1008960321201602143262881487"}
[2016-02-14 12:05:53][debug] begin notify
[2016-02-14 12:05:53][debug] call back:{"appid":"wx2ce0c9bdcd49a117","attach":"M2967T1455422461RN402","bank_type":"CFT","cash_fee":"1","fee_type":"CNY","is_subscribe":"N","mch_id":"1293014701","nonce_str":"qel7bk5j5o02o7zttvnqt5f2d5h6fifw","openid":"ooNmFxDt1ujUAwTQKPnavGAlJD80","out_trade_no":"129301470120160214120518","result_code":"SUCCESS","return_code":"SUCCESS","sign":"699B7EE4B147014148AF75BF5D098576","time_end":"20160214120538","total_fee":"1","trade_type":"NATIVE","transaction_id":"1008960321201602143264631004"}
[2016-02-14 12:05:54][debug] query:{"appid":"wx2ce0c9bdcd49a117","attach":"M2967T1455422461RN402","bank_type":"CFT","cash_fee":"1","fee_type":"CNY","is_subscribe":"N","mch_id":"1293014701","nonce_str":"2HDlRpe30qwz2D3D","openid":"ooNmFxDt1ujUAwTQKPnavGAlJD80","out_trade_no":"129301470120160214120518","result_code":"SUCCESS","return_code":"SUCCESS","return_msg":"OK","sign":"83C2274AD9401131BDBB80FBAF42C0E1","time_end":"20160214120538","total_fee":"1","trade_state":"SUCCESS","trade_type":"NATIVE","transaction_id":"1008960321201602143264631004"}
[2016-02-14 12:06:12][debug] begin notify
[2016-02-14 12:06:12][debug] call back:{"appid":"wx2ce0c9bdcd49a117","attach":"M2967T1455422461RN402","bank_type":"CFT","cash_fee":"1","fee_type":"CNY","is_subscribe":"N","mch_id":"1293014701","nonce_str":"qel7bk5j5o02o7zttvnqt5f2d5h6fifw","openid":"ooNmFxDt1ujUAwTQKPnavGAlJD80","out_trade_no":"129301470120160214120518","result_code":"SUCCESS","return_code":"SUCCESS","sign":"699B7EE4B147014148AF75BF5D098576","time_end":"20160214120538","total_fee":"1","trade_type":"NATIVE","transaction_id":"1008960321201602143264631004"}
[2016-02-14 12:06:12][debug] query:{"appid":"wx2ce0c9bdcd49a117","attach":"M2967T1455422461RN402","bank_type":"CFT","cash_fee":"1","fee_type":"CNY","is_subscribe":"N","mch_id":"1293014701","nonce_str":"bTDYrBPtGC6R1wQZ","openid":"ooNmFxDt1ujUAwTQKPnavGAlJD80","out_trade_no":"129301470120160214120518","result_code":"SUCCESS","return_code":"SUCCESS","return_msg":"OK","sign":"887CDCE8C248CDD32F52DDF59D8B4133","time_end":"20160214120538","total_fee":"1","trade_state":"SUCCESS","trade_type":"NATIVE","transaction_id":"1008960321201602143264631004"}
[2016-02-14 12:06:44][debug] begin notify
[2016-02-14 12:06:44][debug] call back:{"appid":"wx2ce0c9bdcd49a117","attach":"M2967T1455422461RN402","bank_type":"CFT","cash_fee":"1","fee_type":"CNY","is_subscribe":"N","mch_id":"1293014701","nonce_str":"qel7bk5j5o02o7zttvnqt5f2d5h6fifw","openid":"ooNmFxDt1ujUAwTQKPnavGAlJD80","out_trade_no":"129301470120160214120518","result_code":"SUCCESS","return_code":"SUCCESS","sign":"699B7EE4B147014148AF75BF5D098576","time_end":"20160214120538","total_fee":"1","trade_type":"NATIVE","transaction_id":"1008960321201602143264631004"}
[2016-02-14 12:06:44][debug] query:{"appid":"wx2ce0c9bdcd49a117","attach":"M2967T1455422461RN402","bank_type":"CFT","cash_fee":"1","fee_type":"CNY","is_subscribe":"N","mch_id":"1293014701","nonce_str":"npL7zW09yoCdNGRx","openid":"ooNmFxDt1ujUAwTQKPnavGAlJD80","out_trade_no":"129301470120160214120518","result_code":"SUCCESS","return_code":"SUCCESS","return_msg":"OK","sign":"0FCD4633AB13BA9E5EE7530503D36D5F","time_end":"20160214120538","total_fee":"1","trade_state":"SUCCESS","trade_type":"NATIVE","transaction_id":"1008960321201602143264631004"}
[2016-02-14 12:07:30][debug] begin notify
[2016-02-14 12:07:30][debug] call back:{"appid":"wx2ce0c9bdcd49a117","attach":"M2967T1455422461RN402","bank_type":"CFT","cash_fee":"1","fee_type":"CNY","is_subscribe":"N","mch_id":"1293014701","nonce_str":"itboeyh3b9i7mzpmjk6zjr9occlsl9ve","openid":"ooNmFxDt1ujUAwTQKPnavGAlJD80","out_trade_no":"129301470120160214120256","result_code":"SUCCESS","return_code":"SUCCESS","sign":"5B1E83250836F765C58711EE8AAEE859","time_end":"20160214120318","total_fee":"1","trade_type":"NATIVE","transaction_id":"1008960321201602143264597204"}
[2016-02-14 12:07:30][debug] query:{"appid":"wx2ce0c9bdcd49a117","attach":"M2967T1455422461RN402","bank_type":"CFT","cash_fee":"1","fee_type":"CNY","is_subscribe":"N","mch_id":"1293014701","nonce_str":"50RFLZZVkeAYaXoc","openid":"ooNmFxDt1ujUAwTQKPnavGAlJD80","out_trade_no":"129301470120160214120256","result_code":"SUCCESS","return_code":"SUCCESS","return_msg":"OK","sign":"B13BC122A9CE4ACB5A60E6ED9235E40F","time_end":"20160214120318","total_fee":"1","trade_state":"SUCCESS","trade_type":"NATIVE","transaction_id":"1008960321201602143264597204"}
[2016-02-14 12:08:44][debug] begin notify
[2016-02-14 12:09:47][debug] begin notify
[2016-02-14 12:10:28][debug] begin notify
[2016-02-14 12:10:41][debug] begin notify
[2016-02-14 12:10:58][debug] begin notify
[2016-02-14 12:11:30][debug] begin notify
[2016-02-14 12:13:52][debug] begin notify
[2016-02-14 12:14:02][debug] begin notify
[2016-02-14 12:14:18][debug] begin notify
[2016-02-14 12:14:32][debug] begin notify
[2016-02-14 12:14:52][debug] begin notify
[2016-02-14 12:17:54][debug] begin notify
[2016-02-14 12:24:26][debug] begin notify
[2016-02-14 12:24:41][debug] begin notify
[2016-02-14 12:24:59][debug] begin notify
[2016-02-14 12:25:32][debug] begin notify
[2016-02-14 12:26:25][debug] begin notify
[2016-02-14 12:26:42][debug] begin notify
[2016-02-14 12:26:59][debug] begin notify
[2016-02-14 12:27:31][debug] begin notify
[2016-02-14 12:28:33][debug] begin notify
[2016-02-14 12:28:56][debug] begin notify
[2016-02-14 12:29:05][debug] begin notify
[2016-02-14 12:29:22][debug] begin notify
[2016-02-14 12:29:54][debug] begin notify
[2016-02-14 12:30:32][debug] begin notify
[2016-02-14 12:30:39][debug] begin notify
[2016-02-14 12:30:39][debug] call back:{"appid":"wx2ce0c9bdcd49a117","attach":"M2967T1455424224RN471","bank_type":"CFT","cash_fee":"1","fee_type":"CNY","is_subscribe":"N","mch_id":"1293014701","nonce_str":"ziv96byqaizdrekw0he36e9i60tv5jxd","openid":"ooNmFxDt1ujUAwTQKPnavGAlJD80","out_trade_no":"129301470120160214123027","result_code":"SUCCESS","return_code":"SUCCESS","sign":"5450F641A38C9469293097BFB3FEA388","time_end":"20160214123038","total_fee":"1","trade_type":"NATIVE","transaction_id":"1008960321201602143264962738"}
[2016-02-14 12:30:39][debug] query:{"appid":"wx2ce0c9bdcd49a117","attach":"M2967T1455424224RN471","bank_type":"CFT","cash_fee":"1","fee_type":"CNY","is_subscribe":"N","mch_id":"1293014701","nonce_str":"ckQ1MkBhoZALC3FZ","openid":"ooNmFxDt1ujUAwTQKPnavGAlJD80","out_trade_no":"129301470120160214123027","result_code":"SUCCESS","return_code":"SUCCESS","return_msg":"OK","sign":"2D5A981861029A19CEE98776A865F2CB","time_end":"20160214123038","total_fee":"1","trade_state":"SUCCESS","trade_type":"NATIVE","transaction_id":"1008960321201602143264962738"}
[2016-02-14 12:32:56][debug] begin notify
[2016-02-14 12:36:29][debug] begin notify
[2016-02-14 12:36:29][debug] call back:{"appid":"wx2ce0c9bdcd49a117","attach":"M2967T1455424327RN400","bank_type":"CFT","cash_fee":"1","fee_type":"CNY","is_subscribe":"N","mch_id":"1293014701","nonce_str":"w3ahccsr4g8c9s362xx4pey8r25w9rfd","openid":"ooNmFxDt1ujUAwTQKPnavGAlJD80","out_trade_no":"129301470120160214123612","result_code":"SUCCESS","return_code":"SUCCESS","sign":"9BB90E363DD46447894E8AAC4369C824","time_end":"20160214123629","total_fee":"1","trade_type":"NATIVE","transaction_id":"1008960321201602143263264812"}
[2016-02-14 12:36:29][debug] query:{"appid":"wx2ce0c9bdcd49a117","attach":"M2967T1455424327RN400","bank_type":"CFT","cash_fee":"1","fee_type":"CNY","is_subscribe":"N","mch_id":"1293014701","nonce_str":"ATfzbGze5kTQg23u","openid":"ooNmFxDt1ujUAwTQKPnavGAlJD80","out_trade_no":"129301470120160214123612","result_code":"SUCCESS","return_code":"SUCCESS","return_msg":"OK","sign":"AF17774778C8B21054BF3FE9B53AC2A9","time_end":"20160214123629","total_fee":"1","trade_state":"SUCCESS","trade_type":"NATIVE","transaction_id":"1008960321201602143263264812"}
[2016-02-14 12:37:31][debug] begin notify
[2016-02-14 12:38:47][debug] begin notify
[2016-02-14 12:39:48][debug] begin notify
[2016-02-14 12:40:25][debug] begin notify
[2016-02-14 12:40:25][debug] call back:{"appid":"wx2ce0c9bdcd49a117","attach":"M2967T1455424744RN684","bank_type":"CFT","cash_fee":"1","fee_type":"CNY","is_subscribe":"N","mch_id":"1293014701","nonce_str":"ws9r6xt03hfkkyv2l6ednlem0e0qh8g1","openid":"ooNmFxDt1ujUAwTQKPnavGAlJD80","out_trade_no":"129301470120160214123906","result_code":"SUCCESS","return_code":"SUCCESS","sign":"E04D7945B743E2937187C615C21EA304","time_end":"20160214124024","total_fee":"1","trade_type":"NATIVE","transaction_id":"1008960321201602143265088417"}
[2016-02-14 12:40:25][debug] query:{"appid":"wx2ce0c9bdcd49a117","attach":"M2967T1455424744RN684","bank_type":"CFT","cash_fee":"1","fee_type":"CNY","is_subscribe":"N","mch_id":"1293014701","nonce_str":"EpDzZ1aqg0770kpT","openid":"ooNmFxDt1ujUAwTQKPnavGAlJD80","out_trade_no":"129301470120160214123906","result_code":"SUCCESS","return_code":"SUCCESS","return_msg":"OK","sign":"A7E4DE1DE1C4B24F98FD2327A95F1E58","time_end":"20160214124025","total_fee":"1","trade_state":"SUCCESS","trade_type":"NATIVE","transaction_id":"1008960321201602143265088417"}
[2016-02-14 12:41:33][debug] begin notify
[2016-02-14 12:41:33][debug] call back:{"appid":"wx2ce0c9bdcd49a117","attach":"M2967T1455424879RN366","bank_type":"CFT","cash_fee":"1","fee_type":"CNY","is_subscribe":"N","mch_id":"1293014701","nonce_str":"5dqhb2pgbi6ex62qwozfs2xl54xn4pms","openid":"ooNmFxDt1ujUAwTQKPnavGAlJD80","out_trade_no":"129301470120160214124121","result_code":"SUCCESS","return_code":"SUCCESS","sign":"52226935F08EE1306ABD0B03B3B5B788","time_end":"20160214124133","total_fee":"1","trade_type":"NATIVE","transaction_id":"1008960321201602143265097692"}
[2016-02-14 12:41:34][debug] query:{"appid":"wx2ce0c9bdcd49a117","attach":"M2967T1455424879RN366","bank_type":"CFT","cash_fee":"1","fee_type":"CNY","is_subscribe":"N","mch_id":"1293014701","nonce_str":"Ak1YD3QJnYziNQR4","openid":"ooNmFxDt1ujUAwTQKPnavGAlJD80","out_trade_no":"129301470120160214124121","result_code":"SUCCESS","return_code":"SUCCESS","return_msg":"OK","sign":"EBF33EF9D1336206898DA7CCFF309C62","time_end":"20160214124133","total_fee":"1","trade_state":"SUCCESS","trade_type":"NATIVE","transaction_id":"1008960321201602143265097692"}
[2016-02-14 12:42:34][debug] begin notify
[2016-02-14 12:42:35][debug] call back:{"appid":"wx2ce0c9bdcd49a117","attach":"M2967T1455424938RN580","bank_type":"CFT","cash_fee":"1","fee_type":"CNY","is_subscribe":"N","mch_id":"1293014701","nonce_str":"sawij2m80n1czddneiojr293oojgo6ws","openid":"ooNmFxDt1ujUAwTQKPnavGAlJD80","out_trade_no":"129301470120160214124220","result_code":"SUCCESS","return_code":"SUCCESS","sign":"A3476487C05977A6D6FA8EA6E2AF3ED1","time_end":"20160214124234","total_fee":"1","trade_type":"NATIVE","transaction_id":"1008960321201602143265109317"}
[2016-02-14 12:42:36][debug] query:{"appid":"wx2ce0c9bdcd49a117","attach":"M2967T1455424938RN580","bank_type":"CFT","cash_fee":"1","fee_type":"CNY","is_subscribe":"N","mch_id":"1293014701","nonce_str":"7qVM63HAra6MgwgF","openid":"ooNmFxDt1ujUAwTQKPnavGAlJD80","out_trade_no":"129301470120160214124220","result_code":"SUCCESS","return_code":"SUCCESS","return_msg":"OK","sign":"13CA0C6226E99DFB4C8523FE7D28525A","time_end":"20160214124234","total_fee":"1","trade_state":"SUCCESS","trade_type":"NATIVE","transaction_id":"1008960321201602143265109317"}
[2016-02-14 12:44:34][debug] begin notify
[2016-02-14 12:47:39][debug] begin notify
[2016-02-14 12:47:39][debug] call back:{"appid":"wx2ce0c9bdcd49a117","attach":"M2967T1455425242RN516","bank_type":"CFT","cash_fee":"1","fee_type":"CNY","is_subscribe":"N","mch_id":"1293014701","nonce_str":"lzipx6s7cbcac757g6zosjpdgq0i6d2t","openid":"ooNmFxDt1ujUAwTQKPnavGAlJD80","out_trade_no":"129301470120160214124725","result_code":"SUCCESS","return_code":"SUCCESS","sign":"7EA78B1A45F32915E51D59D8E7443B26","time_end":"20160214124739","total_fee":"1","trade_type":"NATIVE","transaction_id":"1008960321201602143265166721"}
[2016-02-14 12:47:39][debug] query:{"appid":"wx2ce0c9bdcd49a117","attach":"M2967T1455425242RN516","bank_type":"CFT","cash_fee":"1","fee_type":"CNY","is_subscribe":"N","mch_id":"1293014701","nonce_str":"Bq7D9y4d1G84enFi","openid":"ooNmFxDt1ujUAwTQKPnavGAlJD80","out_trade_no":"129301470120160214124725","result_code":"SUCCESS","return_code":"SUCCESS","return_msg":"OK","sign":"77F09A188786508BD4792E2B4E0C492B","time_end":"20160214124739","total_fee":"1","trade_state":"SUCCESS","trade_type":"NATIVE","transaction_id":"1008960321201602143265166721"}
[2016-02-14 12:47:55][debug] begin notify
[2016-02-14 12:58:36][debug] begin notify
[2016-02-14 13:00:33][debug] begin notify
[2016-02-14 13:02:57][debug] begin notify
[2016-02-14 13:07:33][debug] begin notify
[2016-02-14 13:08:49][debug] begin notify
[2016-02-14 13:09:50][debug] begin notify
[2016-02-14 13:14:35][debug] begin notify
[2016-02-14 13:17:57][debug] begin notify
[2016-02-14 13:21:42][debug] begin notify
[2016-02-14 13:21:42][debug] call back:{"appid":"wx2ce0c9bdcd49a117","attach":"M152T1455427226RN612","bank_type":"ABC_DEBIT","cash_fee":"15000","fee_type":"CNY","is_subscribe":"Y","mch_id":"1293014701","nonce_str":"0a4ukn2oxen7apo4oc5cp8cbvntoyalq","openid":"ooNmFxDEZYLmzn6LDVJL4R1ynvwA","out_trade_no":"129301470120160214132033","result_code":"SUCCESS","return_code":"SUCCESS","sign":"23A9D811D786979FAFC22126817BD623","time_end":"20160214132142","total_fee":"15000","trade_type":"NATIVE","transaction_id":"1004480321201602143263828682"}
[2016-02-14 13:21:43][debug] query:{"appid":"wx2ce0c9bdcd49a117","attach":"M152T1455427226RN612","bank_type":"ABC_DEBIT","cash_fee":"15000","fee_type":"CNY","is_subscribe":"Y","mch_id":"1293014701","nonce_str":"UyEDoF8WKJkS1uV3","openid":"ooNmFxDEZYLmzn6LDVJL4R1ynvwA","out_trade_no":"129301470120160214132033","result_code":"SUCCESS","return_code":"SUCCESS","return_msg":"OK","sign":"91BD8F91268EF60958F38569778E585A","time_end":"20160214132142","total_fee":"15000","trade_state":"SUCCESS","trade_type":"NATIVE","transaction_id":"1004480321201602143263828682"}
[2016-02-14 13:28:37][debug] begin notify
[2016-02-14 13:30:35][debug] begin notify
[2016-02-14 13:32:59][debug] begin notify
[2016-02-14 13:37:34][debug] begin notify
[2016-02-14 13:38:51][debug] begin notify
[2016-02-14 13:39:51][debug] begin notify
[2016-02-14 13:44:37][debug] begin notify
[2016-02-14 13:45:54][debug] begin notify
[2016-02-14 13:45:54][debug] call back:{"appid":"wx2ce0c9bdcd49a117","attach":"M2967T1455428730RN359","bank_type":"CFT","cash_fee":"1","fee_type":"CNY","is_subscribe":"N","mch_id":"1293014701","nonce_str":"w1lsx8ctoskrnfw0spuunayz9duomi8p","openid":"ooNmFxDt1ujUAwTQKPnavGAlJD80","out_trade_no":"129301470120160214134536","result_code":"SUCCESS","return_code":"SUCCESS","sign":"2AE7235269B2729BD235B67460F1BEBD","time_end":"20160214134553","total_fee":"1","trade_type":"JSAPI","transaction_id":"1008960321201602143264106199"}
[2016-02-14 13:46:01][debug] query:{"appid":"wx2ce0c9bdcd49a117","attach":"M2967T1455428730RN359","bank_type":"CFT","cash_fee":"1","fee_type":"CNY","is_subscribe":"N","mch_id":"1293014701","nonce_str":"McvU9eGVWIiBDDMM","openid":"ooNmFxDt1ujUAwTQKPnavGAlJD80","out_trade_no":"129301470120160214134536","result_code":"SUCCESS","return_code":"SUCCESS","return_msg":"OK","sign":"0CFF10D0C808AAAC18B852FB518933DE","time_end":"20160214134553","total_fee":"1","trade_state":"SUCCESS","trade_type":"JSAPI","transaction_id":"1008960321201602143264106199"}
[2016-02-14 13:46:09][debug] begin notify
[2016-02-14 13:46:09][debug] call back:{"appid":"wx2ce0c9bdcd49a117","attach":"M2967T1455428730RN359","bank_type":"CFT","cash_fee":"1","fee_type":"CNY","is_subscribe":"N","mch_id":"1293014701","nonce_str":"w1lsx8ctoskrnfw0spuunayz9duomi8p","openid":"ooNmFxDt1ujUAwTQKPnavGAlJD80","out_trade_no":"129301470120160214134536","result_code":"SUCCESS","return_code":"SUCCESS","sign":"2AE7235269B2729BD235B67460F1BEBD","time_end":"20160214134553","total_fee":"1","trade_type":"JSAPI","transaction_id":"1008960321201602143264106199"}
[2016-02-14 13:46:09][debug] query:{"appid":"wx2ce0c9bdcd49a117","attach":"M2967T1455428730RN359","bank_type":"CFT","cash_fee":"1","fee_type":"CNY","is_subscribe":"N","mch_id":"1293014701","nonce_str":"LCS0MiyK1DL4ReVI","openid":"ooNmFxDt1ujUAwTQKPnavGAlJD80","out_trade_no":"129301470120160214134536","result_code":"SUCCESS","return_code":"SUCCESS","return_msg":"OK","sign":"7307865068E140B03855B8F11329F8E3","time_end":"20160214134553","total_fee":"1","trade_state":"SUCCESS","trade_type":"JSAPI","transaction_id":"1008960321201602143264106199"}
[2016-02-14 13:47:58][debug] begin notify
[2016-02-14 13:54:45][debug] begin notify
[2016-02-14 13:54:45][debug] call back:{"appid":"wx2ce0c9bdcd49a117","attach":"M2967T1455429051RN904","bank_type":"CFT","cash_fee":"1","fee_type":"CNY","is_subscribe":"N","mch_id":"1293014701","nonce_str":"axthl33dilum6w7bxtgybzwljumw1znr","openid":"ooNmFxDt1ujUAwTQKPnavGAlJD80","out_trade_no":"129301470120160214135415","result_code":"SUCCESS","return_code":"SUCCESS","sign":"7A7F074C236F5DCCDF1CD0B05DA4F0A9","time_end":"20160214135444","total_fee":"1","trade_type":"JSAPI","transaction_id":"1008960321201602143264223231"}
[2016-02-14 13:54:46][debug] query:{"appid":"wx2ce0c9bdcd49a117","attach":"M2967T1455429051RN904","bank_type":"CFT","cash_fee":"1","fee_type":"CNY","is_subscribe":"N","mch_id":"1293014701","nonce_str":"pU64mV4zqqcnQATg","openid":"ooNmFxDt1ujUAwTQKPnavGAlJD80","out_trade_no":"129301470120160214135415","result_code":"SUCCESS","return_code":"SUCCESS","return_msg":"OK","sign":"67718AAFFC859280CE781E59C01643C0","time_end":"20160214135444","total_fee":"1","trade_state":"SUCCESS","trade_type":"JSAPI","transaction_id":"1008960321201602143264223231"}
[2016-02-14 13:56:51][debug] begin notify
[2016-02-14 13:56:51][debug] call back:{"appid":"wx2ce0c9bdcd49a117","attach":"M2967T1455429390RN687","bank_type":"CFT","cash_fee":"1","fee_type":"CNY","is_subscribe":"N","mch_id":"1293014701","nonce_str":"cti0n6npk8xm2jhjzjrb2h8jv5imu5pd","openid":"ooNmFxDt1ujUAwTQKPnavGAlJD80","out_trade_no":"129301470120160214135635","result_code":"SUCCESS","return_code":"SUCCESS","sign":"57BEBE39EF031ADE4D0962AE1F553E9C","time_end":"20160214135650","total_fee":"1","trade_type":"JSAPI","transaction_id":"1008960321201602143266035317"}
[2016-02-14 13:56:51][debug] query:{"appid":"wx2ce0c9bdcd49a117","attach":"M2967T1455429390RN687","bank_type":"CFT","cash_fee":"1","fee_type":"CNY","is_subscribe":"N","mch_id":"1293014701","nonce_str":"tUtQDpvm60ucW73x","openid":"ooNmFxDt1ujUAwTQKPnavGAlJD80","out_trade_no":"129301470120160214135635","result_code":"SUCCESS","return_code":"SUCCESS","return_msg":"OK","sign":"B3D103FF0C595F993F377BB856C19C86","time_end":"20160214135650","total_fee":"1","trade_state":"SUCCESS","trade_type":"JSAPI","transaction_id":"1008960321201602143266035317"}
[2016-02-14 13:58:36][debug] begin notify
[2016-02-14 13:58:36][debug] call back:{"appid":"wx2ce0c9bdcd49a117","attach":"M2967T1455429503RN473","bank_type":"CFT","cash_fee":"1","fee_type":"CNY","is_subscribe":"N","mch_id":"1293014701","nonce_str":"ttfp46jekh67ktocqukiajpxuhqdhtaa","openid":"ooNmFxDt1ujUAwTQKPnavGAlJD80","out_trade_no":"129301470120160214135827","result_code":"SUCCESS","return_code":"SUCCESS","sign":"7168D9773F35F14D9F02A7D1AABB3392","time_end":"20160214135835","total_fee":"1","trade_type":"JSAPI","transaction_id":"1008960321201602143266051783"}
[2016-02-14 13:58:36][debug] query:{"appid":"wx2ce0c9bdcd49a117","attach":"M2967T1455429503RN473","bank_type":"CFT","cash_fee":"1","fee_type":"CNY","is_subscribe":"N","mch_id":"1293014701","nonce_str":"FU9W2w2bO4Cjvy5U","openid":"ooNmFxDt1ujUAwTQKPnavGAlJD80","out_trade_no":"129301470120160214135827","result_code":"SUCCESS","return_code":"SUCCESS","return_msg":"OK","sign":"6575259F402C211722B1AD16F6CCEFE0","time_end":"20160214135835","total_fee":"1","trade_state":"SUCCESS","trade_type":"JSAPI","transaction_id":"1008960321201602143266051783"}
[2016-02-14 13:58:40][debug] begin notify
[2016-02-14 14:00:33][debug] begin notify
[2016-02-14 14:00:33][debug] call back:{"appid":"wx2ce0c9bdcd49a117","attach":"M2967T1455429601RN385","bank_type":"CFT","cash_fee":"1","fee_type":"CNY","is_subscribe":"N","mch_id":"1293014701","nonce_str":"ux0pxu6sepek991rcqz0irbfy6jkfsfx","openid":"ooNmFxDt1ujUAwTQKPnavGAlJD80","out_trade_no":"129301470120160214140006","result_code":"SUCCESS","return_code":"SUCCESS","sign":"2F590F8472DD1C1716908E692D3D454A","time_end":"20160214140018","total_fee":"1","trade_type":"JSAPI","transaction_id":"1008960321201602143266081275"}
[2016-02-14 14:00:34][debug] query:{"appid":"wx2ce0c9bdcd49a117","attach":"M2967T1455429601RN385","bank_type":"CFT","cash_fee":"1","fee_type":"CNY","is_subscribe":"N","mch_id":"1293014701","nonce_str":"4Jyf2ugCqY0YXO52","openid":"ooNmFxDt1ujUAwTQKPnavGAlJD80","out_trade_no":"129301470120160214140006","result_code":"SUCCESS","return_code":"SUCCESS","return_msg":"OK","sign":"7C6223A12BE3AAAF8B4C9D743C34E6A4","time_end":"20160214140018","total_fee":"1","trade_state":"SUCCESS","trade_type":"JSAPI","transaction_id":"1008960321201602143266081275"}
[2016-02-14 14:00:38][debug] begin notify
[2016-02-14 14:01:03][debug] begin notify
[2016-02-14 14:01:03][debug] call back:{"appid":"wx2ce0c9bdcd49a117","attach":"M2967T1455429601RN385","bank_type":"CFT","cash_fee":"1","fee_type":"CNY","is_subscribe":"N","mch_id":"1293014701","nonce_str":"ux0pxu6sepek991rcqz0irbfy6jkfsfx","openid":"ooNmFxDt1ujUAwTQKPnavGAlJD80","out_trade_no":"129301470120160214140006","result_code":"SUCCESS","return_code":"SUCCESS","sign":"2F590F8472DD1C1716908E692D3D454A","time_end":"20160214140018","total_fee":"1","trade_type":"JSAPI","transaction_id":"1008960321201602143266081275"}
[2016-02-14 14:01:03][debug] query:{"appid":"wx2ce0c9bdcd49a117","attach":"M2967T1455429601RN385","bank_type":"CFT","cash_fee":"1","fee_type":"CNY","is_subscribe":"N","mch_id":"1293014701","nonce_str":"BQjDohCCpmBeDA2F","openid":"ooNmFxDt1ujUAwTQKPnavGAlJD80","out_trade_no":"129301470120160214140006","result_code":"SUCCESS","return_code":"SUCCESS","return_msg":"OK","sign":"23C544ABE6AC9B0FCEA7DDEAC7865842","time_end":"20160214140018","total_fee":"1","trade_state":"SUCCESS","trade_type":"JSAPI","transaction_id":"1008960321201602143266081275"}
[2016-02-14 14:02:23][debug] begin notify
[2016-02-14 14:02:23][debug] call back:{"appid":"wx2ce0c9bdcd49a117","attach":"M2967T1455429721RN191","bank_type":"CFT","cash_fee":"1","fee_type":"CNY","is_subscribe":"N","mch_id":"1293014701","nonce_str":"x1viwz7z9rpougzf1ji3qfqq9i627o5e","openid":"ooNmFxDt1ujUAwTQKPnavGAlJD80","out_trade_no":"129301470120160214140206","result_code":"SUCCESS","return_code":"SUCCESS","sign":"86DFBAE6F194444F98A28A91A2F16A18","time_end":"20160214140223","total_fee":"1","trade_type":"JSAPI","transaction_id":"1008960321201602143266308473"}
[2016-02-14 14:02:24][debug] query:{"appid":"wx2ce0c9bdcd49a117","attach":"M2967T1455429721RN191","bank_type":"CFT","cash_fee":"1","fee_type":"CNY","is_subscribe":"N","mch_id":"1293014701","nonce_str":"Th62CU35hca5oMvK","openid":"ooNmFxDt1ujUAwTQKPnavGAlJD80","out_trade_no":"129301470120160214140206","result_code":"SUCCESS","return_code":"SUCCESS","return_msg":"OK","sign":"DEB2BFDACADFB20EF431E51298CBE640","time_end":"20160214140223","total_fee":"1","trade_state":"SUCCESS","trade_type":"JSAPI","transaction_id":"1008960321201602143266308473"}
[2016-02-14 14:03:01][debug] begin notify
[2016-02-14 14:07:38][debug] begin notify
[2016-02-14 14:08:54][debug] begin notify
[2016-02-14 14:09:54][debug] begin notify
[2016-02-14 14:14:38][debug] begin notify
[2016-02-14 14:17:07][debug] begin notify
[2016-02-14 14:17:07][debug] call back:{"appid":"wx2ce0c9bdcd49a117","attach":"M152T1455430586RN197","bank_type":"ABC_DEBIT","cash_fee":"15000","fee_type":"CNY","is_subscribe":"Y","mch_id":"1293014701","nonce_str":"13wwbmfei67p9ik7sae3rcrp4qndzstn","openid":"ooNmFxDEZYLmzn6LDVJL4R1ynvwA","out_trade_no":"129301470120160214141634","result_code":"SUCCESS","return_code":"SUCCESS","sign":"D76A59629EA66C90BB08A6C92FF81117","time_end":"20160214141707","total_fee":"15000","trade_type":"NATIVE","transaction_id":"1004480321201602143266479511"}
[2016-02-14 14:17:07][debug] query:{"appid":"wx2ce0c9bdcd49a117","attach":"M152T1455430586RN197","bank_type":"ABC_DEBIT","cash_fee":"15000","fee_type":"CNY","is_subscribe":"Y","mch_id":"1293014701","nonce_str":"JbS72D1xecW8q7sa","openid":"ooNmFxDEZYLmzn6LDVJL4R1ynvwA","out_trade_no":"129301470120160214141634","result_code":"SUCCESS","return_code":"SUCCESS","return_msg":"OK","sign":"ADA995F0EB8EDF33F3494DC936E45C15","time_end":"20160214141707","total_fee":"15000","trade_state":"SUCCESS","trade_type":"NATIVE","transaction_id":"1004480321201602143266479511"}
[2016-02-14 14:18:00][debug] begin notify
[2016-02-14 14:28:41][debug] begin notify
[2016-02-14 14:30:41][debug] begin notify
[2016-02-14 14:33:03][debug] begin notify
[2016-02-14 15:07:40][debug] begin notify
[2016-02-14 15:08:55][debug] begin notify
[2016-02-14 15:09:55][debug] begin notify
[2016-02-14 15:14:39][debug] begin notify
[2016-02-14 15:18:02][debug] begin notify
[2016-02-14 15:28:44][debug] begin notify
[2016-02-14 15:30:42][debug] begin notify
[2016-02-14 15:33:04][debug] begin notify
