[2019-01-24 11:57:39][debug] begin notify
[2019-01-24 11:59:52][debug] begin notify
[2019-01-24 12:02:48][debug] begin notify
[2019-01-24 12:10:25][debug] begin notify
[2019-01-24 12:13:51][debug] begin notify
[2019-01-24 12:13:51][debug] call back:{"appid":"wx8844d28dd6e8802a","attach":"M15T1548301170RN933","bank_type":"LQT","cash_fee":"1","fee_type":"CNY","is_subscribe":"Y","mch_id":"1513157221","nonce_str":"w03ghsp1h3s92ekx46i4p1rrao9xwzfi","openid":"ox0OI1LEKyatsibKy1sBE56t4wf4","out_trade_no":"151315722120190124113933","result_code":"SUCCESS","return_code":"SUCCESS","sign":"4C8268C3B481B9EDD7415B1CECFFB581","time_end":"20190124113941","total_fee":"1","trade_type":"MWEB","transaction_id":"4200000287201901248877121326"}
[2019-01-24 12:13:51][debug] query:{"appid":"wx8844d28dd6e8802a","attach":"M15T1548301170RN933","bank_type":"LQT","cash_fee":"1","fee_type":"CNY","is_subscribe":"Y","mch_id":"1513157221","nonce_str":"BCXQToXVJeW8x366","openid":"ox0OI1LEKyatsibKy1sBE56t4wf4","out_trade_no":"151315722120190124113933","result_code":"SUCCESS","return_code":"SUCCESS","return_msg":"OK","sign":"0B96069C425B31FC808FA3FC9388106E","time_end":"20190124113941","total_fee":"1","trade_state":"SUCCESS","trade_state_desc":"\u652f\u4ed8\u6210\u529f","trade_type":"MWEB","transaction_id":"4200000287201901248877121326"}
[2019-01-24 12:14:49][debug] begin notify
[2019-01-24 12:16:20][debug] begin notify
[2019-01-24 12:16:20][debug] call back:{"appid":"wx8844d28dd6e8802a","attach":"M16T1548303346RN730","bank_type":"LQT","cash_fee":"1","fee_type":"CNY","is_subscribe":"Y","mch_id":"1513157221","nonce_str":"cifb7ashajdlzg482let35ncqw49fxwe","openid":"ox0OI1LEKyatsibKy1sBE56t4wf4","out_trade_no":"151315722120190124121554","result_code":"SUCCESS","return_code":"SUCCESS","sign":"FBFC65031CAA678C7A731F72744EC96C","time_end":"20190124121603","total_fee":"1","trade_type":"MWEB","transaction_id":"4200000263201901248660764087"}
[2019-01-24 12:16:20][debug] query:{"appid":"wx8844d28dd6e8802a","attach":"M16T1548303346RN730","bank_type":"LQT","cash_fee":"1","fee_type":"CNY","is_subscribe":"Y","mch_id":"1513157221","nonce_str":"B9nOvyRCHEHKzkWY","openid":"ox0OI1LEKyatsibKy1sBE56t4wf4","out_trade_no":"151315722120190124121554","result_code":"SUCCESS","return_code":"SUCCESS","return_msg":"OK","sign":"96CAF599C46E80140288C23B9D5DB05F","time_end":"20190124121603","total_fee":"1","trade_state":"SUCCESS","trade_state_desc":"\u652f\u4ed8\u6210\u529f","trade_type":"MWEB","transaction_id":"4200000263201901248660764087"}
[2019-01-24 12:17:02][debug] begin notify
[2019-01-24 12:18:14][debug] begin notify
[2019-01-24 12:18:56][debug] begin notify
[2019-01-24 12:19:25][debug] begin notify
[2019-01-24 12:23:45][debug] begin notify
[2019-01-24 12:24:37][debug] begin notify
[2019-01-24 12:24:37][debug] call back:{"appid":"wx8844d28dd6e8802a","attach":"M1T1548300016RN889","bank_type":"LQT","cash_fee":"1","fee_type":"CNY","is_subscribe":"Y","mch_id":"1513157221","nonce_str":"hcyc0go3n8z22k41lcbz6ya92d4irqse","openid":"ox0OI1LEKyatsibKy1sBE56t4wf4","out_trade_no":"151315722120190124112019","result_code":"SUCCESS","return_code":"SUCCESS","sign":"C768312BEA16D58C1841521C6F1FC95D","time_end":"20190124112027","total_fee":"1","trade_type":"MWEB","transaction_id":"4200000273201901245836329811"}
[2019-01-24 12:24:37][debug] query:{"appid":"wx8844d28dd6e8802a","attach":"M1T1548300016RN889","bank_type":"LQT","cash_fee":"1","fee_type":"CNY","is_subscribe":"Y","mch_id":"1513157221","nonce_str":"zV03ImS6JOTaze0x","openid":"ox0OI1LEKyatsibKy1sBE56t4wf4","out_trade_no":"151315722120190124112019","result_code":"SUCCESS","return_code":"SUCCESS","return_msg":"OK","sign":"FC60766006C399EB7750574EEED0630D","time_end":"20190124112027","total_fee":"1","trade_state":"SUCCESS","trade_state_desc":"\u652f\u4ed8\u6210\u529f","trade_type":"MWEB","transaction_id":"4200000273201901245836329811"}
[2019-01-24 12:25:53][debug] begin notify
[2019-01-24 12:25:53][debug] call back:{"appid":"wx8844d28dd6e8802a","attach":"M1T1548300089RN504","bank_type":"LQT","cash_fee":"1","fee_type":"CNY","is_subscribe":"Y","mch_id":"1513157221","nonce_str":"fyc8xoe51onx1wdqxv0h0xkfmcdwy28q","openid":"ox0OI1LEKyatsibKy1sBE56t4wf4","out_trade_no":"151315722120190124112138","result_code":"SUCCESS","return_code":"SUCCESS","sign":"55B41D61572EDBC2E10CD84E160C708F","time_end":"20190124112145","total_fee":"1","trade_type":"MWEB","transaction_id":"4200000285201901247642918507"}
[2019-01-24 12:25:53][debug] query:{"appid":"wx8844d28dd6e8802a","attach":"M1T1548300089RN504","bank_type":"LQT","cash_fee":"1","fee_type":"CNY","is_subscribe":"Y","mch_id":"1513157221","nonce_str":"FxiAJk8X20UDm0se","openid":"ox0OI1LEKyatsibKy1sBE56t4wf4","out_trade_no":"151315722120190124112138","result_code":"SUCCESS","return_code":"SUCCESS","return_msg":"OK","sign":"051ABCEA6A0B875CACCD63C1E2EF1FEC","time_end":"20190124112145","total_fee":"1","trade_state":"SUCCESS","trade_state_desc":"\u652f\u4ed8\u6210\u529f","trade_type":"MWEB","transaction_id":"4200000285201901247642918507"}
[2019-01-24 14:48:57][debug] begin notify
[2019-01-24 14:48:57][debug] call back:{"appid":"wx8844d28dd6e8802a","attach":"M15T1548312526RN528","bank_type":"LQT","cash_fee":"1","fee_type":"CNY","is_subscribe":"Y","mch_id":"1513157221","nonce_str":"jydw70s4t39b5x4ozxlquc4wukduchio","openid":"ox0OI1LEKyatsibKy1sBE56t4wf4","out_trade_no":"151315722120190124144848","result_code":"SUCCESS","return_code":"SUCCESS","sign":"005FBD897292E78ABD78C0E4D14D4803","time_end":"20190124144855","total_fee":"1","trade_type":"MWEB","transaction_id":"4200000262201901241168845483"}
[2019-01-24 14:48:57][debug] query:{"appid":"wx8844d28dd6e8802a","attach":"M15T1548312526RN528","bank_type":"LQT","cash_fee":"1","fee_type":"CNY","is_subscribe":"Y","mch_id":"1513157221","nonce_str":"dPsiUevzAAryqnLS","openid":"ox0OI1LEKyatsibKy1sBE56t4wf4","out_trade_no":"151315722120190124144848","result_code":"SUCCESS","return_code":"SUCCESS","return_msg":"OK","sign":"C74E46EC0A0BE8C6EA6C398D13467151","time_end":"20190124144855","total_fee":"1","trade_state":"SUCCESS","trade_state_desc":"\u652f\u4ed8\u6210\u529f","trade_type":"MWEB","transaction_id":"4200000262201901241168845483"}
[2019-01-24 14:49:32][debug] begin notify
[2019-01-24 14:49:32][debug] call back:{"appid":"wx8844d28dd6e8802a","attach":"M1T1548312563RN844","bank_type":"LQT","cash_fee":"1","fee_type":"CNY","is_subscribe":"Y","mch_id":"1513157221","nonce_str":"tcr7oehf32pod06jpcy5zfb635t3xj41","openid":"ox0OI1LEKyatsibKy1sBE56t4wf4","out_trade_no":"151315722120190124144925","result_code":"SUCCESS","return_code":"SUCCESS","sign":"9C9A65C4D8E03CF1B2FA8CFB5EA43ED9","time_end":"20190124144931","total_fee":"1","trade_type":"MWEB","transaction_id":"4200000269201901244785646786"}
[2019-01-24 14:49:32][debug] query:{"appid":"wx8844d28dd6e8802a","attach":"M1T1548312563RN844","bank_type":"LQT","cash_fee":"1","fee_type":"CNY","is_subscribe":"Y","mch_id":"1513157221","nonce_str":"7vjo09VJrU8jubR0","openid":"ox0OI1LEKyatsibKy1sBE56t4wf4","out_trade_no":"151315722120190124144925","result_code":"SUCCESS","return_code":"SUCCESS","return_msg":"OK","sign":"22D82B16EA3A5CF2C4198124F4040E50","time_end":"20190124144931","total_fee":"1","trade_state":"SUCCESS","trade_state_desc":"\u652f\u4ed8\u6210\u529f","trade_type":"MWEB","transaction_id":"4200000269201901244785646786"}
[2019-01-24 15:39:12][debug] begin notify
[2019-01-24 15:39:12][debug] call back:{"appid":"wx8844d28dd6e8802a","attach":"M18T1548315538RN655","bank_type":"CFT","cash_fee":"1","fee_type":"CNY","is_subscribe":"N","mch_id":"1513157221","nonce_str":"a6iww5baz8sg0jq7rz6ufjlxsk9ad02d","openid":"ox0OI1ITWK1auUECiB_61wHicEpE","out_trade_no":"151315722120190124153903","result_code":"SUCCESS","return_code":"SUCCESS","sign":"50A691C6776453EE5ED4A9FDCE66F400","time_end":"20190124153911","total_fee":"1","trade_type":"MWEB","transaction_id":"4200000277201901246531090016"}
[2019-01-24 15:39:12][debug] query:{"appid":"wx8844d28dd6e8802a","attach":"M18T1548315538RN655","bank_type":"CFT","cash_fee":"1","fee_type":"CNY","is_subscribe":"N","mch_id":"1513157221","nonce_str":"tD7S3geVJqDwiVt9","openid":"ox0OI1ITWK1auUECiB_61wHicEpE","out_trade_no":"151315722120190124153903","result_code":"SUCCESS","return_code":"SUCCESS","return_msg":"OK","sign":"661F810865F02821E4553CC6419FDE15","time_end":"20190124153911","total_fee":"1","trade_state":"SUCCESS","trade_state_desc":"\u652f\u4ed8\u6210\u529f","trade_type":"MWEB","transaction_id":"4200000277201901246531090016"}
[2019-01-24 16:10:36][debug] begin notify
[2019-01-24 16:10:36][debug] call back:{"appid":"wx8844d28dd6e8802a","attach":"M18T1548317403RN712","bank_type":"CFT","cash_fee":"1","fee_type":"CNY","is_subscribe":"N","mch_id":"1513157221","nonce_str":"4ccvkzy9kyjmxi4j0zbf2d7kjpmbeh92","openid":"ox0OI1ITWK1auUECiB_61wHicEpE","out_trade_no":"151315722120190124161009","result_code":"SUCCESS","return_code":"SUCCESS","sign":"BD77FA006FEC69DD3BFD2E103F0217DC","time_end":"20190124161018","total_fee":"1","trade_type":"MWEB","transaction_id":"4200000267201901245933026668"}
[2019-01-24 16:10:37][debug] query:{"appid":"wx8844d28dd6e8802a","attach":"M18T1548317403RN712","bank_type":"CFT","cash_fee":"1","fee_type":"CNY","is_subscribe":"N","mch_id":"1513157221","nonce_str":"0Av0ZfmS344c1qPz","openid":"ox0OI1ITWK1auUECiB_61wHicEpE","out_trade_no":"151315722120190124161009","result_code":"SUCCESS","return_code":"SUCCESS","return_msg":"OK","sign":"BEB78C1F22BADC52739974A075BD2B40","time_end":"20190124161018","total_fee":"1","trade_state":"SUCCESS","trade_state_desc":"\u652f\u4ed8\u6210\u529f","trade_type":"MWEB","transaction_id":"4200000267201901245933026668"}
[2019-01-24 17:17:15][debug] begin notify
[2019-01-24 17:17:40][debug] begin notify
[2019-01-24 19:06:23][debug] begin notify
[2019-01-24 20:09:36][debug] begin notify
[2019-01-24 20:10:45][debug] begin notify
[2019-01-24 20:11:11][debug] begin notify
[2019-01-24 20:21:35][debug] begin notify
[2019-01-24 20:22:34][debug] begin notify
[2019-01-24 20:25:12][debug] begin notify
